{"/Users/nikitabelous/work/web-kit/packages/tools/src/bn.ts": {"path":"/Users/nikitabelous/work/web-kit/packages/tools/src/bn.ts","statementMap":{"0":{"start":{"line":2,"column":0},"end":{"line":4,"column":3}},"1":{"start":{"line":5,"column":0},"end":{"line":10,"column":3}},"2":{"start":{"line":8,"column":8},"end":{"line":8,"column":18}},"3":{"start":{"line":11,"column":19},"end":{"line":11,"column":68}},"4":{"start":{"line":12,"column":15},"end":{"line":12,"column":33}},"5":{"start":{"line":14,"column":4},"end":{"line":16,"column":5}},"6":{"start":{"line":15,"column":8},"end":{"line":15,"column":94}},"7":{"start":{"line":19,"column":4},"end":{"line":21,"column":5}},"8":{"start":{"line":20,"column":8},"end":{"line":20,"column":45}},"9":{"start":{"line":22,"column":4},"end":{"line":22,"column":28}},"10":{"start":{"line":25,"column":4},"end":{"line":32,"column":5}},"11":{"start":{"line":26,"column":8},"end":{"line":26,"column":45}},"12":{"start":{"line":28,"column":8},"end":{"line":30,"column":9}},"13":{"start":{"line":29,"column":12},"end":{"line":29,"column":76}},"14":{"start":{"line":31,"column":8},"end":{"line":31,"column":33}},"15":{"start":{"line":35,"column":4},"end":{"line":37,"column":5}},"16":{"start":{"line":36,"column":8},"end":{"line":36,"column":89}},"17":{"start":{"line":38,"column":4},"end":{"line":38,"column":36}},"18":{"start":{"line":41,"column":21},"end":{"line":41,"column":81}},"19":{"start":{"line":42,"column":4},"end":{"line":42,"column":61}},"20":{"start":{"line":45,"column":4},"end":{"line":45,"column":50}},"21":{"start":{"line":46,"column":4},"end":{"line":46,"column":31}},"22":{"start":{"line":49,"column":21},"end":{"line":49,"column":81}},"23":{"start":{"line":50,"column":4},"end":{"line":50,"column":61}},"24":{"start":{"line":51,"column":4},"end":{"line":51,"column":17}},"25":{"start":{"line":54,"column":4},"end":{"line":63,"column":5}},"26":{"start":{"line":55,"column":8},"end":{"line":60,"column":11}},"27":{"start":{"line":62,"column":8},"end":{"line":62,"column":25}},"28":{"start":{"line":64,"column":4},"end":{"line":64,"column":15}},"29":{"start":{"line":67,"column":4},"end":{"line":69,"column":6}},"30":{"start":{"line":72,"column":4},"end":{"line":83,"column":5}},"31":{"start":{"line":72,"column":16},"end":{"line":72,"column":17}},"32":{"start":{"line":73,"column":21},"end":{"line":73,"column":61}},"33":{"start":{"line":74,"column":22},"end":{"line":74,"column":41}},"34":{"start":{"line":75,"column":8},"end":{"line":79,"column":9}},"35":{"start":{"line":76,"column":12},"end":{"line":78,"column":16}},"36":{"start":{"line":77,"column":16},"end":{"line":77,"column":79}},"37":{"start":{"line":80,"column":8},"end":{"line":82,"column":11}},"38":{"start":{"line":81,"column":12},"end":{"line":81,"column":55}},"39":{"start":{"line":84,"column":4},"end":{"line":84,"column":18}},"40":{"start":{"line":87,"column":15},"end":{"line":87,"column":34}},"41":{"start":{"line":88,"column":4},"end":{"line":96,"column":5}},"42":{"start":{"line":89,"column":22},"end":{"line":89,"column":58}},"43":{"start":{"line":90,"column":8},"end":{"line":94,"column":9}},"44":{"start":{"line":91,"column":12},"end":{"line":93,"column":15}},"45":{"start":{"line":92,"column":16},"end":{"line":92,"column":79}},"46":{"start":{"line":95,"column":8},"end":{"line":95,"column":39}},"47":{"start":{"line":97,"column":4},"end":{"line":97,"column":16}},"48":{"start":{"line":100,"column":4},"end":{"line":100,"column":42}},"49":{"start":{"line":101,"column":4},"end":{"line":107,"column":5}},"50":{"start":{"line":102,"column":8},"end":{"line":102,"column":82}},"51":{"start":{"line":104,"column":8},"end":{"line":106,"column":11}},"52":{"start":{"line":105,"column":12},"end":{"line":105,"column":93}},"53":{"start":{"line":108,"column":4},"end":{"line":108,"column":18}},"54":{"start":{"line":111,"column":4},"end":{"line":111,"column":34}},"55":{"start":{"line":111,"column":24},"end":{"line":111,"column":34}},"56":{"start":{"line":112,"column":17},"end":{"line":112,"column":67}},"57":{"start":{"line":114,"column":4},"end":{"line":122,"column":5}},"58":{"start":{"line":115,"column":31},"end":{"line":115,"column":67}},"59":{"start":{"line":116,"column":8},"end":{"line":121,"column":9}},"60":{"start":{"line":117,"column":12},"end":{"line":117,"column":38}},"61":{"start":{"line":118,"column":12},"end":{"line":118,"column":53}},"62":{"start":{"line":118,"column":44},"end":{"line":118,"column":53}},"63":{"start":{"line":119,"column":12},"end":{"line":119,"column":83}},"64":{"start":{"line":119,"column":74},"end":{"line":119,"column":83}},"65":{"start":{"line":120,"column":12},"end":{"line":120,"column":38}},"66":{"start":{"line":123,"column":4},"end":{"line":123,"column":18}},"67":{"start":{"line":126,"column":4},"end":{"line":126,"column":34}},"68":{"start":{"line":126,"column":24},"end":{"line":126,"column":34}},"69":{"start":{"line":127,"column":17},"end":{"line":127,"column":19}},"70":{"start":{"line":128,"column":21},"end":{"line":128,"column":40}},"71":{"start":{"line":130,"column":4},"end":{"line":134,"column":5}},"72":{"start":{"line":131,"column":8},"end":{"line":131,"column":28}},"73":{"start":{"line":132,"column":8},"end":{"line":132,"column":49}},"74":{"start":{"line":132,"column":40},"end":{"line":132,"column":49}},"75":{"start":{"line":133,"column":8},"end":{"line":133,"column":34}},"76":{"start":{"line":135,"column":4},"end":{"line":135,"column":18}},"77":{"start":{"line":138,"column":4},"end":{"line":138,"column":67}},"78":{"start":{"line":139,"column":4},"end":{"line":139,"column":18}},"79":{"start":{"line":142,"column":4},"end":{"line":144,"column":5}},"80":{"start":{"line":143,"column":8},"end":{"line":143,"column":73}},"81":{"start":{"line":146,"column":0},"end":{"line":155,"column":3}},"82":{"start":{"line":156,"column":10},"end":{"line":156,"column":23}},"83":{"start":{"line":156,"column":32},"end":{"line":156,"column":45}},"84":{"start":{"line":157,"column":9},"end":{"line":339,"column":1}},"85":{"start":{"line":165,"column":8},"end":{"line":167,"column":12}},"86":{"start":{"line":176,"column":8},"end":{"line":178,"column":33}},"87":{"start":{"line":181,"column":8},"end":{"line":181,"column":33}},"88":{"start":{"line":184,"column":8},"end":{"line":186,"column":11}},"89":{"start":{"line":184,"column":141},"end":{"line":184,"column":174}},"90":{"start":{"line":189,"column":8},"end":{"line":191,"column":11}},"91":{"start":{"line":189,"column":141},"end":{"line":189,"column":174}},"92":{"start":{"line":194,"column":8},"end":{"line":194,"column":52}},"93":{"start":{"line":197,"column":8},"end":{"line":197,"column":61}},"94":{"start":{"line":200,"column":8},"end":{"line":200,"column":51}},"95":{"start":{"line":203,"column":8},"end":{"line":203,"column":60}},"96":{"start":{"line":206,"column":8},"end":{"line":210,"column":11}},"97":{"start":{"line":213,"column":8},"end":{"line":213,"column":103}},"98":{"start":{"line":216,"column":33},"end":{"line":216,"column":124}},"99":{"start":{"line":217,"column":29},"end":{"line":217,"column":111}},"100":{"start":{"line":218,"column":8},"end":{"line":221,"column":12}},"101":{"start":{"line":224,"column":8},"end":{"line":226,"column":9}},"102":{"start":{"line":225,"column":12},"end":{"line":225,"column":72}},"103":{"start":{"line":227,"column":33},"end":{"line":227,"column":124}},"104":{"start":{"line":228,"column":29},"end":{"line":228,"column":111}},"105":{"start":{"line":229,"column":8},"end":{"line":232,"column":12}},"106":{"start":{"line":235,"column":29},"end":{"line":235,"column":111}},"107":{"start":{"line":236,"column":8},"end":{"line":238,"column":12}},"108":{"start":{"line":241,"column":29},"end":{"line":241,"column":111}},"109":{"start":{"line":242,"column":8},"end":{"line":244,"column":12}},"110":{"start":{"line":247,"column":19},"end":{"line":247,"column":69}},"111":{"start":{"line":248,"column":19},"end":{"line":248,"column":161}},"112":{"start":{"line":249,"column":8},"end":{"line":249,"column":126}},"113":{"start":{"line":252,"column":8},"end":{"line":257,"column":9}},"114":{"start":{"line":253,"column":12},"end":{"line":256,"column":18}},"115":{"start":{"line":258,"column":19},"end":{"line":258,"column":69}},"116":{"start":{"line":259,"column":19},"end":{"line":259,"column":137}},"117":{"start":{"line":260,"column":8},"end":{"line":260,"column":121}},"118":{"start":{"line":263,"column":8},"end":{"line":263,"column":75}},"119":{"start":{"line":266,"column":8},"end":{"line":266,"column":84}},"120":{"start":{"line":269,"column":8},"end":{"line":269,"column":72}},"121":{"start":{"line":272,"column":8},"end":{"line":272,"column":81}},"122":{"start":{"line":275,"column":8},"end":{"line":275,"column":71}},"123":{"start":{"line":278,"column":8},"end":{"line":278,"column":80}},"124":{"start":{"line":281,"column":8},"end":{"line":294,"column":9}},"125":{"start":{"line":282,"column":25},"end":{"line":282,"column":37}},"126":{"start":{"line":282,"column":176},"end":{"line":282,"column":180}},"127":{"start":{"line":282,"column":188},"end":{"line":286,"column":14}},"128":{"start":{"line":288,"column":12},"end":{"line":290,"column":16}},"129":{"start":{"line":293,"column":12},"end":{"line":293,"column":260}},"130":{"start":{"line":297,"column":19},"end":{"line":297,"column":115}},"131":{"start":{"line":298,"column":8},"end":{"line":298,"column":114}},"132":{"start":{"line":301,"column":19},"end":{"line":301,"column":120}},"133":{"start":{"line":302,"column":8},"end":{"line":302,"column":114}},"134":{"start":{"line":308,"column":8},"end":{"line":312,"column":11}},"135":{"start":{"line":316,"column":8},"end":{"line":319,"column":11}},"136":{"start":{"line":320,"column":8},"end":{"line":323,"column":11}},"137":{"start":{"line":324,"column":8},"end":{"line":329,"column":9}},"138":{"start":{"line":325,"column":12},"end":{"line":328,"column":18}},"139":{"start":{"line":331,"column":25},"end":{"line":335,"column":9}},"140":{"start":{"line":336,"column":8},"end":{"line":336,"column":124}},"141":{"start":{"line":337,"column":8},"end":{"line":337,"column":55}},"142":{"start":{"line":340,"column":0},"end":{"line":340,"column":53}},"143":{"start":{"line":341,"column":0},"end":{"line":341,"column":58}},"144":{"start":{"line":342,"column":0},"end":{"line":342,"column":136}},"145":{"start":{"line":344,"column":4},"end":{"line":344,"column":85}},"146":{"start":{"line":344,"column":27},"end":{"line":344,"column":83}},"147":{"start":{"line":344,"column":70},"end":{"line":344,"column":81}},"148":{"start":{"line":347,"column":29},"end":{"line":347,"column":116}},"149":{"start":{"line":348,"column":4},"end":{"line":348,"column":176}},"150":{"start":{"line":348,"column":26},"end":{"line":348,"column":174}},"151":{"start":{"line":351,"column":4},"end":{"line":351,"column":123}},"152":{"start":{"line":354,"column":4},"end":{"line":354,"column":124}},"153":{"start":{"line":357,"column":15},"end":{"line":357,"column":33}},"154":{"start":{"line":358,"column":4},"end":{"line":365,"column":5}},"155":{"start":{"line":359,"column":8},"end":{"line":359,"column":28}},"156":{"start":{"line":360,"column":8},"end":{"line":364,"column":17}},"157":{"start":{"line":366,"column":4},"end":{"line":366,"column":60}},"158":{"start":{"line":366,"column":47},"end":{"line":366,"column":60}},"159":{"start":{"line":367,"column":4},"end":{"line":367,"column":68}},"160":{"start":{"line":367,"column":24},"end":{"line":367,"column":68}},"161":{"start":{"line":368,"column":4},"end":{"line":372,"column":5}},"162":{"start":{"line":369,"column":8},"end":{"line":369,"column":31}},"163":{"start":{"line":371,"column":8},"end":{"line":371,"column":74}}},"fnMap":{"0":{"name":"(anonymous_0)","decl":{"start":{"line":7,"column":9},"end":{"line":7,"column":10}},"loc":{"start":{"line":7,"column":20},"end":{"line":9,"column":5}},"line":7},"1":{"name":"_check_private_redeclaration","decl":{"start":{"line":13,"column":9},"end":{"line":13,"column":37}},"loc":{"start":{"line":13,"column":62},"end":{"line":17,"column":1}},"line":13},"2":{"name":"_class_apply_descriptor_get","decl":{"start":{"line":18,"column":9},"end":{"line":18,"column":36}},"loc":{"start":{"line":18,"column":59},"end":{"line":23,"column":1}},"line":18},"3":{"name":"_class_apply_descriptor_set","decl":{"start":{"line":24,"column":9},"end":{"line":24,"column":36}},"loc":{"start":{"line":24,"column":66},"end":{"line":33,"column":1}},"line":24},"4":{"name":"_class_extract_field_descriptor","decl":{"start":{"line":34,"column":9},"end":{"line":34,"column":40}},"loc":{"start":{"line":34,"column":71},"end":{"line":39,"column":1}},"line":34},"5":{"name":"_class_private_field_get","decl":{"start":{"line":40,"column":9},"end":{"line":40,"column":33}},"loc":{"start":{"line":40,"column":56},"end":{"line":43,"column":1}},"line":40},"6":{"name":"_class_private_field_init","decl":{"start":{"line":44,"column":9},"end":{"line":44,"column":34}},"loc":{"start":{"line":44,"column":59},"end":{"line":47,"column":1}},"line":44},"7":{"name":"_class_private_field_set","decl":{"start":{"line":48,"column":9},"end":{"line":48,"column":33}},"loc":{"start":{"line":48,"column":63},"end":{"line":52,"column":1}},"line":48},"8":{"name":"_define_property","decl":{"start":{"line":53,"column":9},"end":{"line":53,"column":25}},"loc":{"start":{"line":53,"column":43},"end":{"line":65,"column":1}},"line":53},"9":{"name":"_interop_require_default","decl":{"start":{"line":66,"column":9},"end":{"line":66,"column":33}},"loc":{"start":{"line":66,"column":39},"end":{"line":70,"column":1}},"line":66},"10":{"name":"_object_spread","decl":{"start":{"line":71,"column":9},"end":{"line":71,"column":23}},"loc":{"start":{"line":71,"column":32},"end":{"line":85,"column":1}},"line":71},"11":{"name":"(anonymous_11)","decl":{"start":{"line":76,"column":81},"end":{"line":76,"column":82}},"loc":{"start":{"line":76,"column":95},"end":{"line":78,"column":13}},"line":76},"12":{"name":"(anonymous_12)","decl":{"start":{"line":80,"column":24},"end":{"line":80,"column":25}},"loc":{"start":{"line":80,"column":38},"end":{"line":82,"column":9}},"line":80},"13":{"name":"ownKeys","decl":{"start":{"line":86,"column":9},"end":{"line":86,"column":16}},"loc":{"start":{"line":86,"column":41},"end":{"line":98,"column":1}},"line":86},"14":{"name":"(anonymous_14)","decl":{"start":{"line":91,"column":37},"end":{"line":91,"column":38}},"loc":{"start":{"line":91,"column":51},"end":{"line":93,"column":13}},"line":91},"15":{"name":"_object_spread_props","decl":{"start":{"line":99,"column":9},"end":{"line":99,"column":29}},"loc":{"start":{"line":99,"column":46},"end":{"line":109,"column":1}},"line":99},"16":{"name":"(anonymous_16)","decl":{"start":{"line":104,"column":40},"end":{"line":104,"column":41}},"loc":{"start":{"line":104,"column":54},"end":{"line":106,"column":9}},"line":104},"17":{"name":"_object_without_properties","decl":{"start":{"line":110,"column":9},"end":{"line":110,"column":35}},"loc":{"start":{"line":110,"column":54},"end":{"line":124,"column":1}},"line":110},"18":{"name":"_object_without_properties_loose","decl":{"start":{"line":125,"column":9},"end":{"line":125,"column":41}},"loc":{"start":{"line":125,"column":60},"end":{"line":136,"column":1}},"line":125},"19":{"name":"_class_static_private_method_get","decl":{"start":{"line":137,"column":9},"end":{"line":137,"column":41}},"loc":{"start":{"line":137,"column":78},"end":{"line":140,"column":1}},"line":137},"20":{"name":"_class_check_private_static_access","decl":{"start":{"line":141,"column":9},"end":{"line":141,"column":43}},"loc":{"start":{"line":141,"column":72},"end":{"line":145,"column":1}},"line":141},"21":{"name":"(anonymous_21)","decl":{"start":{"line":164,"column":6},"end":{"line":164,"column":7}},"loc":{"start":{"line":164,"column":53},"end":{"line":168,"column":5}},"line":164},"22":{"name":"(anonymous_22)","decl":{"start":{"line":175,"column":6},"end":{"line":175,"column":7}},"loc":{"start":{"line":175,"column":50},"end":{"line":179,"column":5}},"line":175},"23":{"name":"(anonymous_23)","decl":{"start":{"line":180,"column":4},"end":{"line":180,"column":5}},"loc":{"start":{"line":180,"column":21},"end":{"line":182,"column":5}},"line":180},"24":{"name":"(anonymous_24)","decl":{"start":{"line":183,"column":4},"end":{"line":183,"column":5}},"loc":{"start":{"line":183,"column":24},"end":{"line":187,"column":5}},"line":183},"25":{"name":"(anonymous_25)","decl":{"start":{"line":184,"column":135},"end":{"line":184,"column":136}},"loc":{"start":{"line":184,"column":141},"end":{"line":184,"column":174}},"line":184},"26":{"name":"(anonymous_26)","decl":{"start":{"line":188,"column":4},"end":{"line":188,"column":5}},"loc":{"start":{"line":188,"column":24},"end":{"line":192,"column":5}},"line":188},"27":{"name":"(anonymous_27)","decl":{"start":{"line":189,"column":135},"end":{"line":189,"column":136}},"loc":{"start":{"line":189,"column":141},"end":{"line":189,"column":174}},"line":189},"28":{"name":"(anonymous_28)","decl":{"start":{"line":193,"column":4},"end":{"line":193,"column":5}},"loc":{"start":{"line":193,"column":14},"end":{"line":195,"column":5}},"line":193},"29":{"name":"(anonymous_29)","decl":{"start":{"line":196,"column":4},"end":{"line":196,"column":5}},"loc":{"start":{"line":196,"column":19},"end":{"line":198,"column":5}},"line":196},"30":{"name":"(anonymous_30)","decl":{"start":{"line":199,"column":4},"end":{"line":199,"column":5}},"loc":{"start":{"line":199,"column":13},"end":{"line":201,"column":5}},"line":199},"31":{"name":"(anonymous_31)","decl":{"start":{"line":202,"column":4},"end":{"line":202,"column":5}},"loc":{"start":{"line":202,"column":17},"end":{"line":204,"column":5}},"line":202},"32":{"name":"(anonymous_32)","decl":{"start":{"line":205,"column":4},"end":{"line":205,"column":5}},"loc":{"start":{"line":205,"column":16},"end":{"line":211,"column":5}},"line":205},"33":{"name":"(anonymous_33)","decl":{"start":{"line":212,"column":4},"end":{"line":212,"column":5}},"loc":{"start":{"line":212,"column":15},"end":{"line":214,"column":5}},"line":212},"34":{"name":"(anonymous_34)","decl":{"start":{"line":215,"column":4},"end":{"line":215,"column":5}},"loc":{"start":{"line":215,"column":15},"end":{"line":222,"column":5}},"line":215},"35":{"name":"(anonymous_35)","decl":{"start":{"line":223,"column":4},"end":{"line":223,"column":5}},"loc":{"start":{"line":223,"column":15},"end":{"line":233,"column":5}},"line":223},"36":{"name":"(anonymous_36)","decl":{"start":{"line":234,"column":4},"end":{"line":234,"column":5}},"loc":{"start":{"line":234,"column":15},"end":{"line":239,"column":5}},"line":234},"37":{"name":"(anonymous_37)","decl":{"start":{"line":240,"column":4},"end":{"line":240,"column":5}},"loc":{"start":{"line":240,"column":15},"end":{"line":245,"column":5}},"line":240},"38":{"name":"(anonymous_38)","decl":{"start":{"line":246,"column":4},"end":{"line":246,"column":5}},"loc":{"start":{"line":246,"column":15},"end":{"line":250,"column":5}},"line":246},"39":{"name":"(anonymous_39)","decl":{"start":{"line":251,"column":4},"end":{"line":251,"column":5}},"loc":{"start":{"line":251,"column":11},"end":{"line":261,"column":5}},"line":251},"40":{"name":"(anonymous_40)","decl":{"start":{"line":262,"column":4},"end":{"line":262,"column":5}},"loc":{"start":{"line":262,"column":25},"end":{"line":264,"column":5}},"line":262},"41":{"name":"(anonymous_41)","decl":{"start":{"line":265,"column":4},"end":{"line":265,"column":5}},"loc":{"start":{"line":265,"column":34},"end":{"line":267,"column":5}},"line":265},"42":{"name":"(anonymous_42)","decl":{"start":{"line":268,"column":4},"end":{"line":268,"column":5}},"loc":{"start":{"line":268,"column":22},"end":{"line":270,"column":5}},"line":268},"43":{"name":"(anonymous_43)","decl":{"start":{"line":271,"column":4},"end":{"line":271,"column":5}},"loc":{"start":{"line":271,"column":31},"end":{"line":273,"column":5}},"line":271},"44":{"name":"(anonymous_44)","decl":{"start":{"line":274,"column":4},"end":{"line":274,"column":5}},"loc":{"start":{"line":274,"column":21},"end":{"line":276,"column":5}},"line":274},"45":{"name":"(anonymous_45)","decl":{"start":{"line":277,"column":4},"end":{"line":277,"column":5}},"loc":{"start":{"line":277,"column":27},"end":{"line":279,"column":5}},"line":277},"46":{"name":"(anonymous_46)","decl":{"start":{"line":280,"column":4},"end":{"line":280,"column":5}},"loc":{"start":{"line":280,"column":19},"end":{"line":295,"column":5}},"line":280},"47":{"name":"(anonymous_47)","decl":{"start":{"line":296,"column":4},"end":{"line":296,"column":5}},"loc":{"start":{"line":296,"column":25},"end":{"line":299,"column":5}},"line":296},"48":{"name":"(anonymous_48)","decl":{"start":{"line":300,"column":4},"end":{"line":300,"column":5}},"loc":{"start":{"line":300,"column":27},"end":{"line":303,"column":5}},"line":300},"49":{"name":"(anonymous_49)","decl":{"start":{"line":306,"column":6},"end":{"line":306,"column":7}},"loc":{"start":{"line":306,"column":17},"end":{"line":313,"column":5}},"line":306},"50":{"name":"(anonymous_50)","decl":{"start":{"line":315,"column":4},"end":{"line":315,"column":5}},"loc":{"start":{"line":315,"column":29},"end":{"line":338,"column":5}},"line":315},"51":{"name":"getGreatestDecimal","decl":{"start":{"line":343,"column":9},"end":{"line":343,"column":27}},"loc":{"start":{"line":343,"column":37},"end":{"line":345,"column":1}},"line":343},"52":{"name":"(anonymous_52)","decl":{"start":{"line":344,"column":21},"end":{"line":344,"column":22}},"loc":{"start":{"line":344,"column":27},"end":{"line":344,"column":83}},"line":344},"53":{"name":"(anonymous_53)","decl":{"start":{"line":344,"column":64},"end":{"line":344,"column":65}},"loc":{"start":{"line":344,"column":70},"end":{"line":344,"column":81}},"line":344},"54":{"name":"toGreatestDecimals","decl":{"start":{"line":346,"column":9},"end":{"line":346,"column":27}},"loc":{"start":{"line":346,"column":37},"end":{"line":349,"column":1}},"line":346},"55":{"name":"(anonymous_55)","decl":{"start":{"line":348,"column":20},"end":{"line":348,"column":21}},"loc":{"start":{"line":348,"column":26},"end":{"line":348,"column":174}},"line":348},"56":{"name":"makeTenPower","decl":{"start":{"line":350,"column":9},"end":{"line":350,"column":21}},"loc":{"start":{"line":350,"column":32},"end":{"line":352,"column":1}},"line":350},"57":{"name":"makeOneTenthPower","decl":{"start":{"line":353,"column":9},"end":{"line":353,"column":26}},"loc":{"start":{"line":353,"column":37},"end":{"line":355,"column":1}},"line":353},"58":{"name":"instance","decl":{"start":{"line":356,"column":9},"end":{"line":356,"column":17}},"loc":{"start":{"line":356,"column":33},"end":{"line":373,"column":1}},"line":356}},"branchMap":{"0":{"loc":{"start":{"line":14,"column":4},"end":{"line":16,"column":5}},"type":"if","locations":[{"start":{"line":14,"column":4},"end":{"line":16,"column":5}},{"start":{},"end":{}}],"line":14},"1":{"loc":{"start":{"line":19,"column":4},"end":{"line":21,"column":5}},"type":"if","locations":[{"start":{"line":19,"column":4},"end":{"line":21,"column":5}},{"start":{},"end":{}}],"line":19},"2":{"loc":{"start":{"line":25,"column":4},"end":{"line":32,"column":5}},"type":"if","locations":[{"start":{"line":25,"column":4},"end":{"line":32,"column":5}},{"start":{"line":27,"column":11},"end":{"line":32,"column":5}}],"line":25},"3":{"loc":{"start":{"line":28,"column":8},"end":{"line":30,"column":9}},"type":"if","locations":[{"start":{"line":28,"column":8},"end":{"line":30,"column":9}},{"start":{},"end":{}}],"line":28},"4":{"loc":{"start":{"line":35,"column":4},"end":{"line":37,"column":5}},"type":"if","locations":[{"start":{"line":35,"column":4},"end":{"line":37,"column":5}},{"start":{},"end":{}}],"line":35},"5":{"loc":{"start":{"line":54,"column":4},"end":{"line":63,"column":5}},"type":"if","locations":[{"start":{"line":54,"column":4},"end":{"line":63,"column":5}},{"start":{"line":61,"column":11},"end":{"line":63,"column":5}}],"line":54},"6":{"loc":{"start":{"line":67,"column":11},"end":{"line":69,"column":5}},"type":"cond-expr","locations":[{"start":{"line":67,"column":35},"end":{"line":67,"column":38}},{"start":{"line":67,"column":41},"end":{"line":69,"column":5}}],"line":67},"7":{"loc":{"start":{"line":67,"column":11},"end":{"line":67,"column":32}},"type":"binary-expr","locations":[{"start":{"line":67,"column":11},"end":{"line":67,"column":14}},{"start":{"line":67,"column":18},"end":{"line":67,"column":32}}],"line":67},"8":{"loc":{"start":{"line":73,"column":21},"end":{"line":73,"column":61}},"type":"cond-expr","locations":[{"start":{"line":73,"column":44},"end":{"line":73,"column":56}},{"start":{"line":73,"column":59},"end":{"line":73,"column":61}}],"line":73},"9":{"loc":{"start":{"line":75,"column":8},"end":{"line":79,"column":9}},"type":"if","locations":[{"start":{"line":75,"column":8},"end":{"line":79,"column":9}},{"start":{},"end":{}}],"line":75},"10":{"loc":{"start":{"line":88,"column":4},"end":{"line":96,"column":5}},"type":"if","locations":[{"start":{"line":88,"column":4},"end":{"line":96,"column":5}},{"start":{},"end":{}}],"line":88},"11":{"loc":{"start":{"line":90,"column":8},"end":{"line":94,"column":9}},"type":"if","locations":[{"start":{"line":90,"column":8},"end":{"line":94,"column":9}},{"start":{},"end":{}}],"line":90},"12":{"loc":{"start":{"line":100,"column":13},"end":{"line":100,"column":41}},"type":"cond-expr","locations":[{"start":{"line":100,"column":30},"end":{"line":100,"column":36}},{"start":{"line":100,"column":39},"end":{"line":100,"column":41}}],"line":100},"13":{"loc":{"start":{"line":101,"column":4},"end":{"line":107,"column":5}},"type":"if","locations":[{"start":{"line":101,"column":4},"end":{"line":107,"column":5}},{"start":{"line":103,"column":11},"end":{"line":107,"column":5}}],"line":101},"14":{"loc":{"start":{"line":111,"column":4},"end":{"line":111,"column":34}},"type":"if","locations":[{"start":{"line":111,"column":4},"end":{"line":111,"column":34}},{"start":{},"end":{}}],"line":111},"15":{"loc":{"start":{"line":114,"column":4},"end":{"line":122,"column":5}},"type":"if","locations":[{"start":{"line":114,"column":4},"end":{"line":122,"column":5}},{"start":{},"end":{}}],"line":114},"16":{"loc":{"start":{"line":118,"column":12},"end":{"line":118,"column":53}},"type":"if","locations":[{"start":{"line":118,"column":12},"end":{"line":118,"column":53}},{"start":{},"end":{}}],"line":118},"17":{"loc":{"start":{"line":119,"column":12},"end":{"line":119,"column":83}},"type":"if","locations":[{"start":{"line":119,"column":12},"end":{"line":119,"column":83}},{"start":{},"end":{}}],"line":119},"18":{"loc":{"start":{"line":126,"column":4},"end":{"line":126,"column":34}},"type":"if","locations":[{"start":{"line":126,"column":4},"end":{"line":126,"column":34}},{"start":{},"end":{}}],"line":126},"19":{"loc":{"start":{"line":132,"column":8},"end":{"line":132,"column":49}},"type":"if","locations":[{"start":{"line":132,"column":8},"end":{"line":132,"column":49}},{"start":{},"end":{}}],"line":132},"20":{"loc":{"start":{"line":142,"column":4},"end":{"line":144,"column":5}},"type":"if","locations":[{"start":{"line":142,"column":4},"end":{"line":144,"column":5}},{"start":{},"end":{}}],"line":142},"21":{"loc":{"start":{"line":164,"column":43},"end":{"line":164,"column":51}},"type":"default-arg","locations":[{"start":{"line":164,"column":49},"end":{"line":164,"column":51}}],"line":164},"22":{"loc":{"start":{"line":175,"column":40},"end":{"line":175,"column":48}},"type":"default-arg","locations":[{"start":{"line":175,"column":46},"end":{"line":175,"column":48}}],"line":175},"23":{"loc":{"start":{"line":213,"column":91},"end":{"line":213,"column":100}},"type":"binary-expr","locations":[{"start":{"line":213,"column":91},"end":{"line":213,"column":94}},{"start":{"line":213,"column":98},"end":{"line":213,"column":100}}],"line":213},"24":{"loc":{"start":{"line":224,"column":8},"end":{"line":226,"column":9}},"type":"if","locations":[{"start":{"line":224,"column":8},"end":{"line":226,"column":9}},{"start":{},"end":{}}],"line":224},"25":{"loc":{"start":{"line":252,"column":8},"end":{"line":257,"column":9}},"type":"if","locations":[{"start":{"line":252,"column":8},"end":{"line":257,"column":9}},{"start":{},"end":{}}],"line":252},"26":{"loc":{"start":{"line":252,"column":12},"end":{"line":252,"column":120}},"type":"binary-expr","locations":[{"start":{"line":252,"column":12},"end":{"line":252,"column":61}},{"start":{"line":252,"column":65},"end":{"line":252,"column":120}}],"line":252},"27":{"loc":{"start":{"line":282,"column":25},"end":{"line":282,"column":37}},"type":"binary-expr","locations":[{"start":{"line":282,"column":25},"end":{"line":282,"column":31}},{"start":{"line":282,"column":35},"end":{"line":282,"column":37}}],"line":282},"28":{"loc":{"start":{"line":282,"column":41},"end":{"line":282,"column":95}},"type":"default-arg","locations":[{"start":{"line":282,"column":51},"end":{"line":282,"column":95}}],"line":282},"29":{"loc":{"start":{"line":282,"column":98},"end":{"line":282,"column":151}},"type":"default-arg","locations":[{"start":{"line":282,"column":108},"end":{"line":282,"column":151}}],"line":282},"30":{"loc":{"start":{"line":289,"column":32},"end":{"line":289,"column":210}},"type":"cond-expr","locations":[{"start":{"line":289,"column":51},"end":{"line":289,"column":53}},{"start":{"line":289,"column":56},"end":{"line":289,"column":210}}],"line":289},"31":{"loc":{"start":{"line":289,"column":56},"end":{"line":289,"column":210}},"type":"cond-expr","locations":[{"start":{"line":289,"column":186},"end":{"line":289,"column":205}},{"start":{"line":289,"column":208},"end":{"line":289,"column":210}}],"line":289},"32":{"loc":{"start":{"line":289,"column":56},"end":{"line":289,"column":183}},"type":"binary-expr","locations":[{"start":{"line":289,"column":56},"end":{"line":289,"column":149}},{"start":{"line":289,"column":153},"end":{"line":289,"column":183}}],"line":289},"33":{"loc":{"start":{"line":289,"column":79},"end":{"line":289,"column":139}},"type":"cond-expr","locations":[{"start":{"line":289,"column":112},"end":{"line":289,"column":118}},{"start":{"line":289,"column":121},"end":{"line":289,"column":139}}],"line":289},"34":{"loc":{"start":{"line":289,"column":79},"end":{"line":289,"column":109}},"type":"binary-expr","locations":[{"start":{"line":289,"column":79},"end":{"line":289,"column":91}},{"start":{"line":289,"column":95},"end":{"line":289,"column":109}}],"line":289},"35":{"loc":{"start":{"line":293,"column":113},"end":{"line":293,"column":256}},"type":"cond-expr","locations":[{"start":{"line":293,"column":138},"end":{"line":293,"column":251}},{"start":{"line":293,"column":254},"end":{"line":293,"column":256}}],"line":293},"36":{"loc":{"start":{"line":293,"column":143},"end":{"line":293,"column":249}},"type":"cond-expr","locations":[{"start":{"line":293,"column":216},"end":{"line":293,"column":230}},{"start":{"line":293,"column":233},"end":{"line":293,"column":249}}],"line":293},"37":{"loc":{"start":{"line":293,"column":143},"end":{"line":293,"column":213}},"type":"binary-expr","locations":[{"start":{"line":293,"column":143},"end":{"line":293,"column":184}},{"start":{"line":293,"column":188},"end":{"line":293,"column":213}}],"line":293},"38":{"loc":{"start":{"line":297,"column":83},"end":{"line":297,"column":114}},"type":"binary-expr","locations":[{"start":{"line":297,"column":83},"end":{"line":297,"column":91}},{"start":{"line":297,"column":95},"end":{"line":297,"column":114}}],"line":297},"39":{"loc":{"start":{"line":301,"column":88},"end":{"line":301,"column":119}},"type":"binary-expr","locations":[{"start":{"line":301,"column":88},"end":{"line":301,"column":96}},{"start":{"line":301,"column":100},"end":{"line":301,"column":119}}],"line":301},"40":{"loc":{"start":{"line":324,"column":8},"end":{"line":329,"column":9}},"type":"if","locations":[{"start":{"line":324,"column":8},"end":{"line":329,"column":9}},{"start":{},"end":{}}],"line":324},"41":{"loc":{"start":{"line":324,"column":12},"end":{"line":324,"column":45}},"type":"binary-expr","locations":[{"start":{"line":324,"column":12},"end":{"line":324,"column":25}},{"start":{"line":324,"column":29},"end":{"line":324,"column":45}}],"line":324},"42":{"loc":{"start":{"line":333,"column":22},"end":{"line":333,"column":64}},"type":"binary-expr","locations":[{"start":{"line":333,"column":22},"end":{"line":333,"column":34}},{"start":{"line":333,"column":38},"end":{"line":333,"column":64}}],"line":333},"43":{"loc":{"start":{"line":334,"column":30},"end":{"line":334,"column":152}},"type":"cond-expr","locations":[{"start":{"line":334,"column":124},"end":{"line":334,"column":145}},{"start":{"line":334,"column":148},"end":{"line":334,"column":152}}],"line":334},"44":{"loc":{"start":{"line":334,"column":30},"end":{"line":334,"column":121}},"type":"binary-expr","locations":[{"start":{"line":334,"column":30},"end":{"line":334,"column":85}},{"start":{"line":334,"column":89},"end":{"line":334,"column":121}}],"line":334},"45":{"loc":{"start":{"line":351,"column":79},"end":{"line":351,"column":121}},"type":"cond-expr","locations":[{"start":{"line":351,"column":99},"end":{"line":351,"column":110}},{"start":{"line":351,"column":113},"end":{"line":351,"column":121}}],"line":351},"46":{"loc":{"start":{"line":354,"column":80},"end":{"line":354,"column":122}},"type":"cond-expr","locations":[{"start":{"line":354,"column":100},"end":{"line":354,"column":111}},{"start":{"line":354,"column":114},"end":{"line":354,"column":122}}],"line":354},"47":{"loc":{"start":{"line":358,"column":4},"end":{"line":365,"column":5}},"type":"if","locations":[{"start":{"line":358,"column":4},"end":{"line":365,"column":5}},{"start":{},"end":{}}],"line":358},"48":{"loc":{"start":{"line":360,"column":39},"end":{"line":362,"column":14}},"type":"cond-expr","locations":[{"start":{"line":360,"column":62},"end":{"line":362,"column":9}},{"start":{"line":362,"column":12},"end":{"line":362,"column":14}}],"line":360},"49":{"loc":{"start":{"line":362,"column":16},"end":{"line":364,"column":14}},"type":"cond-expr","locations":[{"start":{"line":362,"column":39},"end":{"line":364,"column":9}},{"start":{"line":364,"column":12},"end":{"line":364,"column":14}}],"line":362},"50":{"loc":{"start":{"line":366,"column":4},"end":{"line":366,"column":60}},"type":"if","locations":[{"start":{"line":366,"column":4},"end":{"line":366,"column":60}},{"start":{},"end":{}}],"line":366},"51":{"loc":{"start":{"line":367,"column":4},"end":{"line":367,"column":68}},"type":"if","locations":[{"start":{"line":367,"column":4},"end":{"line":367,"column":68}},{"start":{},"end":{}}],"line":367}},"s":{"0":1,"1":1,"2":65,"3":1,"4":1,"5":370,"6":0,"7":453,"8":0,"9":453,"10":370,"11":0,"12":370,"13":0,"14":370,"15":823,"16":0,"17":823,"18":453,"19":453,"20":370,"21":370,"22":370,"23":370,"24":370,"25":550,"26":7,"27":543,"28":550,"29":1,"30":305,"31":305,"32":595,"33":595,"34":595,"35":595,"36":0,"37":595,"38":547,"39":305,"40":0,"41":0,"42":0,"43":0,"44":0,"45":0,"46":0,"47":0,"48":20,"49":20,"50":20,"51":0,"52":0,"53":20,"54":5,"55":0,"56":5,"57":5,"58":5,"59":5,"60":0,"61":0,"62":0,"63":0,"64":0,"65":0,"66":5,"67":5,"68":0,"69":5,"70":5,"71":5,"72":12,"73":12,"74":5,"75":7,"76":5,"77":459,"78":459,"79":459,"80":0,"81":1,"82":1,"83":1,"84":1,"85":37,"86":58,"87":309,"88":0,"89":0,"90":0,"91":0,"92":0,"93":155,"94":66,"95":2,"96":32,"97":5,"98":9,"99":9,"100":9,"101":2,"102":0,"103":2,"104":2,"105":2,"106":2,"107":2,"108":2,"109":2,"110":0,"111":0,"112":0,"113":7,"114":1,"115":6,"116":6,"117":6,"118":1,"119":1,"120":1,"121":1,"122":2,"123":0,"124":5,"125":5,"126":5,"127":5,"128":5,"129":0,"130":58,"131":58,"132":6,"133":6,"134":5,"135":185,"136":185,"137":185,"138":0,"139":185,"140":185,"141":185,"142":1,"143":1,"144":1,"145":30,"146":30,"147":60,"148":15,"149":15,"150":30,"151":105,"152":6,"153":303,"154":303,"155":185,"156":185,"157":303,"158":105,"159":198,"160":0,"161":198,"162":198,"163":0},"f":{"0":65,"1":370,"2":453,"3":370,"4":823,"5":453,"6":370,"7":370,"8":550,"9":1,"10":305,"11":0,"12":547,"13":0,"14":0,"15":20,"16":0,"17":5,"18":5,"19":459,"20":459,"21":37,"22":58,"23":309,"24":0,"25":0,"26":0,"27":0,"28":0,"29":155,"30":66,"31":2,"32":32,"33":5,"34":9,"35":2,"36":2,"37":2,"38":0,"39":7,"40":1,"41":1,"42":1,"43":1,"44":2,"45":0,"46":5,"47":58,"48":6,"49":5,"50":185,"51":30,"52":30,"53":60,"54":15,"55":30,"56":105,"57":6,"58":303},"b":{"0":[0,370],"1":[0,453],"2":[0,370],"3":[0,370],"4":[0,823],"5":[7,543],"6":[0,1],"7":[1,1],"8":[595,0],"9":[595,0],"10":[0,0],"11":[0,0],"12":[20,0],"13":[20,0],"14":[0,5],"15":[5,0],"16":[0,0],"17":[0,0],"18":[0,5],"19":[5,7],"20":[0,459],"21":[37],"22":[58],"23":[5,5],"24":[0,2],"25":[1,6],"26":[7,7],"27":[5,0],"28":[0],"29":[5],"30":[0,5],"31":[4,1],"32":[5,5],"33":[0,5],"34":[5,5],"35":[0,0],"36":[0,0],"37":[0,0],"38":[58,0],"39":[6,0],"40":[0,185],"41":[185,185],"42":[185,95],"43":[90,95],"44":[185,185],"45":[0,105],"46":[0,6],"47":[185,118],"48":[185,0],"49":[185,0],"50":[105,198],"51":[0,198]},"inputSourceMap":{"0":"{","1":"\"","2":"v","3":"e","4":"r","5":"s","6":"i","7":"o","8":"n","9":"\"","10":":","11":"3","12":",","13":"\"","14":"s","15":"o","16":"u","17":"r","18":"c","19":"e","20":"s","21":"\"","22":":","23":"[","24":"\"","25":"/","26":"U","27":"s","28":"e","29":"r","30":"s","31":"/","32":"n","33":"i","34":"k","35":"i","36":"t","37":"a","38":"b","39":"e","40":"l","41":"o","42":"u","43":"s","44":"/","45":"w","46":"o","47":"r","48":"k","49":"/","50":"w","51":"e","52":"b","53":"-","54":"k","55":"i","56":"t","57":"/","58":"p","59":"a","60":"c","61":"k","62":"a","63":"g","64":"e","65":"s","66":"/","67":"t","68":"o","69":"o","70":"l","71":"s","72":"/","73":"s","74":"r","75":"c","76":"/","77":"b","78":"n","79":".","80":"t","81":"s","82":"\"","83":"]","84":",","85":"\"","86":"s","87":"o","88":"u","89":"r","90":"c","91":"e","92":"s","93":"C","94":"o","95":"n","96":"t","97":"e","98":"n","99":"t","100":"\"","101":":","102":"[","103":"\"","104":"i","105":"m","106":"p","107":"o","108":"r","109":"t","110":" ","111":"B","112":"i","113":"g","114":"N","115":"u","116":"m","117":"b","118":"e","119":"r","120":" ","121":"f","122":"r","123":"o","124":"m","125":" ","126":"'","127":"b","128":"i","129":"g","130":"n","131":"u","132":"m","133":"b","134":"e","135":"r","136":".","137":"j","138":"s","139":"'","140":"\\","141":"n","142":"\\","143":"n","144":"i","145":"m","146":"p","147":"o","148":"r","149":"t","150":" ","151":"{","152":" ","153":"D","154":"E","155":"C","156":"I","157":"M","158":"A","159":"L","160":"S","161":" ","162":"}","163":" ","164":"f","165":"r","166":"o","167":"m","168":" ","169":"'","170":"@","171":"/","172":"e","173":"n","174":"u","175":"m","176":"s","177":"'","178":"\\","179":"n","180":"i","181":"m","182":"p","183":"o","184":"r","185":"t","186":" ","187":"{","188":" ","189":"B","190":"N","191":"_","192":"R","193":"O","194":"U","195":"N","196":"D","197":"I","198":"N","199":"G","200":" ","201":"}","202":" ","203":"f","204":"r","205":"o","206":"m","207":" ","208":"'","209":"@","210":"/","211":"e","212":"n","213":"u","214":"m","215":"s","216":"'","217":"\\","218":"n","219":"i","220":"m","221":"p","222":"o","223":"r","224":"t","225":" ","226":"t","227":"y","228":"p","229":"e","230":" ","231":"{","232":" ","233":"B","234":"n","235":"C","236":"f","237":"g","238":",","239":" ","240":"B","241":"n","242":"F","243":"o","244":"r","245":"m","246":"a","247":"t","248":"C","249":"f","250":"g","251":",","252":" ","253":"B","254":"n","255":"L","256":"i","257":"k","258":"e","259":" ","260":"}","261":" ","262":"f","263":"r","264":"o","265":"m","266":" ","267":"'","268":"@","269":"/","270":"t","271":"y","272":"p","273":"e","274":"s","275":"'","276":"\\","277":"n","278":"\\","279":"n","280":"B","281":"i","282":"g","283":"N","284":"u","285":"m","286":"b","287":"e","288":"r","289":".","290":"c","291":"o","292":"n","293":"f","294":"i","295":"g","296":"(","297":"{","298":"\\","299":"n","300":" ","301":" ","302":"D","303":"E","304":"C","305":"I","306":"M","307":"A","308":"L","309":"_","310":"P","311":"L","312":"A","313":"C","314":"E","315":"S","316":":","317":" ","318":"0","319":",","320":"\\","321":"n","322":" ","323":" ","324":"R","325":"O","326":"U","327":"N","328":"D","329":"I","330":"N","331":"G","332":"_","333":"M","334":"O","335":"D","336":"E","337":":","338":" ","339":"B","340":"N","341":"_","342":"R","343":"O","344":"U","345":"N","346":"D","347":"I","348":"N","349":"G","350":".","351":"D","352":"E","353":"F","354":"A","355":"U","356":"L","357":"T","358":",","359":"\\","360":"n","361":" ","362":" ","363":"F","364":"O","365":"R","366":"M","367":"A","368":"T","369":":","370":" ","371":"{","372":"\\","373":"n","374":" ","375":" ","376":" ","377":" ","378":"d","379":"e","380":"c","381":"i","382":"m","383":"a","384":"l","385":"S","386":"e","387":"p","388":"a","389":"r","390":"a","391":"t","392":"o","393":"r","394":":","395":" ","396":"'","397":".","398":"'","399":",","400":"\\","401":"n","402":" ","403":" ","404":" ","405":" ","406":"g","407":"r","408":"o","409":"u","410":"p","411":"S","412":"e","413":"p","414":"a","415":"r","416":"a","417":"t","418":"o","419":"r","420":":","421":" ","422":"'","423":",","424":"'","425":",","426":"\\","427":"n","428":" ","429":" ","430":" ","431":" ","432":"g","433":"r","434":"o","435":"u","436":"p","437":"S","438":"i","439":"z","440":"e","441":":","442":" ","443":"3","444":",","445":"\\","446":"n","447":" ","448":" ","449":"}","450":",","451":"\\","452":"n","453":" ","454":" ","455":"E","456":"X","457":"P","458":"O","459":"N","460":"E","461":"N","462":"T","463":"I","464":"A","465":"L","466":"_","467":"A","468":"T","469":":","470":" ","471":"2","472":"5","473":"6","474":",","475":"\\","476":"n","477":"}","478":")","479":"\\","480":"n","481":"\\","482":"n","483":"e","484":"x","485":"p","486":"o","487":"r","488":"t","489":" ","490":"c","491":"l","492":"a","493":"s","494":"s","495":" ","496":"B","497":"N","498":" ","499":"{","500":"\\","501":"n","502":" ","503":" ","504":"r","505":"e","506":"a","507":"d","508":"o","509":"n","510":"l","511":"y","512":" ","513":"#","514":"b","515":"n","516":":","517":" ","518":"B","519":"i","520":"g","521":"N","522":"u","523":"m","524":"b","525":"e","526":"r","527":"\\","528":"n","529":" ","530":" ","531":"r","532":"e","533":"a","534":"d","535":"o","536":"n","537":"l","538":"y","539":" ","540":"#","541":"c","542":"f","543":"g","544":":","545":" ","546":"B","547":"n","548":"C","549":"f","550":"g","551":"\\","552":"n","553":"\\","554":"n","555":" ","556":" ","557":"p","558":"u","559":"b","560":"l","561":"i","562":"c","563":" ","564":"s","565":"t","566":"a","567":"t","568":"i","569":"c","570":" ","571":"R","572":"O","573":"U","574":"N","575":"D","576":"I","577":"N","578":"G","579":" ","580":"=","581":" ","582":"B","583":"N","584":"_","585":"R","586":"O","587":"U","588":"N","589":"D","590":"I","591":"N","592":"G","593":"\\","594":"n","595":" ","596":" ","597":"p","598":"u","599":"b","600":"l","601":"i","602":"c","603":" ","604":"s","605":"t","606":"a","607":"t","608":"i","609":"c","610":" ","611":"W","612":"E","613":"I","614":"_","615":"D","616":"E","617":"C","618":"I","619":"M","620":"A","621":"L","622":"S","623":" ","624":"=","625":" ","626":"D","627":"E","628":"C","629":"I","630":"M","631":"A","632":"L","633":"S","634":".","635":"W","636":"E","637":"I","638":"\\","639":"n","640":" ","641":" ","642":"p","643":"u","644":"b","645":"l","646":"i","647":"c","648":" ","649":"s","650":"t","651":"a","652":"t","653":"i","654":"c","655":" ","656":"M","657":"A","658":"X","659":"_","660":"U","661":"I","662":"N","663":"T","664":"2","665":"5","666":"6","667":" ","668":"=","669":" ","670":"B","671":"N","672":".","673":"f","674":"r","675":"o","676":"m","677":"B","678":"i","679":"g","680":"I","681":"n","682":"t","683":"(","684":"\\","685":"n","686":" ","687":" ","688":" ","689":" ","690":"B","691":"N","692":".","693":"#","694":"i","695":"n","696":"s","697":"t","698":"a","699":"n","700":"c","701":"e","702":"(","703":"2","704":")","705":".","706":"p","707":"o","708":"w","709":"(","710":"2","711":"5","712":"6","713":")","714":".","715":"m","716":"i","717":"n","718":"u","719":"s","720":"(","721":"1","722":")","723":",","724":"\\","725":"n","726":" ","727":" ","728":" ","729":" ","730":"1","731":",","732":"\\","733":"n","734":" ","735":" ","736":")","737":"\\","738":"n","739":" ","740":" ","741":"/","742":"/","743":" ","744":"0","745":"x","746":"f","747":"f","748":"f","749":"f","750":"f","751":"f","752":"f","753":"f","754":"f","755":"f","756":"f","757":"f","758":"f","759":"f","760":"f","761":"f","762":"f","763":"f","764":"f","765":"f","766":"f","767":"f","768":"f","769":"f","770":"f","771":"f","772":"f","773":"f","774":"f","775":"f","776":"f","777":"f","778":"f","779":"f","780":"f","781":"f","782":"f","783":"f","784":"f","785":"f","786":"f","787":"f","788":"f","789":"f","790":"f","791":"f","792":"f","793":"f","794":"f","795":"f","796":"f","797":"f","798":"f","799":"f","800":"f","801":"f","802":"f","803":"f","804":"f","805":"f","806":"f","807":"f","808":"f","809":"f","810":"\\","811":"n","812":"\\","813":"n","814":" ","815":" ","816":"p","817":"r","818":"o","819":"t","820":"e","821":"c","822":"t","823":"e","824":"d","825":" ","826":"c","827":"o","828":"n","829":"s","830":"t","831":"r","832":"u","833":"c","834":"t","835":"o","836":"r","837":"(","838":"b","839":"i","840":"g","841":"L","842":"i","843":"k","844":"e","845":":","846":" ","847":"B","848":"n","849":"L","850":"i","851":"k","852":"e","853":",","854":" ","855":"c","856":"f","857":"g","858":":","859":" ","860":"B","861":"n","862":"C","863":"f","864":"g","865":")","866":" ","867":"{","868":"\\","869":"n","870":" ","871":" ","872":" ","873":" ","874":"i","875":"f","876":" ","877":"(","878":"!","879":"c","880":"f","881":"g","882":".","883":"d","884":"e","885":"c","886":"i","887":"m","888":"a","889":"l","890":"s","891":" ","892":"|","893":"|","894":" ","895":"c","896":"f","897":"g","898":".","899":"d","900":"e","901":"c","902":"i","903":"m","904":"a","905":"l","906":"s","907":" ","908":"<","909":" ","910":"0","911":")","912":" ","913":"{","914":"\\","915":"n","916":" ","917":" ","918":" ","919":" ","920":" ","921":" ","922":"t","923":"h","924":"r","925":"o","926":"w","927":" ","928":"n","929":"e","930":"w","931":" ","932":"T","933":"y","934":"p","935":"e","936":"E","937":"r","938":"r","939":"o","940":"r","941":"(","942":"\\","943":"n","944":" ","945":" ","946":" ","947":" ","948":" ","949":" ","950":" ","951":" ","952":"`","953":"D","954":"e","955":"c","956":"i","957":"m","958":"a","959":"l","960":"s","961":" ","962":"m","963":"u","964":"s","965":"t","966":" ","967":"b","968":"e","969":" ","970":"g","971":"r","972":"e","973":"a","974":"t","975":"e","976":"r","977":" ","978":"t","979":"h","980":"a","981":"n","982":" ","983":"0","984":",","985":" ","986":"$","987":"{","988":"J","989":"S","990":"O","991":"N","992":".","993":"s","994":"t","995":"r","996":"i","997":"n","998":"g","999":"i","1000":"f","1001":"y","1002":"(","1003":"{","1004":"\\","1005":"n","1006":" ","1007":" ","1008":" ","1009":" ","1010":" ","1011":" ","1012":" ","1013":" ","1014":" ","1015":" ","1016":"n","1017":"u","1018":"m","1019":"b","1020":"e","1021":"r","1022":":","1023":" ","1024":"b","1025":"i","1026":"g","1027":"L","1028":"i","1029":"k","1030":"e","1031":",","1032":"\\","1033":"n","1034":" ","1035":" ","1036":" ","1037":" ","1038":" ","1039":" ","1040":" ","1041":" ","1042":" ","1043":" ","1044":"c","1045":"f","1046":"g","1047":",","1048":"\\","1049":"n","1050":" ","1051":" ","1052":" ","1053":" ","1054":" ","1055":" ","1056":" ","1057":" ","1058":"}","1059":")","1060":"}","1061":"`","1062":",","1063":"\\","1064":"n","1065":" ","1066":" ","1067":" ","1068":" ","1069":" ","1070":" ","1071":")","1072":"\\","1073":"n","1074":" ","1075":" ","1076":" ","1077":" ","1078":"}","1079":"\\","1080":"n","1081":"\\","1082":"n","1083":" ","1084":" ","1085":" ","1086":" ","1087":"c","1088":"o","1089":"n","1090":"s","1091":"t","1092":" ","1093":"f","1094":"i","1095":"n","1096":"a","1097":"l","1098":"C","1099":"f","1100":"g","1101":" ","1102":"=","1103":" ","1104":"{","1105":"\\","1106":"n","1107":" ","1108":" ","1109":" ","1110":" ","1111":" ","1112":" ","1113":"d","1114":"e","1115":"c","1116":"i","1117":"m","1118":"a","1119":"l","1120":"s","1121":":","1122":" ","1123":"c","1124":"f","1125":"g","1126":".","1127":"d","1128":"e","1129":"c","1130":"i","1131":"m","1132":"a","1133":"l","1134":"s","1135":",","1136":"\\","1137":"n","1138":" ","1139":" ","1140":" ","1141":" ","1142":" ","1143":" ","1144":"r","1145":"o","1146":"u","1147":"n","1148":"d","1149":"i","1150":"n","1151":"g","1152":":","1153":" ","1154":"c","1155":"f","1156":"g","1157":".","1158":"r","1159":"o","1160":"u","1161":"n","1162":"d","1163":"i","1164":"n","1165":"g","1166":" ","1167":"|","1168":"|","1169":" ","1170":"B","1171":"N","1172":"_","1173":"R","1174":"O","1175":"U","1176":"N","1177":"D","1178":"I","1179":"N","1180":"G","1181":".","1182":"D","1183":"E","1184":"F","1185":"A","1186":"U","1187":"L","1188":"T","1189":",","1190":"\\","1191":"n","1192":" ","1193":" ","1194":" ","1195":" ","1196":" ","1197":" ","1198":"n","1199":"o","1200":"G","1201":"r","1202":"o","1203":"u","1204":"p","1205":"S","1206":"e","1207":"p","1208":"a","1209":"r","1210":"a","1211":"t","1212":"o","1213":"r","1214":":","1215":" ","1216":"c","1217":"f","1218":"g","1219":".","1220":"n","1221":"o","1222":"G","1223":"r","1224":"o","1225":"u","1226":"p","1227":"S","1228":"e","1229":"p","1230":"a","1231":"r","1232":"a","1233":"t","1234":"o","1235":"r","1236":" ","1237":"?","1238":"?","1239":" ","1240":"t","1241":"r","1242":"u","1243":"e","1244":",","1245":"\\","1246":"n","1247":" ","1248":" ","1249":" ","1250":" ","1251":"}","1252":" ","1253":"a","1254":"s","1255":" ","1256":"B","1257":"n","1258":"C","1259":"f","1260":"g","1261":"\\","1262":"n","1263":"\\","1264":"n","1265":" ","1266":" ","1267":" ","1268":" ","1269":"t","1270":"h","1271":"i","1272":"s","1273":".","1274":"#","1275":"b","1276":"n","1277":" ","1278":"=","1279":" ","1280":"B","1281":"N","1282":".","1283":"#","1284":"i","1285":"n","1286":"s","1287":"t","1288":"a","1289":"n","1290":"c","1291":"e","1292":"(","1293":"b","1294":"i","1295":"g","1296":"L","1297":"i","1298":"k","1299":"e","1300":",","1301":" ","1302":"f","1303":"i","1304":"n","1305":"a","1306":"l","1307":"C","1308":"f","1309":"g","1310":")","1311":"\\","1312":"n","1313":" ","1314":" ","1315":" ","1316":" ","1317":"t","1318":"h","1319":"i","1320":"s","1321":".","1322":"#","1323":"c","1324":"f","1325":"g","1326":" ","1327":"=","1328":" ","1329":"f","1330":"i","1331":"n","1332":"a","1333":"l","1334":"C","1335":"f","1336":"g","1337":"\\","1338":"n","1339":" ","1340":" ","1341":"}","1342":"\\","1343":"n","1344":"\\","1345":"n","1346":" ","1347":" ","1348":"/","1349":"*","1350":"*","1351":"\\","1352":"n","1353":" ","1354":" ","1355":" ","1356":"*","1357":" ","1358":"@","1359":"d","1360":"e","1361":"s","1362":"c","1363":"r","1364":"i","1365":"p","1366":"t","1367":"i","1368":"o","1369":"n","1370":" ","1371":"@","1372":"l","1373":"i","1374":"n","1375":"k","1376":"{","1377":"B","1378":"N","1379":".","1380":"f","1381":"r","1382":"o","1383":"m","1384":"B","1385":"i","1386":"g","1387":"I","1388":"n","1389":"t","1390":"}","1391":" ","1392":"a","1393":"c","1394":"c","1395":"e","1396":"p","1397":"t","1398":"s","1399":" ","1400":"u","1401":"i","1402":"n","1403":"t","1404":" ","1405":"n","1406":"u","1407":"m","1408":"b","1409":"e","1410":"r","1411":" ","1412":"v","1413":"a","1414":"l","1415":"u","1416":"e","1417":"\\","1418":"n","1419":" ","1420":" ","1421":" ","1422":"*","1423":" ","1424":"@","1425":"e","1426":"x","1427":"a","1428":"m","1429":"p","1430":"l","1431":"e","1432":"\\","1433":"n","1434":" ","1435":" ","1436":" ","1437":"*","1438":" ","1439":"`","1440":"`","1441":"`","1442":"t","1443":"s","1444":"\\","1445":"n","1446":" ","1447":" ","1448":" ","1449":"*","1450":" ","1451":"c","1452":"o","1453":"n","1454":"s","1455":"t","1456":" ","1457":"o","1458":"n","1459":"e","1460":"E","1461":"t","1462":"h","1463":" ","1464":"=","1465":" ","1466":"B","1467":"N","1468":".","1469":"f","1470":"r","1471":"o","1472":"m","1473":"B","1474":"i","1475":"g","1476":"I","1477":"n","1478":"t","1479":"(","1480":"'","1481":"1","1482":"0","1483":"0","1484":"0","1485":"0","1486":"0","1487":"0","1488":"0","1489":"0","1490":"0","1491":"0","1492":"0","1493":"0","1494":"0","1495":"0","1496":"0","1497":"0","1498":"0","1499":"0","1500":"'","1501":",","1502":" ","1503":"1","1504":"8","1505":")","1506":"\\","1507":"n","1508":" ","1509":" ","1510":" ","1511":"*","1512":" ","1513":"`","1514":"`","1515":"`","1516":"\\","1517":"n","1518":" ","1519":" ","1520":" ","1521":"*","1522":"/","1523":"\\","1524":"n","1525":" ","1526":" ","1527":"p","1528":"u","1529":"b","1530":"l","1531":"i","1532":"c","1533":" ","1534":"s","1535":"t","1536":"a","1537":"t","1538":"i","1539":"c","1540":" ","1541":"f","1542":"r","1543":"o","1544":"m","1545":"B","1546":"i","1547":"g","1548":"I","1549":"n","1550":"t","1551":"(","1552":"\\","1553":"n","1554":" ","1555":" ","1556":" ","1557":" ","1558":"b","1559":"i","1560":"g","1561":"L","1562":"i","1563":"k","1564":"e","1565":":","1566":" ","1567":"B","1568":"n","1569":"L","1570":"i","1571":"k","1572":"e","1573":",","1574":"\\","1575":"n","1576":" ","1577":" ","1578":" ","1579":" ","1580":"d","1581":"e","1582":"c","1583":"i","1584":"m","1585":"a","1586":"l","1587":"s","1588":":","1589":" ","1590":"n","1591":"u","1592":"m","1593":"b","1594":"e","1595":"r","1596":",","1597":"\\","1598":"n","1599":" ","1600":" ","1601":" ","1602":" ","1603":"c","1604":"f","1605":"g","1606":" ","1607":"=","1608":" ","1609":"{","1610":"}","1611":" ","1612":"a","1613":"s","1614":" ","1615":"B","1616":"n","1617":"C","1618":"f","1619":"g","1620":",","1621":"\\","1622":"n","1623":" ","1624":" ","1625":")","1626":":","1627":" ","1628":"B","1629":"N","1630":" ","1631":"{","1632":"\\","1633":"n","1634":" ","1635":" ","1636":" ","1637":" ","1638":"r","1639":"e","1640":"t","1641":"u","1642":"r","1643":"n","1644":" ","1645":"n","1646":"e","1647":"w","1648":" ","1649":"B","1650":"N","1651":"(","1652":"b","1653":"i","1654":"g","1655":"L","1656":"i","1657":"k","1658":"e","1659":",","1660":" ","1661":"{","1662":"\\","1663":"n","1664":" ","1665":" ","1666":" ","1667":" ","1668":" ","1669":" ","1670":".","1671":".","1672":".","1673":"c","1674":"f","1675":"g","1676":",","1677":"\\","1678":"n","1679":" ","1680":" ","1681":" ","1682":" ","1683":" ","1684":" ","1685":".","1686":".","1687":".","1688":"(","1689":"{","1690":" ","1691":"d","1692":"e","1693":"c","1694":"i","1695":"m","1696":"a","1697":"l","1698":"s","1699":" ","1700":"}","1701":" ","1702":"a","1703":"s","1704":" ","1705":"B","1706":"n","1707":"C","1708":"f","1709":"g","1710":")","1711":",","1712":"\\","1713":"n","1714":" ","1715":" ","1716":" ","1717":" ","1718":"}","1719":")","1720":"\\","1721":"n","1722":" ","1723":" ","1724":"}","1725":"\\","1726":"n","1727":"\\","1728":"n","1729":" ","1730":" ","1731":"/","1732":"*","1733":"*","1734":"\\","1735":"n","1736":" ","1737":" ","1738":" ","1739":"*","1740":" ","1741":"@","1742":"d","1743":"e","1744":"s","1745":"c","1746":"r","1747":"i","1748":"p","1749":"t","1750":"i","1751":"o","1752":"n","1753":" ","1754":"@","1755":"l","1756":"i","1757":"n","1758":"k","1759":"{","1760":"B","1761":"N","1762":".","1763":"f","1764":"r","1765":"o","1766":"m","1767":"R","1768":"a","1769":"w","1770":"}","1771":" ","1772":"a","1773":"c","1774":"c","1775":"e","1776":"p","1777":"t","1778":"s","1779":" ","1780":"n","1781":"u","1782":"m","1783":"b","1784":"e","1785":"r","1786":" ","1787":"v","1788":"a","1789":"l","1790":"u","1791":"e","1792":" ","1793":"a","1794":"n","1795":"d","1796":" ","1797":"m","1798":"u","1799":"l","1800":"t","1801":"i","1802":"p","1803":"l","1804":"y","1805":" ","1806":"i","1807":"t","1808":" ","1809":"t","1810":"o","1811":" ","1812":"1","1813":"0","1814":"*","1815":"*","1816":"d","1817":"e","1818":"c","1819":"i","1820":"m","1821":"a","1822":"l","1823":"s","1824":"\\","1825":"n","1826":" ","1827":" ","1828":" ","1829":"*","1830":" ","1831":"@","1832":"e","1833":"x","1834":"a","1835":"m","1836":"p","1837":"l","1838":"e","1839":"\\","1840":"n","1841":" ","1842":" ","1843":" ","1844":"*","1845":" ","1846":"`","1847":"`","1848":"`","1849":"t","1850":"s","1851":"\\","1852":"n","1853":" ","1854":" ","1855":" ","1856":"*","1857":" ","1858":"c","1859":"o","1860":"n","1861":"s","1862":"t","1863":" ","1864":"o","1865":"n","1866":"e","1867":"E","1868":"t","1869":"h","1870":" ","1871":"=","1872":" ","1873":"B","1874":"N","1875":".","1876":"f","1877":"r","1878":"o","1879":"m","1880":"B","1881":"i","1882":"g","1883":"I","1884":"n","1885":"t","1886":"(","1887":"1","1888":",","1889":" ","1890":"1","1891":"8","1892":")","1893":"\\","1894":"n","1895":" ","1896":" ","1897":" ","1898":"*","1899":" ","1900":"`","1901":"`","1902":"`","1903":"\\","1904":"n","1905":" ","1906":" ","1907":" ","1908":"*","1909":"/","1910":"\\","1911":"n","1912":" ","1913":" ","1914":"p","1915":"u","1916":"b","1917":"l","1918":"i","1919":"c","1920":" ","1921":"s","1922":"t","1923":"a","1924":"t","1925":"i","1926":"c","1927":" ","1928":"f","1929":"r","1930":"o","1931":"m","1932":"R","1933":"a","1934":"w","1935":"(","1936":"\\","1937":"n","1938":" ","1939":" ","1940":" ","1941":" ","1942":"b","1943":"i","1944":"g","1945":"L","1946":"i","1947":"k","1948":"e","1949":":","1950":" ","1951":"B","1952":"n","1953":"L","1954":"i","1955":"k","1956":"e","1957":",","1958":"\\","1959":"n","1960":" ","1961":" ","1962":" ","1963":" ","1964":"d","1965":"e","1966":"c","1967":"i","1968":"m","1969":"a","1970":"l","1971":"s","1972":":","1973":" ","1974":"n","1975":"u","1976":"m","1977":"b","1978":"e","1979":"r","1980":",","1981":"\\","1982":"n","1983":" ","1984":" ","1985":" ","1986":" ","1987":"c","1988":"f","1989":"g","1990":" ","1991":"=","1992":" ","1993":"{","1994":"}","1995":" ","1996":"a","1997":"s","1998":" ","1999":"B","2000":"n","2001":"C","2002":"f","2003":"g","2004":",","2005":"\\","2006":"n","2007":" ","2008":" ","2009":")","2010":":","2011":" ","2012":"B","2013":"N","2014":" ","2015":"{","2016":"\\","2017":"n","2018":" ","2019":" ","2020":" ","2021":" ","2022":"r","2023":"e","2024":"t","2025":"u","2026":"r","2027":"n","2028":" ","2029":"n","2030":"e","2031":"w","2032":" ","2033":"B","2034":"N","2035":"(","2036":"b","2037":"i","2038":"g","2039":"L","2040":"i","2041":"k","2042":"e","2043":",","2044":" ","2045":"{","2046":"\\","2047":"n","2048":" ","2049":" ","2050":" ","2051":" ","2052":" ","2053":" ","2054":".","2055":".","2056":".","2057":"c","2058":"f","2059":"g","2060":",","2061":"\\","2062":"n","2063":" ","2064":" ","2065":" ","2066":" ","2067":" ","2068":" ","2069":".","2070":".","2071":".","2072":"(","2073":"{","2074":" ","2075":"d","2076":"e","2077":"c","2078":"i","2079":"m","2080":"a","2081":"l","2082":"s","2083":" ","2084":"}","2085":" ","2086":"a","2087":"s","2088":" ","2089":"B","2090":"n","2091":"C","2092":"f","2093":"g","2094":")","2095":",","2096":"\\","2097":"n","2098":" ","2099":" ","2100":" ","2101":" ","2102":"}","2103":")","2104":".","2105":"t","2106":"o","2107":"F","2108":"r","2109":"a","2110":"c","2111":"t","2112":"i","2113":"o","2114":"n","2115":"(","2116":"d","2117":"e","2118":"c","2119":"i","2120":"m","2121":"a","2122":"l","2123":"s","2124":")","2125":"\\","2126":"n","2127":" ","2128":" ","2129":"}","2130":"\\","2131":"n","2132":"\\","2133":"n","2134":" ","2135":" ","2136":"p","2137":"u","2138":"b","2139":"l","2140":"i","2141":"c","2142":" ","2143":"s","2144":"t","2145":"a","2146":"t","2147":"i","2148":"c","2149":" ","2150":"i","2151":"s","2152":"B","2153":"n","2154":"(","2155":"a","2156":"r","2157":"g","2158":":","2159":" ","2160":"u","2161":"n","2162":"k","2163":"n","2164":"o","2165":"w","2166":"n","2167":")","2168":":","2169":" ","2170":"a","2171":"r","2172":"g","2173":" ","2174":"i","2175":"s","2176":" ","2177":"B","2178":"N","2179":" ","2180":"{","2181":"\\","2182":"n","2183":" ","2184":" ","2185":" ","2186":" ","2187":"r","2188":"e","2189":"t","2190":"u","2191":"r","2192":"n","2193":" ","2194":"a","2195":"r","2196":"g","2197":" ","2198":"i","2199":"n","2200":"s","2201":"t","2202":"a","2203":"n","2204":"c","2205":"e","2206":"o","2207":"f","2208":" ","2209":"B","2210":"N","2211":"\\","2212":"n","2213":" ","2214":" ","2215":"}","2216":"\\","2217":"n","2218":"\\","2219":"n","2220":" ","2221":" ","2222":"s","2223":"t","2224":"a","2225":"t","2226":"i","2227":"c","2228":" ","2229":"#","2230":"g","2231":"e","2232":"t","2233":"G","2234":"r","2235":"e","2236":"a","2237":"t","2238":"e","2239":"s","2240":"t","2241":"D","2242":"e","2243":"c","2244":"i","2245":"m","2246":"a","2247":"l","2248":"(","2249":".","2250":".","2251":".","2252":"a","2253":"r","2254":"g","2255":"s","2256":":","2257":" ","2258":"B","2259":"N","2260":"[","2261":"]","2262":")","2263":":","2264":" ","2265":"B","2266":"N","2267":" ","2268":"{","2269":"\\","2270":"n","2271":" ","2272":" ","2273":" ","2274":" ","2275":"r","2276":"e","2277":"t","2278":"u","2279":"r","2280":"n","2281":" ","2282":"a","2283":"r","2284":"g","2285":"s","2286":".","2287":"f","2288":"i","2289":"n","2290":"d","2291":"(","2292":"\\","2293":"n","2294":" ","2295":" ","2296":" ","2297":" ","2298":" ","2299":" ","2300":"e","2301":"l","2302":" ","2303":"=","2304":">","2305":" ","2306":"e","2307":"l","2308":".","2309":"d","2310":"e","2311":"c","2312":"i","2313":"m","2314":"a","2315":"l","2316":"s","2317":" ","2318":"=","2319":"=","2320":"=","2321":" ","2322":"M","2323":"a","2324":"t","2325":"h","2326":".","2327":"m","2328":"a","2329":"x","2330":"(","2331":".","2332":".","2333":".","2334":"a","2335":"r","2336":"g","2337":"s","2338":".","2339":"m","2340":"a","2341":"p","2342":"(","2343":"e","2344":"l","2345":" ","2346":"=","2347":">","2348":" ","2349":"e","2350":"l","2351":".","2352":"d","2353":"e","2354":"c","2355":"i","2356":"m","2357":"a","2358":"l","2359":"s","2360":")","2361":")","2362":",","2363":"\\","2364":"n","2365":" ","2366":" ","2367":" ","2368":" ","2369":")","2370":"!","2371":"\\","2372":"n","2373":" ","2374":" ","2375":"}","2376":"\\","2377":"n","2378":"\\","2379":"n","2380":" ","2381":" ","2382":"s","2383":"t","2384":"a","2385":"t","2386":"i","2387":"c","2388":" ","2389":"#","2390":"t","2391":"o","2392":"G","2393":"r","2394":"e","2395":"a","2396":"t","2397":"e","2398":"s","2399":"t","2400":"D","2401":"e","2402":"c","2403":"i","2404":"m","2405":"a","2406":"l","2407":"s","2408":"(","2409":".","2410":".","2411":".","2412":"a","2413":"r","2414":"g","2415":"s","2416":":","2417":" ","2418":"B","2419":"N","2420":"[","2421":"]","2422":")","2423":":","2424":" ","2425":"B","2426":"N","2427":"[","2428":"]","2429":" ","2430":"{","2431":"\\","2432":"n","2433":" ","2434":" ","2435":" ","2436":" ","2437":"c","2438":"o","2439":"n","2440":"s","2441":"t","2442":" ","2443":"g","2444":"r","2445":"e","2446":"a","2447":"t","2448":"e","2449":"s","2450":"t","2451":"D","2452":"e","2453":"c","2454":"i","2455":"m","2456":"a","2457":"l","2458":"s","2459":" ","2460":"=","2461":" ","2462":"B","2463":"N","2464":".","2465":"#","2466":"g","2467":"e","2468":"t","2469":"G","2470":"r","2471":"e","2472":"a","2473":"t","2474":"e","2475":"s","2476":"t","2477":"D","2478":"e","2479":"c","2480":"i","2481":"m","2482":"a","2483":"l","2484":"(","2485":".","2486":".","2487":".","2488":"a","2489":"r","2490":"g","2491":"s","2492":")","2493":".","2494":"d","2495":"e","2496":"c","2497":"i","2498":"m","2499":"a","2500":"l","2501":"s","2502":"\\","2503":"n","2504":"\\","2505":"n","2506":" ","2507":" ","2508":" ","2509":" ","2510":"r","2511":"e","2512":"t","2513":"u","2514":"r","2515":"n","2516":" ","2517":"a","2518":"r","2519":"g","2520":"s","2521":".","2522":"m","2523":"a","2524":"p","2525":"(","2526":"e","2527":"l","2528":" ","2529":"=","2530":">","2531":"\\","2532":"n","2533":" ","2534":" ","2535":" ","2536":" ","2537":" ","2538":" ","2539":"B","2540":"N","2541":".","2542":"f","2543":"r","2544":"o","2545":"m","2546":"B","2547":"i","2548":"g","2549":"I","2550":"n","2551":"t","2552":"(","2553":"\\","2554":"n","2555":" ","2556":" ","2557":" ","2558":" ","2559":" ","2560":" ","2561":" ","2562":" ","2563":"e","2564":"l","2565":".","2566":"b","2567":"n","2568":".","2569":"m","2570":"u","2571":"l","2572":"t","2573":"i","2574":"p","2575":"l","2576":"i","2577":"e","2578":"d","2579":"B","2580":"y","2581":"(","2582":"B","2583":"N","2584":".","2585":"#","2586":"m","2587":"a","2588":"k","2589":"e","2590":"T","2591":"e","2592":"n","2593":"P","2594":"o","2595":"w","2596":"e","2597":"r","2598":"(","2599":"g","2600":"r","2601":"e","2602":"a","2603":"t","2604":"e","2605":"s","2606":"t","2607":"D","2608":"e","2609":"c","2610":"i","2611":"m","2612":"a","2613":"l","2614":"s","2615":" ","2616":"-","2617":" ","2618":"e","2619":"l","2620":".","2621":"d","2622":"e","2623":"c","2624":"i","2625":"m","2626":"a","2627":"l","2628":"s","2629":")","2630":")","2631":",","2632":"\\","2633":"n","2634":" ","2635":" ","2636":" ","2637":" ","2638":" ","2639":" ","2640":" ","2641":" ","2642":"g","2643":"r","2644":"e","2645":"a","2646":"t","2647":"e","2648":"s","2649":"t","2650":"D","2651":"e","2652":"c","2653":"i","2654":"m","2655":"a","2656":"l","2657":"s","2658":",","2659":"\\","2660":"n","2661":" ","2662":" ","2663":" ","2664":" ","2665":" ","2666":" ","2667":")","2668":",","2669":"\\","2670":"n","2671":" ","2672":" ","2673":" ","2674":" ","2675":")","2676":"\\","2677":"n","2678":" ","2679":" ","2680":"}","2681":"\\","2682":"n","2683":"\\","2684":"n","2685":" ","2686":" ","2687":"s","2688":"t","2689":"a","2690":"t","2691":"i","2692":"c","2693":" ","2694":"#","2695":"m","2696":"a","2697":"k","2698":"e","2699":"T","2700":"e","2701":"n","2702":"P","2703":"o","2704":"w","2705":"e","2706":"r","2707":"(","2708":"d","2709":"e","2710":"c","2711":"i","2712":"m","2713":"a","2714":"l","2715":"s","2716":":","2717":" ","2718":"B","2719":"n","2720":"L","2721":"i","2722":"k","2723":"e","2724":")","2725":":","2726":" ","2727":"B","2728":"i","2729":"g","2730":"N","2731":"u","2732":"m","2733":"b","2734":"e","2735":"r","2736":" ","2737":"{","2738":"\\","2739":"n","2740":" ","2741":" ","2742":" ","2743":" ","2744":"r","2745":"e","2746":"t","2747":"u","2748":"r","2749":"n","2750":" ","2751":"B","2752":"N","2753":".","2754":"#","2755":"i","2756":"n","2757":"s","2758":"t","2759":"a","2760":"n","2761":"c","2762":"e","2763":"(","2764":"1","2765":"0","2766":")","2767":".","2768":"p","2769":"o","2770":"w","2771":"(","2772":"B","2773":"N","2774":".","2775":"i","2776":"s","2777":"B","2778":"n","2779":"(","2780":"d","2781":"e","2782":"c","2783":"i","2784":"m","2785":"a","2786":"l","2787":"s","2788":")","2789":" ","2790":"?","2791":" ","2792":"d","2793":"e","2794":"c","2795":"i","2796":"m","2797":"a","2798":"l","2799":"s","2800":".","2801":"b","2802":"n","2803":" ","2804":":","2805":" ","2806":"d","2807":"e","2808":"c","2809":"i","2810":"m","2811":"a","2812":"l","2813":"s","2814":")","2815":"\\","2816":"n","2817":" ","2818":" ","2819":"}","2820":"\\","2821":"n","2822":"\\","2823":"n","2824":" ","2825":" ","2826":"s","2827":"t","2828":"a","2829":"t","2830":"i","2831":"c","2832":" ","2833":"#","2834":"m","2835":"a","2836":"k","2837":"e","2838":"O","2839":"n","2840":"e","2841":"T","2842":"e","2843":"n","2844":"t","2845":"h","2846":"P","2847":"o","2848":"w","2849":"e","2850":"r","2851":"(","2852":"d","2853":"e","2854":"c","2855":"i","2856":"m","2857":"a","2858":"l","2859":"s","2860":":","2861":" ","2862":"B","2863":"n","2864":"L","2865":"i","2866":"k","2867":"e","2868":")","2869":":","2870":" ","2871":"B","2872":"i","2873":"g","2874":"N","2875":"u","2876":"m","2877":"b","2878":"e","2879":"r","2880":" ","2881":"{","2882":"\\","2883":"n","2884":" ","2885":" ","2886":" ","2887":" ","2888":"r","2889":"e","2890":"t","2891":"u","2892":"r","2893":"n","2894":" ","2895":"B","2896":"N","2897":".","2898":"#","2899":"i","2900":"n","2901":"s","2902":"t","2903":"a","2904":"n","2905":"c","2906":"e","2907":"(","2908":"0","2909":".","2910":"1","2911":")","2912":".","2913":"p","2914":"o","2915":"w","2916":"(","2917":"B","2918":"N","2919":".","2920":"i","2921":"s","2922":"B","2923":"n","2924":"(","2925":"d","2926":"e","2927":"c","2928":"i","2929":"m","2930":"a","2931":"l","2932":"s","2933":")","2934":" ","2935":"?","2936":" ","2937":"d","2938":"e","2939":"c","2940":"i","2941":"m","2942":"a","2943":"l","2944":"s","2945":".","2946":"b","2947":"n","2948":" ","2949":":","2950":" ","2951":"d","2952":"e","2953":"c","2954":"i","2955":"m","2956":"a","2957":"l","2958":"s","2959":")","2960":"\\","2961":"n","2962":" ","2963":" ","2964":"}","2965":"\\","2966":"n","2967":"\\","2968":"n","2969":" ","2970":" ","2971":"s","2972":"t","2973":"a","2974":"t","2975":"i","2976":"c","2977":" ","2978":"#","2979":"i","2980":"n","2981":"s","2982":"t","2983":"a","2984":"n","2985":"c","2986":"e","2987":"(","2988":"v","2989":"a","2990":"l","2991":"u","2992":"e","2993":":","2994":" ","2995":"B","2996":"n","2997":"L","2998":"i","2999":"k","3000":"e","3001":",","3002":" ","3003":"c","3004":"o","3005":"n","3006":"f","3007":"i","3008":"g","3009":"?","3010":":","3011":" ","3012":"B","3013":"n","3014":"C","3015":"f","3016":"g","3017":")","3018":":","3019":" ","3020":"B","3021":"i","3022":"g","3023":"N","3024":"u","3025":"m","3026":"b","3027":"e","3028":"r","3029":" ","3030":"{","3031":"\\","3032":"n","3033":" ","3034":" ","3035":" ","3036":" ","3037":"l","3038":"e","3039":"t","3040":" ","3041":"c","3042":"t","3043":"o","3044":"r","3045":" ","3046":"=","3047":" ","3048":"B","3049":"i","3050":"g","3051":"N","3052":"u","3053":"m","3054":"b","3055":"e","3056":"r","3057":"\\","3058":"n","3059":" ","3060":" ","3061":" ","3062":" ","3063":"i","3064":"f","3065":" ","3066":"(","3067":"c","3068":"o","3069":"n","3070":"f","3071":"i","3072":"g","3073":")","3074":" ","3075":"{","3076":"\\","3077":"n","3078":" ","3079":" ","3080":" ","3081":" ","3082":" ","3083":" ","3084":"c","3085":"t","3086":"o","3087":"r","3088":" ","3089":"=","3090":" ","3091":"c","3092":"t","3093":"o","3094":"r","3095":".","3096":"c","3097":"l","3098":"o","3099":"n","3100":"e","3101":"(","3102":")","3103":"\\","3104":"n","3105":" ","3106":" ","3107":" ","3108":" ","3109":" ","3110":" ","3111":"c","3112":"t","3113":"o","3114":"r","3115":".","3116":"c","3117":"o","3118":"n","3119":"f","3120":"i","3121":"g","3122":"(","3123":"{","3124":"\\","3125":"n","3126":" ","3127":" ","3128":" ","3129":" ","3130":" ","3131":" ","3132":" ","3133":" ","3134":".","3135":".","3136":".","3137":"(","3138":"'","3139":"d","3140":"e","3141":"c","3142":"i","3143":"m","3144":"a","3145":"l","3146":"s","3147":"'","3148":" ","3149":"i","3150":"n","3151":" ","3152":"c","3153":"o","3154":"n","3155":"f","3156":"i","3157":"g","3158":" ","3159":"?","3160":" ","3161":"{","3162":" ","3163":"D","3164":"E","3165":"C","3166":"I","3167":"M","3168":"A","3169":"L","3170":"_","3171":"P","3172":"L","3173":"A","3174":"C","3175":"E","3176":"S","3177":":","3178":" ","3179":"c","3180":"o","3181":"n","3182":"f","3183":"i","3184":"g","3185":".","3186":"d","3187":"e","3188":"c","3189":"i","3190":"m","3191":"a","3192":"l","3193":"s","3194":" ","3195":"}","3196":" ","3197":":","3198":" ","3199":"{","3200":"}","3201":")","3202":",","3203":"\\","3204":"n","3205":" ","3206":" ","3207":" ","3208":" ","3209":" ","3210":" ","3211":" ","3212":" ","3213":".","3214":".","3215":".","3216":"(","3217":"'","3218":"r","3219":"o","3220":"u","3221":"n","3222":"d","3223":"i","3224":"n","3225":"g","3226":"'","3227":" ","3228":"i","3229":"n","3230":" ","3231":"c","3232":"o","3233":"n","3234":"f","3235":"i","3236":"g","3237":" ","3238":"?","3239":" ","3240":"{","3241":" ","3242":"R","3243":"O","3244":"U","3245":"N","3246":"D","3247":"I","3248":"N","3249":"G","3250":"_","3251":"M","3252":"O","3253":"D","3254":"E","3255":":","3256":" ","3257":"c","3258":"o","3259":"n","3260":"f","3261":"i","3262":"g","3263":".","3264":"r","3265":"o","3266":"u","3267":"n","3268":"d","3269":"i","3270":"n","3271":"g","3272":" ","3273":"}","3274":" ","3275":":","3276":" ","3277":"{","3278":"}","3279":")","3280":",","3281":"\\","3282":"n","3283":" ","3284":" ","3285":" ","3286":" ","3287":" ","3288":" ","3289":"}","3290":")","3291":"\\","3292":"n","3293":" ","3294":" ","3295":" ","3296":" ","3297":"}","3298":"\\","3299":"n","3300":"\\","3301":"n","3302":" ","3303":" ","3304":" ","3305":" ","3306":"i","3307":"f","3308":" ","3309":"(","3310":"B","3311":"i","3312":"g","3313":"N","3314":"u","3315":"m","3316":"b","3317":"e","3318":"r","3319":".","3320":"i","3321":"s","3322":"B","3323":"i","3324":"g","3325":"N","3326":"u","3327":"m","3328":"b","3329":"e","3330":"r","3331":"(","3332":"v","3333":"a","3334":"l","3335":"u","3336":"e","3337":")","3338":")","3339":" ","3340":"r","3341":"e","3342":"t","3343":"u","3344":"r","3345":"n","3346":" ","3347":"v","3348":"a","3349":"l","3350":"u","3351":"e","3352":"\\","3353":"n","3354":" ","3355":" ","3356":" ","3357":" ","3358":"i","3359":"f","3360":" ","3361":"(","3362":"B","3363":"N","3364":".","3365":"i","3366":"s","3367":"B","3368":"n","3369":"(","3370":"v","3371":"a","3372":"l","3373":"u","3374":"e","3375":")","3376":")","3377":" ","3378":"r","3379":"e","3380":"t","3381":"u","3382":"r","3383":"n","3384":" ","3385":"v","3386":"a","3387":"l","3388":"u","3389":"e","3390":".","3391":"#","3392":"b","3393":"n","3394":"\\","3395":"n","3396":"\\","3397":"n","3398":" ","3399":" ","3400":" ","3401":" ","3402":"t","3403":"r","3404":"y","3405":" ","3406":"{","3407":"\\","3408":"n","3409":" ","3410":" ","3411":" ","3412":" ","3413":" ","3414":" ","3415":"r","3416":"e","3417":"t","3418":"u","3419":"r","3420":"n","3421":" ","3422":"n","3423":"e","3424":"w","3425":" ","3426":"c","3427":"t","3428":"o","3429":"r","3430":"(","3431":"v","3432":"a","3433":"l","3434":"u","3435":"e","3436":")","3437":"\\","3438":"n","3439":" ","3440":" ","3441":" ","3442":" ","3443":"}","3444":" ","3445":"c","3446":"a","3447":"t","3448":"c","3449":"h","3450":" ","3451":"(","3452":"e","3453":"r","3454":"r","3455":"o","3456":"r","3457":")","3458":" ","3459":"{","3460":"\\","3461":"n","3462":" ","3463":" ","3464":" ","3465":" ","3466":" ","3467":" ","3468":"t","3469":"h","3470":"r","3471":"o","3472":"w","3473":" ","3474":"n","3475":"e","3476":"w","3477":" ","3478":"T","3479":"y","3480":"p","3481":"e","3482":"E","3483":"r","3484":"r","3485":"o","3486":"r","3487":"(","3488":"`","3489":"C","3490":"a","3491":"n","3492":"n","3493":"o","3494":"t","3495":" ","3496":"c","3497":"o","3498":"n","3499":"v","3500":"e","3501":"r","3502":"t","3503":" ","3504":"t","3505":"h","3506":"e","3507":" ","3508":"g","3509":"i","3510":"v","3511":"e","3512":"n","3513":" ","3514":"\\","3515":"\"","3516":"$","3517":"{","3518":"v","3519":"a","3520":"l","3521":"u","3522":"e","3523":"}","3524":"\\","3525":"\"","3526":" ","3527":"t","3528":"o","3529":" ","3530":"B","3531":"N","3532":"!","3533":"`","3534":")","3535":"\\","3536":"n","3537":" ","3538":" ","3539":" ","3540":" ","3541":"}","3542":"\\","3543":"n","3544":" ","3545":" ","3546":"}","3547":"\\","3548":"n","3549":"\\","3550":"n","3551":" ","3552":" ","3553":"p","3554":"u","3555":"b","3556":"l","3557":"i","3558":"c","3559":" ","3560":"s","3561":"t","3562":"a","3563":"t","3564":"i","3565":"c","3566":" ","3567":"m","3568":"i","3569":"n","3570":"(","3571":".","3572":".","3573":".","3574":"a","3575":"r","3576":"g","3577":"s","3578":":","3579":" ","3580":"B","3581":"N","3582":"[","3583":"]","3584":")","3585":":","3586":" ","3587":"B","3588":"N","3589":" ","3590":"{","3591":"\\","3592":"n","3593":" ","3594":" ","3595":" ","3596":" ","3597":"r","3598":"e","3599":"t","3600":"u","3601":"r","3602":"n","3603":" ","3604":"n","3605":"e","3606":"w","3607":" ","3608":"B","3609":"N","3610":"(","3611":"\\","3612":"n","3613":" ","3614":" ","3615":" ","3616":" ","3617":" ","3618":" ","3619":"B","3620":"i","3621":"g","3622":"N","3623":"u","3624":"m","3625":"b","3626":"e","3627":"r","3628":".","3629":"m","3630":"i","3631":"n","3632":"i","3633":"m","3634":"u","3635":"m","3636":"(","3637":".","3638":".","3639":".","3640":"B","3641":"N","3642":".","3643":"#","3644":"t","3645":"o","3646":"G","3647":"r","3648":"e","3649":"a","3650":"t","3651":"e","3652":"s","3653":"t","3654":"D","3655":"e","3656":"c","3657":"i","3658":"m","3659":"a","3660":"l","3661":"s","3662":"(","3663":".","3664":".","3665":".","3666":"a","3667":"r","3668":"g","3669":"s","3670":")","3671":".","3672":"m","3673":"a","3674":"p","3675":"(","3676":"e","3677":"l","3678":" ","3679":"=","3680":">","3681":" ","3682":"e","3683":"l","3684":".","3685":"#","3686":"b","3687":"n","3688":")","3689":")","3690":",","3691":"\\","3692":"n","3693":" ","3694":" ","3695":" ","3696":" ","3697":" ","3698":" ","3699":"{","3700":"\\","3701":"n","3702":" ","3703":" ","3704":" ","3705":" ","3706":" ","3707":" ","3708":" ","3709":" ","3710":"d","3711":"e","3712":"c","3713":"i","3714":"m","3715":"a","3716":"l","3717":"s","3718":":","3719":" ","3720":"B","3721":"N","3722":".","3723":"#","3724":"g","3725":"e","3726":"t","3727":"G","3728":"r","3729":"e","3730":"a","3731":"t","3732":"e","3733":"s","3734":"t","3735":"D","3736":"e","3737":"c","3738":"i","3739":"m","3740":"a","3741":"l","3742":"(","3743":".","3744":".","3745":".","3746":"a","3747":"r","3748":"g","3749":"s","3750":")","3751":".","3752":"d","3753":"e","3754":"c","3755":"i","3756":"m","3757":"a","3758":"l","3759":"s","3760":",","3761":"\\","3762":"n","3763":" ","3764":" ","3765":" ","3766":" ","3767":" ","3768":" ","3769":"}","3770":",","3771":"\\","3772":"n","3773":" ","3774":" ","3775":" ","3776":" ","3777":")","3778":"\\","3779":"n","3780":" ","3781":" ","3782":"}","3783":"\\","3784":"n","3785":"\\","3786":"n","3787":" ","3788":" ","3789":"p","3790":"u","3791":"b","3792":"l","3793":"i","3794":"c","3795":" ","3796":"s","3797":"t","3798":"a","3799":"t","3800":"i","3801":"c","3802":" ","3803":"m","3804":"a","3805":"x","3806":"(","3807":".","3808":".","3809":".","3810":"a","3811":"r","3812":"g","3813":"s","3814":":","3815":" ","3816":"B","3817":"N","3818":"[","3819":"]","3820":")","3821":":","3822":" ","3823":"B","3824":"N","3825":" ","3826":"{","3827":"\\","3828":"n","3829":" ","3830":" ","3831":" ","3832":" ","3833":"r","3834":"e","3835":"t","3836":"u","3837":"r","3838":"n","3839":" ","3840":"n","3841":"e","3842":"w","3843":" ","3844":"B","3845":"N","3846":"(","3847":"\\","3848":"n","3849":" ","3850":" ","3851":" ","3852":" ","3853":" ","3854":" ","3855":"B","3856":"i","3857":"g","3858":"N","3859":"u","3860":"m","3861":"b","3862":"e","3863":"r","3864":".","3865":"m","3866":"a","3867":"x","3868":"i","3869":"m","3870":"u","3871":"m","3872":"(","3873":".","3874":".","3875":".","3876":"B","3877":"N","3878":".","3879":"#","3880":"t","3881":"o","3882":"G","3883":"r","3884":"e","3885":"a","3886":"t","3887":"e","3888":"s","3889":"t","3890":"D","3891":"e","3892":"c","3893":"i","3894":"m","3895":"a","3896":"l","3897":"s","3898":"(","3899":".","3900":".","3901":".","3902":"a","3903":"r","3904":"g","3905":"s","3906":")","3907":".","3908":"m","3909":"a","3910":"p","3911":"(","3912":"e","3913":"l","3914":" ","3915":"=","3916":">","3917":" ","3918":"e","3919":"l","3920":".","3921":"#","3922":"b","3923":"n","3924":")","3925":")","3926":",","3927":"\\","3928":"n","3929":" ","3930":" ","3931":" ","3932":" ","3933":" ","3934":" ","3935":"{","3936":"\\","3937":"n","3938":" ","3939":" ","3940":" ","3941":" ","3942":" ","3943":" ","3944":" ","3945":" ","3946":"d","3947":"e","3948":"c","3949":"i","3950":"m","3951":"a","3952":"l","3953":"s","3954":":","3955":" ","3956":"B","3957":"N","3958":".","3959":"#","3960":"g","3961":"e","3962":"t","3963":"G","3964":"r","3965":"e","3966":"a","3967":"t","3968":"e","3969":"s","3970":"t","3971":"D","3972":"e","3973":"c","3974":"i","3975":"m","3976":"a","3977":"l","3978":"(","3979":".","3980":".","3981":".","3982":"a","3983":"r","3984":"g","3985":"s","3986":")","3987":".","3988":"d","3989":"e","3990":"c","3991":"i","3992":"m","3993":"a","3994":"l","3995":"s","3996":",","3997":"\\","3998":"n","3999
[...]
,"/Users/nikitabelous/work/web-kit/packages/tools/src/enums/bn.ts": {"path":"/Users/nikitabelous/work/web-kit/packages/tools/src/enums/bn.ts","statementMap":{"0":{"start":{"line":2,"column":0},"end":{"line":4,"column":3}},"1":{"start":{"line":5,"column":0},"end":{"line":10,"column":3}},"2":{"start":{"line":8,"column":8},"end":{"line":8,"column":27}},"3":{"start":{"line":12,"column":0},"end":{"line":23,"column":38}},"4":{"start":{"line":13,"column":4},"end":{"line":13,"column":56}},"5":{"start":{"line":14,"column":4},"end":{"line":14,"column":46}},"6":{"start":{"line":15,"column":4},"end":{"line":15,"column":50}},"7":{"start":{"line":16,"column":4},"end":{"line":16,"column":50}},"8":{"start":{"line":17,"column":4},"end":{"line":17,"column":52}},"9":{"start":{"line":18,"column":4},"end":{"line":18,"column":56}},"10":{"start":{"line":19,"column":4},"end":{"line":19,"column":60}},"11":{"start":{"line":20,"column":4},"end":{"line":20,"column":60}},"12":{"start":{"line":21,"column":4},"end":{"line":21,"column":60}},"13":{"start":{"line":22,"column":4},"end":{"line":22,"column":62}}},"fnMap":{"0":{"name":"(anonymous_0)","decl":{"start":{"line":7,"column":9},"end":{"line":7,"column":10}},"loc":{"start":{"line":7,"column":20},"end":{"line":9,"column":5}},"line":7},"1":{"name":"(anonymous_1)","decl":{"start":{"line":12,"column":1},"end":{"line":12,"column":2}},"loc":{"start":{"line":12,"column":23},"end":{"line":23,"column":1}},"line":12}},"branchMap":{"0":{"loc":{"start":{"line":23,"column":3},"end":{"line":23,"column":36}},"type":"binary-expr","locations":[{"start":{"line":23,"column":3},"end":{"line":23,"column":14}},{"start":{"line":23,"column":19},"end":{"line":23,"column":35}}],"line":23}},"s":{"0":1,"1":1,"2":97,"3":1,"4":1,"5":1,"6":1,"7":1,"8":1,"9":1,"10":1,"11":1,"12":1,"13":1},"f":{"0":97,"1":1},"b":{"0":[1,1]},"inputSourceMap":{"0":"{","1":"\"","2":"v","3":"e","4":"r","5":"s","6":"i","7":"o","8":"n","9":"\"","10":":","11":"3","12":",","13":"\"","14":"s","15":"o","16":"u","17":"r","18":"c","19":"e","20":"s","21":"\"","22":":","23":"[","24":"\"","25":"/","26":"U","27":"s","28":"e","29":"r","30":"s","31":"/","32":"n","33":"i","34":"k","35":"i","36":"t","37":"a","38":"b","39":"e","40":"l","41":"o","42":"u","43":"s","44":"/","45":"w","46":"o","47":"r","48":"k","49":"/","50":"w","51":"e","52":"b","53":"-","54":"k","55":"i","56":"t","57":"/","58":"p","59":"a","60":"c","61":"k","62":"a","63":"g","64":"e","65":"s","66":"/","67":"t","68":"o","69":"o","70":"l","71":"s","72":"/","73":"s","74":"r","75":"c","76":"/","77":"e","78":"n","79":"u","80":"m","81":"s","82":"/","83":"b","84":"n","85":".","86":"t","87":"s","88":"\"","89":"]","90":",","91":"\"","92":"s","93":"o","94":"u","95":"r","96":"c","97":"e","98":"s","99":"C","100":"o","101":"n","102":"t","103":"e","104":"n","105":"t","106":"\"","107":":","108":"[","109":"\"","110":"e","111":"x","112":"p","113":"o","114":"r","115":"t","116":" ","117":"e","118":"n","119":"u","120":"m","121":" ","122":"B","123":"N","124":"_","125":"R","126":"O","127":"U","128":"N","129":"D","130":"I","131":"N","132":"G","133":" ","134":"{","135":"\\","136":"n","137":" ","138":" ","139":"D","140":"E","141":"F","142":"A","143":"U","144":"L","145":"T","146":" ","147":"=","148":" ","149":"3","150":",","151":"\\","152":"n","153":" ","154":" ","155":"U","156":"P","157":" ","158":"=","159":" ","160":"0","161":",","162":"\\","163":"n","164":" ","165":" ","166":"D","167":"O","168":"W","169":"N","170":" ","171":"=","172":" ","173":"1","174":",","175":"\\","176":"n","177":" ","178":" ","179":"C","180":"E","181":"I","182":"L","183":" ","184":"=","185":" ","186":"2","187":",","188":"\\","189":"n","190":" ","191":" ","192":"F","193":"L","194":"O","195":"O","196":"R","197":" ","198":"=","199":" ","200":"3","201":",","202":"\\","203":"n","204":" ","205":" ","206":"H","207":"A","208":"L","209":"F","210":"_","211":"U","212":"P","213":" ","214":"=","215":" ","216":"4","217":",","218":"\\","219":"n","220":" ","221":" ","222":"H","223":"A","224":"L","225":"F","226":"_","227":"D","228":"O","229":"W","230":"N","231":" ","232":"=","233":" ","234":"5","235":",","236":"\\","237":"n","238":" ","239":" ","240":"H","241":"A","242":"L","243":"F","244":"_","245":"E","246":"V","247":"E","248":"N","249":" ","250":"=","251":" ","252":"6","253":",","254":"\\","255":"n","256":" ","257":" ","258":"H","259":"A","260":"L","261":"F","262":"_","263":"C","264":"E","265":"I","266":"L","267":" ","268":"=","269":" ","270":"7","271":",","272":"\\","273":"n","274":" ","275":" ","276":"H","277":"A","278":"L","279":"F","280":"_","281":"F","282":"L","283":"O","284":"O","285":"R","286":" ","287":"=","288":" ","289":"8","290":",","291":"\\","292":"n","293":"}","294":"\\","295":"n","296":"\"","297":"]","298":",","299":"\"","300":"n","301":"a","302":"m","303":"e","304":"s","305":"\"","306":":","307":"[","308":"\"","309":"B","310":"N","311":"_","312":"R","313":"O","314":"U","315":"N","316":"D","317":"I","318":"N","319":"G","320":"\"","321":",","322":"\"","323":"D","324":"E","325":"F","326":"A","327":"U","328":"L","329":"T","330":"\"","331":",","332":"\"","333":"U","334":"P","335":"\"","336":",","337":"\"","338":"D","339":"O","340":"W","341":"N","342":"\"","343":",","344":"\"","345":"C","346":"E","347":"I","348":"L","349":"\"","350":",","351":"\"","352":"F","353":"L","354":"O","355":"O","356":"R","357":"\"","358":",","359":"\"","360":"H","361":"A","362":"L","363":"F","364":"_","365":"U","366":"P","367":"\"","368":",","369":"\"","370":"H","371":"A","372":"L","373":"F","374":"_","375":"D","376":"O","377":"W","378":"N","379":"\"","380":",","381":"\"","382":"H","383":"A","384":"L","385":"F","386":"_","387":"E","388":"V","389":"E","390":"N","391":"\"","392":",","393":"\"","394":"H","395":"A","396":"L","397":"F","398":"_","399":"C","400":"E","401":"I","402":"L","403":"\"","404":",","405":"\"","406":"H","407":"A","408":"L","409":"F","410":"_","411":"F","412":"L","413":"O","414":"O","415":"R","416":"\"","417":"]","418":",","419":"\"","420":"m","421":"a","422":"p","423":"p","424":"i","425":"n","426":"g","427":"s","428":"\"","429":":","430":"\"","431":";","432":";","433":";","434":";","435":";","436":";","437":";","438":";","439":";","440":";","441":"I","442":"A","443":"A","444":"O","445":";","446":"U","447":"A","448":"A","449":"K","450":"A","451":",","452":"W","453":"A","454":"A","455":"W","456":";","457":"I","458":"A","459":"A","460":"X","461":"A","462":",","463":"Y","464":"A","465":"A","466":"A","467":"A","468":",","469":"Y","470":"A","471":"C","472":"V","473":"C","474":",","475":"a","476":"A","477":"A","478":"U","479":",","480":"K","481":"A","482":"A","483":"V","484":"A","485":";","486":"I","487":"A","488":"D","489":"U","490":"D","491":",","492":"Y","493":"A","494":"A","495":"A","496":"A","497":",","498":"Y","499":"A","500":"E","501":"V","502":"E","503":",","504":"Q","505":"A","506":"A","507":"K","508":",","509":"K","510":"A","511":"A","512":"L","513":"A","514":";","515":"I","516":"A","517":"F","518":"U","519":"F","520":",","521":"Y","522":"A","523":"A","524":"A","525":"A","526":",","527":"Y","528":"A","529":"G","530":"V","531":"G","532":",","533":"U","534":"A","535":"A","536":"O","537":",","538":"K","539":"A","540":"A","541":"P","542":"A","543":";","544":"I","545":"A","546":"H","547":"U","548":"H","549":",","550":"Y","551":"A","552":"A","553":"A","554":"A","555":",","556":"Y","557":"A","558":"I","559":"V","560":"I","561":",","562":"U","563":"A","564":"A","565":"O","566":",","567":"K","568":"A","569":"A","570":"P","571":"A","572":";","573":"I","574":"A","575":"J","576":"U","577":"J","578":",","579":"Y","580":"A","581":"A","582":"A","583":"A","584":",","585":"Y","586":"A","587":"K","588":"V","589":"K","590":",","591":"W","592":"A","593":"A","594":"Q","595":",","596":"K","597":"A","598":"A","599":"R","600":"A","601":";","602":"I","603":"A","604":"L","605":"U","606":"L","607":",","608":"Y","609":"A","610":"A","611":"A","612":"A","613":",","614":"Y","615":"A","616":"M","617":"V","618":"M","619":",","620":"a","621":"A","622":"A","623":"U","624":",","625":"K","626":"A","627":"A","628":"V","629":"A","630":";","631":"I","632":"A","633":"N","634":"U","635":"N","636":",","637":"Y","638":"A","639":"A","640":"A","641":"A","642":",","643":"Y","644":"A","645":"O","646":"V","647":"O","648":",","649":"e","650":"A","651":"A","652":"Y","653":",","654":"K","655":"A","656":"A","657":"Z","658":"A","659":";","660":"I","661":"A","662":"P","663":"U","664":"P","665":",","666":"Y","667":"A","668":"A","669":"A","670":"A","671":",","672":"Y","673":"A","674":"Q","675":"V","676":"Q","677":",","678":"e","679":"A","680":"A","681":"Y","682":",","683":"K","684":"A","685":"A","686":"Z","687":"A","688":";","689":"I","690":"A","691":"R","692":"U","693":"R","694":",","695":"Y","696":"A","697":"A","698":"A","699":"A","700":",","701":"Y","702":"A","703":"S","704":"V","705":"S","706":",","707":"e","708":"A","709":"A","710":"Y","711":",","712":"K","713":"A","714":"A","715":"Z","716":"A","717":";","718":"I","719":"A","720":"T","721":"U","722":"T","723":",","724":"Y","725":"A","726":"A","727":"A","728":"A","729":",","730":"Y","731":"A","732":"U","733":"V","734":"U","735":",","736":"g","737":"B","738":"A","739":"A","740":"a","741":",","742":"K","743":"A","744":"A","745":"b","746":"A","747":";","748":"G","749":"A","750":"V","751":"U","752":"V","753":",","754":"g","755":"B","756":"A","757":"A","758":"A","759":"A","760":"\"","761":"}"},"_coverageSchema":"1a1c01bbd47fc00a2c39e90264f33305004495a9","hash":"40450b74881527dc773ddc1947a350b9655e7aa9"}
,"/Users/nikitabelous/work/web-kit/packages/tools/src/enums/decimals.ts": {"path":"/Users/nikitabelous/work/web-kit/packages/tools/src/enums/decimals.ts","statementMap":{"0":{"start":{"line":2,"column":0},"end":{"line":4,"column":3}},"1":{"start":{"line":5,"column":0},"end":{"line":10,"column":3}},"2":{"start":{"line":8,"column":8},"end":{"line":8,"column":24}},"3":{"start":{"line":12,"column":0},"end":{"line":16,"column":32}},"4":{"start":{"line":13,"column":4},"end":{"line":13,"column":43}},"5":{"start":{"line":14,"column":4},"end":{"line":14,"column":47}},"6":{"start":{"line":15,"column":4},"end":{"line":15,"column":50}}},"fnMap":{"0":{"name":"(anonymous_0)","decl":{"start":{"line":7,"column":9},"end":{"line":7,"column":10}},"loc":{"start":{"line":7,"column":20},"end":{"line":9,"column":5}},"line":7},"1":{"name":"(anonymous_1)","decl":{"start":{"line":12,"column":1},"end":{"line":12,"column":2}},"loc":{"start":{"line":12,"column":20},"end":{"line":16,"column":1}},"line":12}},"branchMap":{"0":{"loc":{"start":{"line":16,"column":3},"end":{"line":16,"column":30}},"type":"binary-expr","locations":[{"start":{"line":16,"column":3},"end":{"line":16,"column":11}},{"start":{"line":16,"column":16},"end":{"line":16,"column":29}}],"line":16}},"s":{"0":1,"1":1,"2":1,"3":1,"4":1,"5":1,"6":1},"f":{"0":1,"1":1},"b":{"0":[1,1]},"inputSourceMap":{"0":"{","1":"\"","2":"v","3":"e","4":"r","5":"s","6":"i","7":"o","8":"n","9":"\"","10":":","11":"3","12":",","13":"\"","14":"s","15":"o","16":"u","17":"r","18":"c","19":"e","20":"s","21":"\"","22":":","23":"[","24":"\"","25":"/","26":"U","27":"s","28":"e","29":"r","30":"s","31":"/","32":"n","33":"i","34":"k","35":"i","36":"t","37":"a","38":"b","39":"e","40":"l","41":"o","42":"u","43":"s","44":"/","45":"w","46":"o","47":"r","48":"k","49":"/","50":"w","51":"e","52":"b","53":"-","54":"k","55":"i","56":"t","57":"/","58":"p","59":"a","60":"c","61":"k","62":"a","63":"g","64":"e","65":"s","66":"/","67":"t","68":"o","69":"o","70":"l","71":"s","72":"/","73":"s","74":"r","75":"c","76":"/","77":"e","78":"n","79":"u","80":"m","81":"s","82":"/","83":"d","84":"e","85":"c","86":"i","87":"m","88":"a","89":"l","90":"s","91":".","92":"t","93":"s","94":"\"","95":"]","96":",","97":"\"","98":"s","99":"o","100":"u","101":"r","102":"c","103":"e","104":"s","105":"C","106":"o","107":"n","108":"t","109":"e","110":"n","111":"t","112":"\"","113":":","114":"[","115":"\"","116":"e","117":"x","118":"p","119":"o","120":"r","121":"t","122":" ","123":"e","124":"n","125":"u","126":"m","127":" ","128":"D","129":"E","130":"C","131":"I","132":"M","133":"A","134":"L","135":"S","136":" ","137":"{","138":"\\","139":"n","140":" ","141":" ","142":"W","143":"E","144":"I","145":" ","146":"=","147":" ","148":"1","149":"8","150":",","151":"\\","152":"n","153":" ","154":" ","155":"Y","156":"O","157":"C","158":"T","159":"O","160":" ","161":"=","162":" ","163":"2","164":"4","165":",","166":"\\","167":"n","168":" ","169":" ","170":"L","171":"A","172":"M","173":"P","174":"O","175":"R","176":"T","177":" ","178":"=","179":" ","180":"9","181":",","182":"\\","183":"n","184":"}","185":"\\","186":"n","187":"\"","188":"]","189":",","190":"\"","191":"n","192":"a","193":"m","194":"e","195":"s","196":"\"","197":":","198":"[","199":"\"","200":"D","201":"E","202":"C","203":"I","204":"M","205":"A","206":"L","207":"S","208":"\"","209":",","210":"\"","211":"W","212":"E","213":"I","214":"\"","215":",","216":"\"","217":"Y","218":"O","219":"C","220":"T","221":"O","222":"\"","223":",","224":"\"","225":"L","226":"A","227":"M","228":"P","229":"O","230":"R","231":"T","232":"\"","233":"]","234":",","235":"\"","236":"m","237":"a","238":"p","239":"p","240":"i","241":"n","242":"g","243":"s","244":"\"","245":":","246":"\"","247":";","248":";","249":";","250":";","251":";","252":";","253":";","254":";","255":";","256":";","257":"I","258":"A","259":"A","260":"O","261":";","262":"U","263":"A","264":"A","265":"K","266":"A","267":",","268":"Q","269":"A","270":"A","271":"Q","272":";","273":"I","274":"A","275":"A","276":"R","277":"A","278":",","279":"S","280":"A","281":"A","282":"A","283":"A","284":",","285":"S","286":"A","287":"C","288":"V","289":"C","290":",","291":"S","292":"A","293":"A","294":"M","295":",","296":"M","297":"A","298":"A","299":"N","300":"A","301":";","302":"I","303":"A","304":"D","305":"U","306":"D","307":",","308":"S","309":"A","310":"A","311":"A","312":"A","313":",","314":"S","315":"A","316":"E","317":"V","318":"E","319":",","320":"W","321":"A","322":"A","323":"Q","324":",","325":"M","326":"A","327":"A","328":"R","329":"A","330":";","331":"I","332":"A","333":"F","334":"U","335":"F","336":",","337":"S","338":"A","339":"A","340":"A","341":"A","342":",","343":"S","344":"A","345":"G","346":"V","347":"G","348":",","349":"a","350":"A","351":"A","352":"U","353":",","354":"K","355":"A","356":"A","357":"V","358":"A","359":";","360":"G","361":"A","362":"H","363":"U","364":"H","365":",","366":"a","367":"A","368":"A","369":"A","370":"A","371":"\"","372":"}"},"_coverageSchema":"1a1c01bbd47fc00a2c39e90264f33305004495a9","hash":"c432c7525d746fdf842f62e4e2419b8d36a7a578"}
,"/Users/nikitabelous/work/web-kit/packages/tools/src/enums/index.ts": {"path":"/Users/nikitabelous/work/web-kit/packages/tools/src/enums/index.ts","statementMap":{"0":{"start":{"line":2,"column":0},"end":{"line":4,"column":3}},"1":{"start":{"line":5,"column":0},"end":{"line":5,"column":39}},"2":{"start":{"line":6,"column":0},"end":{"line":6,"column":45}},"3":{"start":{"line":8,"column":4},"end":{"line":17,"column":7}},"4":{"start":{"line":9,"column":8},"end":{"line":16,"column":9}},"5":{"start":{"line":10,"column":12},"end":{"line":15,"column":15}},"6":{"start":{"line":13,"column":20},"end":{"line":13,"column":35}},"7":{"start":{"line":18,"column":4},"end":{"line":18,"column":16}}},"fnMap":{"0":{"name":"_export_star","decl":{"start":{"line":7,"column":9},"end":{"line":7,"column":21}},"loc":{"start":{"line":7,"column":32},"end":{"line":19,"column":1}},"line":7},"1":{"name":"(anonymous_1)","decl":{"start":{"line":8,"column":30},"end":{"line":8,"column":31}},"loc":{"start":{"line":8,"column":42},"end":{"line":17,"column":5}},"line":8},"2":{"name":"(anonymous_2)","decl":{"start":{"line":12,"column":21},"end":{"line":12,"column":22}},"loc":{"start":{"line":12,"column":32},"end":{"line":14,"column":17}},"line":12}},"branchMap":{"0":{"loc":{"start":{"line":9,"column":8},"end":{"line":16,"column":9}},"type":"if","locations":[{"start":{"line":9,"column":8},"end":{"line":16,"column":9}},{"start":{},"end":{}}],"line":9},"1":{"loc":{"start":{"line":9,"column":12},"end":{"line":9,"column":75}},"type":"binary-expr","locations":[{"start":{"line":9,"column":12},"end":{"line":9,"column":27}},{"start":{"line":9,"column":31},"end":{"line":9,"column":75}}],"line":9}},"s":{"0":1,"1":1,"2":1,"3":2,"4":2,"5":2,"6":98,"7":2},"f":{"0":2,"1":2,"2":98},"b":{"0":[2,0],"1":[2,2]},"inputSourceMap":{"0":"{","1":"\"","2":"v","3":"e","4":"r","5":"s","6":"i","7":"o","8":"n","9":"\"","10":":","11":"3","12":",","13":"\"","14":"s","15":"o","16":"u","17":"r","18":"c","19":"e","20":"s","21":"\"","22":":","23":"[","24":"\"","25":"/","26":"U","27":"s","28":"e","29":"r","30":"s","31":"/","32":"n","33":"i","34":"k","35":"i","36":"t","37":"a","38":"b","39":"e","40":"l","41":"o","42":"u","43":"s","44":"/","45":"w","46":"o","47":"r","48":"k","49":"/","50":"w","51":"e","52":"b","53":"-","54":"k","55":"i","56":"t","57":"/","58":"p","59":"a","60":"c","61":"k","62":"a","63":"g","64":"e","65":"s","66":"/","67":"t","68":"o","69":"o","70":"l","71":"s","72":"/","73":"s","74":"r","75":"c","76":"/","77":"e","78":"n","79":"u","80":"m","81":"s","82":"/","83":"i","84":"n","85":"d","86":"e","87":"x","88":".","89":"t","90":"s","91":"\"","92":"]","93":",","94":"\"","95":"s","96":"o","97":"u","98":"r","99":"c","100":"e","101":"s","102":"C","103":"o","104":"n","105":"t","106":"e","107":"n","108":"t","109":"\"","110":":","111":"[","112":"\"","113":"e","114":"x","115":"p","116":"o","117":"r","118":"t","119":" ","120":"*","121":" ","122":"f","123":"r","124":"o","125":"m","126":" ","127":"'","128":".","129":"/","130":"b","131":"n","132":"'","133":"\\","134":"n","135":"e","136":"x","137":"p","138":"o","139":"r","140":"t","141":" ","142":"*","143":" ","144":"f","145":"r","146":"o","147":"m","148":" ","149":"'","150":".","151":"/","152":"d","153":"e","154":"c","155":"i","156":"m","157":"a","158":"l","159":"s","160":"'","161":"\\","162":"n","163":"\"","164":"]","165":",","166":"\"","167":"n","168":"a","169":"m","170":"e","171":"s","172":"\"","173":":","174":"[","175":"]","176":",","177":"\"","178":"m","179":"a","180":"p","181":"p","182":"i","183":"n","184":"g","185":"s","186":"\"","187":":","188":"\"","189":";","190":";","191":";","192":";","193":"q","194":"B","195":"A","196":"A","197":"c","198":";","199":"q","200":"B","201":"A","202":"C","203":"A","204":"\"","205":"}"},"_coverageSchema":"1a1c01bbd47fc00a2c39e90264f33305004495a9","hash":"79f768c67f8c416690896838d4efa420caf3c26e"}
}
