TN:
SF:src/bn.ts
FN:7,(anonymous_0)
FN:13,_check_private_redeclaration
FN:18,_class_apply_descriptor_get
FN:24,_class_apply_descriptor_set
FN:34,_class_extract_field_descriptor
FN:40,_class_private_field_get
FN:44,_class_private_field_init
FN:48,_class_private_field_set
FN:53,_define_property
FN:66,_interop_require_default
FN:71,_object_spread
FN:76,(anonymous_11)
FN:80,(anonymous_12)
FN:86,ownKeys
FN:91,(anonymous_14)
FN:99,_object_spread_props
FN:104,(anonymous_16)
FN:110,_object_without_properties
FN:125,_object_without_properties_loose
FN:137,_class_static_private_method_get
FN:141,_class_check_private_static_access
FN:164,(anonymous_21)
FN:175,(anonymous_22)
FN:180,(anonymous_23)
FN:183,(anonymous_24)
FN:184,(anonymous_25)
FN:188,(anonymous_26)
FN:189,(anonymous_27)
FN:193,(anonymous_28)
FN:196,(anonymous_29)
FN:199,(anonymous_30)
FN:202,(anonymous_31)
FN:205,(anonymous_32)
FN:212,(anonymous_33)
FN:215,(anonymous_34)
FN:223,(anonymous_35)
FN:234,(anonymous_36)
FN:240,(anonymous_37)
FN:246,(anonymous_38)
FN:251,(anonymous_39)
FN:262,(anonymous_40)
FN:265,(anonymous_41)
FN:268,(anonymous_42)
FN:271,(anonymous_43)
FN:274,(anonymous_44)
FN:277,(anonymous_45)
FN:280,(anonymous_46)
FN:296,(anonymous_47)
FN:300,(anonymous_48)
FN:306,(anonymous_49)
FN:315,(anonymous_50)
FN:343,getGreatestDecimal
FN:344,(anonymous_52)
FN:344,(anonymous_53)
FN:346,toGreatestDecimals
FN:348,(anonymous_55)
FN:350,makeTenPower
FN:353,makeOneTenthPower
FN:356,instance
FNF:59
FNH:48
FNDA:65,(anonymous_0)
FNDA:370,_check_private_redeclaration
FNDA:453,_class_apply_descriptor_get
FNDA:370,_class_apply_descriptor_set
FNDA:823,_class_extract_field_descriptor
FNDA:453,_class_private_field_get
FNDA:370,_class_private_field_init
FNDA:370,_class_private_field_set
FNDA:550,_define_property
FNDA:1,_interop_require_default
FNDA:305,_object_spread
FNDA:0,(anonymous_11)
FNDA:547,(anonymous_12)
FNDA:0,ownKeys
FNDA:0,(anonymous_14)
FNDA:20,_object_spread_props
FNDA:0,(anonymous_16)
FNDA:5,_object_without_properties
FNDA:5,_object_without_properties_loose
FNDA:459,_class_static_private_method_get
FNDA:459,_class_check_private_static_access
FNDA:37,(anonymous_21)
FNDA:58,(anonymous_22)
FNDA:309,(anonymous_23)
FNDA:0,(anonymous_24)
FNDA:0,(anonymous_25)
FNDA:0,(anonymous_26)
FNDA:0,(anonymous_27)
FNDA:0,(anonymous_28)
FNDA:155,(anonymous_29)
FNDA:66,(anonymous_30)
FNDA:2,(anonymous_31)
FNDA:32,(anonymous_32)
FNDA:5,(anonymous_33)
FNDA:9,(anonymous_34)
FNDA:2,(anonymous_35)
FNDA:2,(anonymous_36)
FNDA:2,(anonymous_37)
FNDA:0,(anonymous_38)
FNDA:7,(anonymous_39)
FNDA:1,(anonymous_40)
FNDA:1,(anonymous_41)
FNDA:1,(anonymous_42)
FNDA:1,(anonymous_43)
FNDA:2,(anonymous_44)
FNDA:0,(anonymous_45)
FNDA:5,(anonymous_46)
FNDA:58,(anonymous_47)
FNDA:6,(anonymous_48)
FNDA:5,(anonymous_49)
FNDA:185,(anonymous_50)
FNDA:30,getGreatestDecimal
FNDA:30,(anonymous_52)
FNDA:60,(anonymous_53)
FNDA:15,toGreatestDecimals
FNDA:30,(anonymous_55)
FNDA:105,makeTenPower
FNDA:6,makeOneTenthPower
FNDA:303,instance
DA:2,1
DA:5,1
DA:8,65
DA:11,1
DA:12,1
DA:14,370
DA:15,0
DA:19,453
DA:20,0
DA:22,453
DA:25,370
DA:26,0
DA:28,370
DA:29,0
DA:31,370
DA:35,823
DA:36,0
DA:38,823
DA:41,453
DA:42,453
DA:45,370
DA:46,370
DA:49,370
DA:50,370
DA:51,370
DA:54,550
DA:55,7
DA:62,543
DA:64,550
DA:67,1
DA:72,305
DA:73,595
DA:74,595
DA:75,595
DA:76,595
DA:77,0
DA:80,595
DA:81,547
DA:84,305
DA:87,0
DA:88,0
DA:89,0
DA:90,0
DA:91,0
DA:92,0
DA:95,0
DA:97,0
DA:100,20
DA:101,20
DA:102,20
DA:104,0
DA:105,0
DA:108,20
DA:111,5
DA:112,5
DA:114,5
DA:115,5
DA:116,5
DA:117,0
DA:118,0
DA:119,0
DA:120,0
DA:123,5
DA:126,5
DA:127,5
DA:128,5
DA:130,5
DA:131,12
DA:132,12
DA:133,7
DA:135,5
DA:138,459
DA:139,459
DA:142,459
DA:143,0
DA:146,1
DA:156,1
DA:157,1
DA:165,37
DA:176,58
DA:181,309
DA:184,0
DA:189,0
DA:194,0
DA:197,155
DA:200,66
DA:203,2
DA:206,32
DA:213,5
DA:216,9
DA:217,9
DA:218,9
DA:224,2
DA:225,0
DA:227,2
DA:228,2
DA:229,2
DA:235,2
DA:236,2
DA:241,2
DA:242,2
DA:247,0
DA:248,0
DA:249,0
DA:252,7
DA:253,1
DA:258,6
DA:259,6
DA:260,6
DA:263,1
DA:266,1
DA:269,1
DA:272,1
DA:275,2
DA:278,0
DA:281,5
DA:282,5
DA:288,5
DA:293,0
DA:297,58
DA:298,58
DA:301,6
DA:302,6
DA:308,5
DA:316,185
DA:320,185
DA:324,185
DA:325,0
DA:331,185
DA:336,185
DA:337,185
DA:340,1
DA:341,1
DA:342,1
DA:344,60
DA:347,15
DA:348,30
DA:351,105
DA:354,6
DA:357,303
DA:358,303
DA:359,185
DA:360,185
DA:366,303
DA:367,198
DA:368,198
DA:369,198
DA:371,0
LF:148
LH:116
BRDA:14,0,0,0
BRDA:14,0,1,370
BRDA:19,1,0,0
BRDA:19,1,1,453
BRDA:25,2,0,0
BRDA:25,2,1,370
BRDA:28,3,0,0
BRDA:28,3,1,370
BRDA:35,4,0,0
BRDA:35,4,1,823
BRDA:54,5,0,7
BRDA:54,5,1,543
BRDA:67,6,0,0
BRDA:67,6,1,1
BRDA:67,7,0,1
BRDA:67,7,1,1
BRDA:73,8,0,595
BRDA:73,8,1,0
BRDA:75,9,0,595
BRDA:75,9,1,0
BRDA:88,10,0,0
BRDA:88,10,1,0
BRDA:90,11,0,0
BRDA:90,11,1,0
BRDA:100,12,0,20
BRDA:100,12,1,0
BRDA:101,13,0,20
BRDA:101,13,1,0
BRDA:111,14,0,0
BRDA:111,14,1,5
BRDA:114,15,0,5
BRDA:114,15,1,0
BRDA:118,16,0,0
BRDA:118,16,1,0
BRDA:119,17,0,0
BRDA:119,17,1,0
BRDA:126,18,0,0
BRDA:126,18,1,5
BRDA:132,19,0,5
BRDA:132,19,1,7
BRDA:142,20,0,0
BRDA:142,20,1,459
BRDA:164,21,0,37
BRDA:175,22,0,58
BRDA:213,23,0,5
BRDA:213,23,1,5
BRDA:224,24,0,0
BRDA:224,24,1,2
BRDA:252,25,0,1
BRDA:252,25,1,6
BRDA:252,26,0,7
BRDA:252,26,1,7
BRDA:282,27,0,5
BRDA:282,27,1,0
BRDA:282,28,0,0
BRDA:282,29,0,5
BRDA:289,30,0,0
BRDA:289,30,1,5
BRDA:289,31,0,4
BRDA:289,31,1,1
BRDA:289,32,0,5
BRDA:289,32,1,5
BRDA:289,33,0,0
BRDA:289,33,1,5
BRDA:289,34,0,5
BRDA:289,34,1,5
BRDA:293,35,0,0
BRDA:293,35,1,0
BRDA:293,36,0,0
BRDA:293,36,1,0
BRDA:293,37,0,0
BRDA:293,37,1,0
BRDA:297,38,0,58
BRDA:297,38,1,0
BRDA:301,39,0,6
BRDA:301,39,1,0
BRDA:324,40,0,0
BRDA:324,40,1,185
BRDA:324,41,0,185
BRDA:324,41,1,185
BRDA:333,42,0,185
BRDA:333,42,1,95
BRDA:334,43,0,90
BRDA:334,43,1,95
BRDA:334,44,0,185
BRDA:334,44,1,185
BRDA:351,45,0,0
BRDA:351,45,1,105
BRDA:354,46,0,0
BRDA:354,46,1,6
BRDA:358,47,0,185
BRDA:358,47,1,118
BRDA:360,48,0,185
BRDA:360,48,1,0
BRDA:362,49,0,185
BRDA:362,49,1,0
BRDA:366,50,0,105
BRDA:366,50,1,198
BRDA:367,51,0,0
BRDA:367,51,1,198
BRF:100
BRH:59
end_of_record
TN:
SF:src/duration.ts
FN:5,_export
FN:12,(anonymous_1)
FN:15,(anonymous_2)
FN:21,_check_private_redeclaration
FN:26,_class_apply_descriptor_get
FN:32,_class_apply_descriptor_set
FN:42,_class_extract_field_descriptor
FN:48,_class_private_field_get
FN:52,_class_private_field_init
FN:56,_class_private_field_set
FN:61,_interop_require_default
FN:69,(anonymous_11)
FN:74,(anonymous_12)
FN:77,(anonymous_13)
FN:80,(anonymous_14)
FN:83,(anonymous_15)
FN:86,(anonymous_16)
FN:89,(anonymous_17)
FN:92,(anonymous_18)
FN:95,(anonymous_19)
FN:98,(anonymous_20)
FN:101,(anonymous_21)
FN:104,(anonymous_22)
FN:107,(anonymous_23)
FN:110,(anonymous_24)
FN:113,(anonymous_25)
FN:116,(anonymous_26)
FN:119,(anonymous_27)
FN:122,(anonymous_28)
FN:125,(anonymous_29)
FN:128,(anonymous_30)
FN:131,(anonymous_31)
FN:139,duration
FNF:33
FNH:26
FNDA:1,_export
FNDA:14,(anonymous_1)
FNDA:0,(anonymous_2)
FNDA:14,_check_private_redeclaration
FNDA:14,_class_apply_descriptor_get
FNDA:14,_class_apply_descriptor_set
FNDA:28,_class_extract_field_descriptor
FNDA:14,_class_private_field_get
FNDA:14,_class_private_field_init
FNDA:14,_class_private_field_set
FNDA:2,_interop_require_default
FNDA:14,(anonymous_11)
FNDA:0,(anonymous_12)
FNDA:1,(anonymous_13)
FNDA:1,(anonymous_14)
FNDA:1,(anonymous_15)
FNDA:1,(anonymous_16)
FNDA:1,(anonymous_17)
FNDA:1,(anonymous_18)
FNDA:1,(anonymous_19)
FNDA:1,(anonymous_20)
FNDA:1,(anonymous_21)
FNDA:1,(anonymous_22)
FNDA:1,(anonymous_23)
FNDA:1,(anonymous_24)
FNDA:1,(anonymous_25)
FNDA:1,(anonymous_26)
FNDA:0,(anonymous_27)
FNDA:0,(anonymous_28)
FNDA:0,(anonymous_29)
FNDA:0,(anonymous_30)
FNDA:14,(anonymous_31)
FNDA:0,duration
DA:2,1
DA:6,2
DA:11,1
DA:13,14
DA:16,0
DA:19,1
DA:20,1
DA:22,14
DA:23,0
DA:27,14
DA:28,0
DA:30,14
DA:33,14
DA:34,0
DA:36,14
DA:37,0
DA:39,14
DA:43,28
DA:44,0
DA:46,28
DA:49,14
DA:50,14
DA:53,14
DA:54,14
DA:57,14
DA:58,14
DA:59,14
DA:62,2
DA:66,1
DA:67,1
DA:68,1
DA:70,14
DA:71,14
DA:72,14
DA:75,0
DA:78,1
DA:81,1
DA:84,1
DA:87,1
DA:90,1
DA:93,1
DA:96,1
DA:99,1
DA:102,1
DA:105,1
DA:108,1
DA:111,1
DA:114,1
DA:117,1
DA:120,0
DA:123,0
DA:126,0
DA:129,0
DA:132,14
DA:136,14
DA:140,0
LF:56
LH:44
BRDA:22,0,0,0
BRDA:22,0,1,14
BRDA:27,1,0,0
BRDA:27,1,1,14
BRDA:33,2,0,0
BRDA:33,2,1,14
BRDA:36,3,0,0
BRDA:36,3,1,14
BRDA:43,4,0,0
BRDA:43,4,1,28
BRDA:62,5,0,0
BRDA:62,5,1,2
BRDA:62,6,0,2
BRDA:62,6,1,2
BRDA:70,7,0,0
BRDA:70,7,1,14
BRDA:71,8,0,0
BRDA:71,8,1,14
BRF:18
BRH:10
end_of_record
TN:
SF:src/event-emitter.ts
FN:7,(anonymous_0)
FN:11,_check_private_redeclaration
FN:16,_class_apply_descriptor_get
FN:22,_class_apply_descriptor_set
FN:32,_class_extract_field_descriptor
FN:38,_class_private_field_get
FN:42,_class_private_field_init
FN:46,_class_private_field_set
FN:53,(anonymous_8)
FN:56,(anonymous_9)
FN:60,(anonymous_10)
FN:61,(anonymous_11)
FN:67,(anonymous_12)
FN:69,(anonymous_13)
FN:71,(anonymous_14)
FN:73,(anonymous_15)
FN:77,(anonymous_16)
FN:80,(anonymous_17)
FNF:18
FNH:15
FNDA:4,(anonymous_0)
FNDA:4,_check_private_redeclaration
FNDA:20,_class_apply_descriptor_get
FNDA:0,_class_apply_descriptor_set
FNDA:20,_class_extract_field_descriptor
FNDA:20,_class_private_field_get
FNDA:4,_class_private_field_init
FNDA:0,_class_private_field_set
FNDA:2,(anonymous_8)
FNDA:5,(anonymous_9)
FNDA:1,(anonymous_10)
FNDA:1,(anonymous_11)
FNDA:2,(anonymous_12)
FNDA:2,(anonymous_13)
FNDA:4,(anonymous_14)
FNDA:5,(anonymous_15)
FNDA:0,(anonymous_16)
FNDA:4,(anonymous_17)
DA:2,1
DA:5,1
DA:8,4
DA:12,4
DA:13,0
DA:17,20
DA:18,0
DA:20,20
DA:23,0
DA:24,0
DA:26,0
DA:27,0
DA:29,0
DA:33,20
DA:34,0
DA:36,20
DA:39,20
DA:40,20
DA:43,4
DA:44,4
DA:47,0
DA:48,0
DA:49,0
DA:51,1
DA:52,1
DA:54,2
DA:58,5
DA:61,1
DA:62,1
DA:63,1
DA:65,1
DA:69,2
DA:73,4
DA:74,5
DA:78,0
DA:81,4
LF:36
LH:24
BRDA:12,0,0,0
BRDA:12,0,1,4
BRDA:17,1,0,0
BRDA:17,1,1,20
BRDA:23,2,0,0
BRDA:23,2,1,0
BRDA:26,3,0,0
BRDA:26,3,1,0
BRDA:33,4,0,0
BRDA:33,4,1,20
BRDA:58,5,0,0
BRDA:58,5,1,5
BRDA:58,6,0,5
BRDA:58,6,1,5
BRDA:58,7,0,5
BRDA:58,7,1,4
BRDA:69,8,0,0
BRDA:69,8,1,2
BRDA:69,9,0,2
BRDA:69,9,1,2
BRDA:69,10,0,2
BRDA:69,10,1,0
BRDA:73,11,0,0
BRDA:73,11,1,4
BRDA:73,12,0,4
BRDA:73,12,1,4
BRDA:73,13,0,4
BRDA:73,13,1,0
BRF:28
BRH:16
end_of_record
TN:
SF:src/time.ts
FN:5,_export
FN:12,(anonymous_1)
FN:15,(anonymous_2)
FN:30,_check_private_redeclaration
FN:35,_class_apply_descriptor_get
FN:41,_class_apply_descriptor_set
FN:51,_class_extract_field_descriptor
FN:57,_class_private_field_get
FN:61,_class_private_field_init
FN:65,_class_private_field_set
FN:70,_interop_require_default
FN:87,(anonymous_11)
FN:90,(anonymous_12)
FN:93,(anonymous_13)
FN:96,(anonymous_14)
FN:99,(anonymous_15)
FN:102,(anonymous_16)
FN:105,(anonymous_17)
FN:109,(anonymous_18)
FN:113,(anonymous_19)
FN:116,(anonymous_20)
FN:119,(anonymous_21)
FN:122,(anonymous_22)
FN:125,(anonymous_23)
FN:128,(anonymous_24)
FN:131,(anonymous_25)
FN:134,(anonymous_26)
FN:135,(anonymous_27)
FN:140,(anonymous_28)
FN:144,(anonymous_29)
FN:147,(anonymous_30)
FN:150,(anonymous_31)
FN:153,(anonymous_32)
FN:157,(anonymous_33)
FN:161,(anonymous_34)
FN:164,(anonymous_35)
FN:167,(anonymous_36)
FN:170,(anonymous_37)
FN:173,(anonymous_38)
FN:176,(anonymous_39)
FN:179,(anonymous_40)
FN:182,(anonymous_41)
FN:185,(anonymous_42)
FN:188,(anonymous_43)
FN:191,(anonymous_44)
FN:194,(anonymous_45)
FN:202,(anonymous_46)
FNF:47
FNH:30
FNDA:1,_export
FNDA:44,(anonymous_1)
FNDA:0,(anonymous_2)
FNDA:45,_check_private_redeclaration
FNDA:59,_class_apply_descriptor_get
FNDA:58,_class_apply_descriptor_set
FNDA:117,_class_extract_field_descriptor
FNDA:59,_class_private_field_get
FNDA:45,_class_private_field_init
FNDA:58,_class_private_field_set
FNDA:11,_interop_require_default
FNDA:0,(anonymous_11)
FNDA:0,(anonymous_12)
FNDA:0,(anonymous_13)
FNDA:45,(anonymous_14)
FNDA:0,(anonymous_15)
FNDA:2,(anonymous_16)
FNDA:0,(anonymous_17)
FNDA:10,(anonymous_18)
FNDA:2,(anonymous_19)
FNDA:1,(anonymous_20)
FNDA:1,(anonymous_21)
FNDA:1,(anonymous_22)
FNDA:1,(anonymous_23)
FNDA:1,(anonymous_24)
FNDA:0,(anonymous_25)
FNDA:0,(anonymous_26)
FNDA:0,(anonymous_27)
FNDA:2,(anonymous_28)
FNDA:0,(anonymous_29)
FNDA:21,(anonymous_30)
FNDA:0,(anonymous_31)
FNDA:1,(anonymous_32)
FNDA:0,(anonymous_33)
FNDA:2,(anonymous_34)
FNDA:2,(anonymous_35)
FNDA:2,(anonymous_36)
FNDA:3,(anonymous_37)
FNDA:3,(anonymous_38)
FNDA:2,(anonymous_39)
FNDA:2,(anonymous_40)
FNDA:0,(anonymous_41)
FNDA:0,(anonymous_42)
FNDA:0,(anonymous_43)
FNDA:0,(anonymous_44)
FNDA:45,(anonymous_45)
FNDA:0,(anonymous_46)
DA:2,1
DA:6,2
DA:11,1
DA:13,44
DA:16,0
DA:19,1
DA:20,1
DA:21,1
DA:22,1
DA:23,1
DA:24,1
DA:25,1
DA:26,1
DA:27,1
DA:28,1
DA:29,1
DA:31,45
DA:32,0
DA:36,59
DA:37,0
DA:39,59
DA:42,58
DA:43,0
DA:45,58
DA:46,0
DA:48,58
DA:52,117
DA:53,0
DA:55,117
DA:58,59
DA:59,59
DA:62,45
DA:63,45
DA:66,58
DA:67,58
DA:68,58
DA:71,11
DA:75,1
DA:76,1
DA:77,1
DA:78,1
DA:79,1
DA:80,1
DA:81,1
DA:82,1
DA:83,1
DA:84,1
DA:85,1
DA:86,1
DA:88,0
DA:91,0
DA:94,0
DA:97,45
DA:100,0
DA:103,2
DA:106,0
DA:107,0
DA:110,10
DA:111,10
DA:114,2
DA:117,1
DA:120,1
DA:123,1
DA:126,1
DA:129,1
DA:132,0
DA:135,0
DA:136,0
DA:137,0
DA:141,2
DA:142,2
DA:145,0
DA:148,21
DA:151,0
DA:154,1
DA:155,1
DA:158,0
DA:159,0
DA:162,2
DA:165,2
DA:168,2
DA:171,3
DA:174,3
DA:177,2
DA:180,2
DA:183,0
DA:186,0
DA:189,0
DA:192,0
DA:195,45
DA:199,45
DA:202,1
LF:92
LH:68
BRDA:31,0,0,0
BRDA:31,0,1,45
BRDA:36,1,0,0
BRDA:36,1,1,59
BRDA:42,2,0,0
BRDA:42,2,1,58
BRDA:45,3,0,0
BRDA:45,3,1,58
BRDA:52,4,0,0
BRDA:52,4,1,117
BRDA:71,5,0,0
BRDA:71,5,1,11
BRDA:71,6,0,11
BRDA:71,6,1,11
BRDA:179,7,0,2
BRF:15
BRH:9
end_of_record
TN:
SF:src/enums/bn.ts
FN:7,(anonymous_0)
FN:12,(anonymous_1)
FNF:2
FNH:2
FNDA:97,(anonymous_0)
FNDA:1,(anonymous_1)
DA:2,1
DA:5,1
DA:8,97
DA:12,1
DA:13,1
DA:14,1
DA:15,1
DA:16,1
DA:17,1
DA:18,1
DA:19,1
DA:20,1
DA:21,1
DA:22,1
LF:14
LH:14
BRDA:23,0,0,1
BRDA:23,0,1,1
BRF:2
BRH:2
end_of_record
TN:
SF:src/enums/decimals.ts
FN:7,(anonymous_0)
FN:12,(anonymous_1)
FNF:2
FNH:2
FNDA:1,(anonymous_0)
FNDA:1,(anonymous_1)
DA:2,1
DA:5,1
DA:8,1
DA:12,1
DA:13,1
DA:14,1
DA:15,1
LF:7
LH:7
BRDA:16,0,0,1
BRDA:16,0,1,1
BRF:2
BRH:2
end_of_record
TN:
SF:src/enums/index.ts
FN:7,_export_star
FN:8,(anonymous_1)
FN:12,(anonymous_2)
FNF:3
FNH:3
FNDA:2,_export_star
FNDA:2,(anonymous_1)
FNDA:98,(anonymous_2)
DA:2,1
DA:5,1
DA:6,1
DA:8,2
DA:9,2
DA:10,2
DA:13,98
DA:18,2
LF:8
LH:8
BRDA:9,0,0,2
BRDA:9,0,1,0
BRDA:9,1,0,2
BRDA:9,1,1,2
BRF:4
BRH:3
end_of_record
