<?xml version="1.0" encoding="UTF-8"?>
<coverage generated="1682505260456" clover="3.2.0">
  <project timestamp="1682505260456" name="All files">
    <metrics statements="382" coveredstatements="304" conditionals="139" coveredconditionals="82" methods="171" coveredmethods="139" elements="692" coveredelements="525" complexity="0" loc="382" ncloc="382" packages="5" files="8" classes="8"/>
    <package name="fetcher.src">
      <metrics statements="116" coveredstatements="94" conditionals="46" coveredconditionals="28" methods="45" coveredmethods="41"/>
      <file name="abort-manager.ts" path="/Users/nikitabelous/work/web-kit/packages/fetcher/src/abort-manager.ts">
        <metrics statements="40" coveredstatements="35" conditionals="24" coveredconditionals="17" methods="15" coveredmethods="15"/>
        <line num="2" count="1" type="stmt"/>
        <line num="5" count="1" type="stmt"/>
        <line num="8" count="13" type="stmt"/>
        <line num="12" count="12" type="cond" truecount="1" falsecount="1"/>
        <line num="13" count="0" type="stmt"/>
        <line num="17" count="16" type="cond" truecount="1" falsecount="1"/>
        <line num="18" count="0" type="stmt"/>
        <line num="20" count="16" type="stmt"/>
        <line num="23" count="12" type="cond" truecount="1" falsecount="1"/>
        <line num="24" count="0" type="stmt"/>
        <line num="26" count="12" type="cond" truecount="1" falsecount="1"/>
        <line num="27" count="0" type="stmt"/>
        <line num="29" count="12" type="stmt"/>
        <line num="33" count="28" type="cond" truecount="1" falsecount="1"/>
        <line num="34" count="0" type="stmt"/>
        <line num="36" count="28" type="stmt"/>
        <line num="39" count="16" type="stmt"/>
        <line num="40" count="16" type="stmt"/>
        <line num="43" count="12" type="stmt"/>
        <line num="44" count="12" type="stmt"/>
        <line num="47" count="12" type="stmt"/>
        <line num="48" count="12" type="stmt"/>
        <line num="49" count="12" type="stmt"/>
        <line num="51" count="1" type="stmt"/>
        <line num="52" count="1" type="stmt"/>
        <line num="54" count="3" type="stmt"/>
        <line num="57" count="6" type="stmt"/>
        <line num="58" count="6" type="stmt"/>
        <line num="59" count="6" type="stmt"/>
        <line num="62" count="2" type="cond" truecount="2" falsecount="0"/>
        <line num="63" count="1" type="stmt"/>
        <line num="66" count="4" type="stmt"/>
        <line num="69" count="3" type="cond" truecount="3" falsecount="1"/>
        <line num="72" count="2" type="cond" truecount="3" falsecount="1"/>
        <line num="73" count="2" type="cond" truecount="4" falsecount="0"/>
        <line num="74" count="1" type="stmt"/>
        <line num="75" count="1" type="stmt"/>
        <line num="76" count="1" type="stmt"/>
        <line num="79" count="12" type="stmt"/>
        <line num="83" count="12" type="stmt"/>
      </file>
      <file name="interceptor-manager.ts" path="/Users/nikitabelous/work/web-kit/packages/fetcher/src/interceptor-manager.ts">
        <metrics statements="76" coveredstatements="59" conditionals="22" coveredconditionals="11" methods="30" coveredmethods="26"/>
        <line num="2" count="1" type="stmt"/>
        <line num="5" count="1" type="stmt"/>
        <line num="8" count="7" type="stmt"/>
        <line num="12" count="11" type="stmt"/>
        <line num="13" count="11" type="stmt"/>
        <line num="14" count="11" type="stmt"/>
        <line num="16" count="0" type="stmt"/>
        <line num="17" count="0" type="stmt"/>
        <line num="19" count="11" type="cond" truecount="2" falsecount="0"/>
        <line num="20" count="6" type="stmt"/>
        <line num="22" count="5" type="stmt"/>
        <line num="26" count="5" type="stmt"/>
        <line num="27" count="6" type="stmt"/>
        <line num="28" count="6" type="stmt"/>
        <line num="29" count="6" type="stmt"/>
        <line num="31" count="11" type="stmt"/>
        <line num="34" count="0" type="stmt"/>
        <line num="36" count="6" type="stmt"/>
        <line num="41" count="14" type="cond" truecount="1" falsecount="1"/>
        <line num="42" count="0" type="stmt"/>
        <line num="46" count="19" type="cond" truecount="1" falsecount="1"/>
        <line num="47" count="0" type="stmt"/>
        <line num="49" count="19" type="stmt"/>
        <line num="52" count="0" type="cond" truecount="0" falsecount="2"/>
        <line num="53" count="0" type="stmt"/>
        <line num="55" count="0" type="cond" truecount="0" falsecount="2"/>
        <line num="56" count="0" type="stmt"/>
        <line num="58" count="0" type="stmt"/>
        <line num="62" count="19" type="cond" truecount="1" falsecount="1"/>
        <line num="63" count="0" type="stmt"/>
        <line num="65" count="19" type="stmt"/>
        <line num="68" count="19" type="stmt"/>
        <line num="69" count="19" type="stmt"/>
        <line num="72" count="7" type="stmt"/>
        <line num="73" count="7" type="stmt"/>
        <line num="76" count="0" type="stmt"/>
        <line num="77" count="0" type="stmt"/>
        <line num="78" count="0" type="stmt"/>
        <line num="81" count="2" type="cond" truecount="1" falsecount="1"/>
        <line num="82" count="0" type="stmt"/>
        <line num="84" count="2" type="stmt"/>
        <line num="87" count="7" type="stmt"/>
        <line num="88" count="7" type="stmt"/>
        <line num="90" count="1" type="stmt"/>
        <line num="91" count="1" type="stmt"/>
        <line num="93" count="4" type="stmt"/>
        <line num="96" count="8" type="stmt"/>
        <line num="99" count="2" type="stmt"/>
        <line num="100" count="2" type="cond" truecount="2" falsecount="0"/>
        <line num="101" count="1" type="stmt"/>
        <line num="104" count="0" type="stmt"/>
        <line num="107" count="2" type="stmt"/>
        <line num="108" count="2" type="stmt"/>
        <line num="109" count="2" type="stmt"/>
        <line num="110" count="2" type="stmt"/>
        <line num="111" count="3" type="cond" truecount="1" falsecount="1"/>
        <line num="112" count="3" type="stmt"/>
        <line num="115" count="2" type="stmt"/>
        <line num="119" count="1" type="stmt"/>
        <line num="120" count="1" type="stmt"/>
        <line num="121" count="1" type="stmt"/>
        <line num="125" count="1" type="stmt"/>
        <line num="126" count="1" type="stmt"/>
        <line num="127" count="1" type="stmt"/>
        <line num="131" count="7" type="stmt"/>
        <line num="132" count="7" type="stmt"/>
        <line num="136" count="7" type="cond" truecount="1" falsecount="1"/>
        <line num="137" count="0" type="stmt"/>
        <line num="142" count="2" type="stmt"/>
        <line num="145" count="1" type="stmt"/>
        <line num="146" count="2" type="stmt"/>
        <line num="147" count="2" type="stmt"/>
        <line num="148" count="2" type="stmt"/>
        <line num="149" count="2" type="cond" truecount="1" falsecount="1"/>
        <line num="151" count="2" type="stmt"/>
        <line num="153" count="1" type="stmt"/>
      </file>
    </package>
    <package name="fetcher.src.helpers">
      <metrics statements="16" coveredstatements="15" conditionals="12" coveredconditionals="8" methods="4" coveredmethods="4"/>
      <file name="is-object.ts" path="/Users/nikitabelous/work/web-kit/packages/fetcher/src/helpers/is-object.ts">
        <metrics statements="16" coveredstatements="15" conditionals="12" coveredconditionals="8" methods="4" coveredmethods="4"/>
        <line num="2" count="1" type="stmt"/>
        <line num="5" count="1" type="stmt"/>
        <line num="8" count="9" type="stmt"/>
        <line num="11" count="1" type="stmt"/>
        <line num="12" count="9" type="cond" truecount="2" falsecount="0"/>
        <line num="14" count="1" type="stmt"/>
        <line num="15" count="7" type="cond" truecount="1" falsecount="1"/>
        <line num="16" count="0" type="cond" truecount="0" falsecount="2"/>
        <line num="18" count="7" type="stmt"/>
        <line num="20" count="1" type="stmt"/>
        <line num="21" count="9" type="cond" truecount="4" falsecount="0"/>
        <line num="22" count="2" type="cond" truecount="1" falsecount="1"/>
        <line num="23" count="2" type="stmt"/>
        <line num="24" count="2" type="stmt"/>
        <line num="25" count="3" type="stmt"/>
        <line num="27" count="2" type="stmt"/>
      </file>
    </package>
    <package name="jac.src.middlewares">
      <metrics statements="13" coveredstatements="13" conditionals="4" coveredconditionals="3" methods="3" coveredmethods="3"/>
      <file name="set-json-api-headers.ts" path="/Users/nikitabelous/work/web-kit/packages/jac/src/middlewares/set-json-api-headers.ts">
        <metrics statements="13" coveredstatements="13" conditionals="4" coveredconditionals="3" methods="3" coveredmethods="3"/>
        <line num="2" count="1" type="stmt"/>
        <line num="5" count="1" type="stmt"/>
        <line num="8" count="1" type="stmt"/>
        <line num="11" count="1" type="stmt"/>
        <line num="13" count="1" type="cond" truecount="3" falsecount="1"/>
        <line num="17" count="1" type="stmt"/>
        <line num="18" count="1" type="stmt"/>
        <line num="19" count="1" type="stmt"/>
        <line num="20" count="1" type="stmt"/>
        <line num="21" count="1" type="stmt"/>
        <line num="22" count="1" type="stmt"/>
        <line num="23" count="1" type="stmt"/>
        <line num="24" count="1" type="stmt"/>
      </file>
    </package>
    <package name="jac.src.utils">
      <metrics statements="53" coveredstatements="46" conditionals="16" coveredconditionals="8" methods="21" coveredmethods="20"/>
      <file name="json-api-body-builder.ts" path="/Users/nikitabelous/work/web-kit/packages/jac/src/utils/json-api-body-builder.ts">
        <metrics statements="53" coveredstatements="46" conditionals="16" coveredconditionals="8" methods="21" coveredmethods="20"/>
        <line num="2" count="1" type="stmt"/>
        <line num="5" count="1" type="stmt"/>
        <line num="8" count="7" type="stmt"/>
        <line num="12" count="7" type="cond" truecount="1" falsecount="1"/>
        <line num="13" count="0" type="stmt"/>
        <line num="17" count="16" type="cond" truecount="1" falsecount="1"/>
        <line num="18" count="0" type="stmt"/>
        <line num="20" count="16" type="stmt"/>
        <line num="23" count="7" type="cond" truecount="1" falsecount="1"/>
        <line num="24" count="0" type="stmt"/>
        <line num="26" count="7" type="cond" truecount="1" falsecount="1"/>
        <line num="27" count="0" type="stmt"/>
        <line num="29" count="7" type="stmt"/>
        <line num="33" count="23" type="cond" truecount="1" falsecount="1"/>
        <line num="34" count="0" type="stmt"/>
        <line num="36" count="23" type="stmt"/>
        <line num="39" count="16" type="stmt"/>
        <line num="40" count="16" type="stmt"/>
        <line num="43" count="7" type="stmt"/>
        <line num="44" count="7" type="stmt"/>
        <line num="47" count="7" type="stmt"/>
        <line num="48" count="7" type="stmt"/>
        <line num="49" count="7" type="stmt"/>
        <line num="52" count="8" type="cond" truecount="1" falsecount="1"/>
        <line num="53" count="0" type="stmt"/>
        <line num="60" count="8" type="stmt"/>
        <line num="62" count="8" type="stmt"/>
        <line num="65" count="7" type="stmt"/>
        <line num="66" count="7" type="cond" truecount="1" falsecount="1"/>
        <line num="67" count="7" type="stmt"/>
        <line num="68" count="7" type="cond" truecount="1" falsecount="1"/>
        <line num="69" count="7" type="stmt"/>
        <line num="70" count="0" type="stmt"/>
        <line num="73" count="7" type="stmt"/>
        <line num="74" count="8" type="stmt"/>
        <line num="77" count="7" type="stmt"/>
        <line num="79" count="1" type="stmt"/>
        <line num="80" count="1" type="stmt"/>
        <line num="82" count="1" type="stmt"/>
        <line num="83" count="1" type="stmt"/>
        <line num="86" count="1" type="stmt"/>
        <line num="87" count="1" type="stmt"/>
        <line num="90" count="2" type="stmt"/>
        <line num="91" count="2" type="stmt"/>
        <line num="94" count="2" type="stmt"/>
        <line num="95" count="2" type="stmt"/>
        <line num="98" count="2" type="stmt"/>
        <line num="99" count="2" type="stmt"/>
        <line num="102" count="1" type="stmt"/>
        <line num="103" count="1" type="stmt"/>
        <line num="106" count="7" type="stmt"/>
        <line num="109" count="7" type="stmt"/>
        <line num="113" count="7" type="stmt"/>
      </file>
    </package>
    <package name="tools.src">
      <metrics statements="184" coveredstatements="136" conditionals="61" coveredconditionals="35" methods="98" coveredmethods="71"/>
      <file name="duration.ts" path="/Users/nikitabelous/work/web-kit/packages/tools/src/duration.ts">
        <metrics statements="56" coveredstatements="44" conditionals="18" coveredconditionals="10" methods="33" coveredmethods="26"/>
        <line num="2" count="1" type="stmt"/>
        <line num="6" count="2" type="stmt"/>
        <line num="11" count="1" type="stmt"/>
        <line num="13" count="14" type="stmt"/>
        <line num="16" count="0" type="stmt"/>
        <line num="19" count="1" type="stmt"/>
        <line num="20" count="1" type="stmt"/>
        <line num="22" count="14" type="cond" truecount="1" falsecount="1"/>
        <line num="23" count="0" type="stmt"/>
        <line num="27" count="14" type="cond" truecount="1" falsecount="1"/>
        <line num="28" count="0" type="stmt"/>
        <line num="30" count="14" type="stmt"/>
        <line num="33" count="14" type="cond" truecount="1" falsecount="1"/>
        <line num="34" count="0" type="stmt"/>
        <line num="36" count="14" type="cond" truecount="1" falsecount="1"/>
        <line num="37" count="0" type="stmt"/>
        <line num="39" count="14" type="stmt"/>
        <line num="43" count="28" type="cond" truecount="1" falsecount="1"/>
        <line num="44" count="0" type="stmt"/>
        <line num="46" count="28" type="stmt"/>
        <line num="49" count="14" type="stmt"/>
        <line num="50" count="14" type="stmt"/>
        <line num="53" count="14" type="stmt"/>
        <line num="54" count="14" type="stmt"/>
        <line num="57" count="14" type="stmt"/>
        <line num="58" count="14" type="stmt"/>
        <line num="59" count="14" type="stmt"/>
        <line num="62" count="2" type="cond" truecount="3" falsecount="1"/>
        <line num="66" count="1" type="stmt"/>
        <line num="67" count="1" type="stmt"/>
        <line num="68" count="1" type="stmt"/>
        <line num="70" count="14" type="cond" truecount="1" falsecount="1"/>
        <line num="71" count="14" type="cond" truecount="1" falsecount="1"/>
        <line num="72" count="14" type="stmt"/>
        <line num="75" count="0" type="stmt"/>
        <line num="78" count="1" type="stmt"/>
        <line num="81" count="1" type="stmt"/>
        <line num="84" count="1" type="stmt"/>
        <line num="87" count="1" type="stmt"/>
        <line num="90" count="1" type="stmt"/>
        <line num="93" count="1" type="stmt"/>
        <line num="96" count="1" type="stmt"/>
        <line num="99" count="1" type="stmt"/>
        <line num="102" count="1" type="stmt"/>
        <line num="105" count="1" type="stmt"/>
        <line num="108" count="1" type="stmt"/>
        <line num="111" count="1" type="stmt"/>
        <line num="114" count="1" type="stmt"/>
        <line num="117" count="1" type="stmt"/>
        <line num="120" count="0" type="stmt"/>
        <line num="123" count="0" type="stmt"/>
        <line num="126" count="0" type="stmt"/>
        <line num="129" count="0" type="stmt"/>
        <line num="132" count="14" type="stmt"/>
        <line num="136" count="14" type="stmt"/>
        <line num="140" count="0" type="stmt"/>
      </file>
      <file name="event-emitter.ts" path="/Users/nikitabelous/work/web-kit/packages/tools/src/event-emitter.ts">
        <metrics statements="36" coveredstatements="24" conditionals="28" coveredconditionals="16" methods="18" coveredmethods="15"/>
        <line num="2" count="1" type="stmt"/>
        <line num="5" count="1" type="stmt"/>
        <line num="8" count="4" type="stmt"/>
        <line num="12" count="4" type="cond" truecount="1" falsecount="1"/>
        <line num="13" count="0" type="stmt"/>
        <line num="17" count="20" type="cond" truecount="1" falsecount="1"/>
        <line num="18" count="0" type="stmt"/>
        <line num="20" count="20" type="stmt"/>
        <line num="23" count="0" type="cond" truecount="0" falsecount="2"/>
        <line num="24" count="0" type="stmt"/>
        <line num="26" count="0" type="cond" truecount="0" falsecount="2"/>
        <line num="27" count="0" type="stmt"/>
        <line num="29" count="0" type="stmt"/>
        <line num="33" count="20" type="cond" truecount="1" falsecount="1"/>
        <line num="34" count="0" type="stmt"/>
        <line num="36" count="20" type="stmt"/>
        <line num="39" count="20" type="stmt"/>
        <line num="40" count="20" type="stmt"/>
        <line num="43" count="4" type="stmt"/>
        <line num="44" count="4" type="stmt"/>
        <line num="47" count="0" type="stmt"/>
        <line num="48" count="0" type="stmt"/>
        <line num="49" count="0" type="stmt"/>
        <line num="51" count="1" type="stmt"/>
        <line num="52" count="1" type="stmt"/>
        <line num="54" count="2" type="stmt"/>
        <line num="58" count="5" type="cond" truecount="5" falsecount="1"/>
        <line num="61" count="1" type="stmt"/>
        <line num="62" count="1" type="stmt"/>
        <line num="63" count="1" type="stmt"/>
        <line num="65" count="1" type="stmt"/>
        <line num="69" count="2" type="cond" truecount="4" falsecount="2"/>
        <line num="73" count="4" type="cond" truecount="4" falsecount="2"/>
        <line num="74" count="5" type="stmt"/>
        <line num="78" count="0" type="stmt"/>
        <line num="81" count="4" type="stmt"/>
      </file>
      <file name="time.ts" path="/Users/nikitabelous/work/web-kit/packages/tools/src/time.ts">
        <metrics statements="92" coveredstatements="68" conditionals="15" coveredconditionals="9" methods="47" coveredmethods="30"/>
        <line num="2" count="1" type="stmt"/>
        <line num="6" count="2" type="stmt"/>
        <line num="11" count="1" type="stmt"/>
        <line num="13" count="44" type="stmt"/>
        <line num="16" count="0" type="stmt"/>
        <line num="19" count="1" type="stmt"/>
        <line num="20" count="1" type="stmt"/>
        <line num="21" count="1" type="stmt"/>
        <line num="22" count="1" type="stmt"/>
        <line num="23" count="1" type="stmt"/>
        <line num="24" count="1" type="stmt"/>
        <line num="25" count="1" type="stmt"/>
        <line num="26" count="1" type="stmt"/>
        <line num="27" count="1" type="stmt"/>
        <line num="28" count="1" type="stmt"/>
        <line num="29" count="1" type="stmt"/>
        <line num="31" count="45" type="cond" truecount="1" falsecount="1"/>
        <line num="32" count="0" type="stmt"/>
        <line num="36" count="59" type="cond" truecount="1" falsecount="1"/>
        <line num="37" count="0" type="stmt"/>
        <line num="39" count="59" type="stmt"/>
        <line num="42" count="58" type="cond" truecount="1" falsecount="1"/>
        <line num="43" count="0" type="stmt"/>
        <line num="45" count="58" type="cond" truecount="1" falsecount="1"/>
        <line num="46" count="0" type="stmt"/>
        <line num="48" count="58" type="stmt"/>
        <line num="52" count="117" type="cond" truecount="1" falsecount="1"/>
        <line num="53" count="0" type="stmt"/>
        <line num="55" count="117" type="stmt"/>
        <line num="58" count="59" type="stmt"/>
        <line num="59" count="59" type="stmt"/>
        <line num="62" count="45" type="stmt"/>
        <line num="63" count="45" type="stmt"/>
        <line num="66" count="58" type="stmt"/>
        <line num="67" count="58" type="stmt"/>
        <line num="68" count="58" type="stmt"/>
        <line num="71" count="11" type="cond" truecount="3" falsecount="1"/>
        <line num="75" count="1" type="stmt"/>
        <line num="76" count="1" type="stmt"/>
        <line num="77" count="1" type="stmt"/>
        <line num="78" count="1" type="stmt"/>
        <line num="79" count="1" type="stmt"/>
        <line num="80" count="1" type="stmt"/>
        <line num="81" count="1" type="stmt"/>
        <line num="82" count="1" type="stmt"/>
        <line num="83" count="1" type="stmt"/>
        <line num="84" count="1" type="stmt"/>
        <line num="85" count="1" type="stmt"/>
        <line num="86" count="1" type="stmt"/>
        <line num="88" count="0" type="stmt"/>
        <line num="91" count="0" type="stmt"/>
        <line num="94" count="0" type="stmt"/>
        <line num="97" count="45" type="stmt"/>
        <line num="100" count="0" type="stmt"/>
        <line num="103" count="2" type="stmt"/>
        <line num="106" count="0" type="stmt"/>
        <line num="107" count="0" type="stmt"/>
        <line num="110" count="10" type="stmt"/>
        <line num="111" count="10" type="stmt"/>
        <line num="114" count="2" type="stmt"/>
        <line num="117" count="1" type="stmt"/>
        <line num="120" count="1" type="stmt"/>
        <line num="123" count="1" type="stmt"/>
        <line num="126" count="1" type="stmt"/>
        <line num="129" count="1" type="stmt"/>
        <line num="132" count="0" type="stmt"/>
        <line num="135" count="0" type="stmt"/>
        <line num="136" count="0" type="stmt"/>
        <line num="137" count="0" type="stmt"/>
        <line num="141" count="2" type="stmt"/>
        <line num="142" count="2" type="stmt"/>
        <line num="145" count="0" type="stmt"/>
        <line num="148" count="21" type="stmt"/>
        <line num="151" count="0" type="stmt"/>
        <line num="154" count="1" type="stmt"/>
        <line num="155" count="1" type="stmt"/>
        <line num="158" count="0" type="stmt"/>
        <line num="159" count="0" type="stmt"/>
        <line num="162" count="2" type="stmt"/>
        <line num="165" count="2" type="stmt"/>
        <line num="168" count="2" type="stmt"/>
        <line num="171" count="3" type="stmt"/>
        <line num="174" count="3" type="stmt"/>
        <line num="177" count="2" type="stmt"/>
        <line num="180" count="2" type="stmt"/>
        <line num="183" count="0" type="stmt"/>
        <line num="186" count="0" type="stmt"/>
        <line num="189" count="0" type="stmt"/>
        <line num="192" count="0" type="stmt"/>
        <line num="195" count="45" type="stmt"/>
        <line num="199" count="45" type="stmt"/>
        <line num="202" count="1" type="stmt"/>
      </file>
    </package>
  </project>
</coverage>
