{"/Users/nikitabelous/work/web-kit/packages/fetcher/src/abort-manager.ts": {"path":"/Users/nikitabelous/work/web-kit/packages/fetcher/src/abort-manager.ts","statementMap":{"0":{"start":{"line":2,"column":0},"end":{"line":4,"column":3}},"1":{"start":{"line":5,"column":0},"end":{"line":10,"column":3}},"2":{"start":{"line":8,"column":8},"end":{"line":8,"column":35}},"3":{"start":{"line":12,"column":4},"end":{"line":14,"column":5}},"4":{"start":{"line":13,"column":8},"end":{"line":13,"column":94}},"5":{"start":{"line":17,"column":4},"end":{"line":19,"column":5}},"6":{"start":{"line":18,"column":8},"end":{"line":18,"column":45}},"7":{"start":{"line":20,"column":4},"end":{"line":20,"column":28}},"8":{"start":{"line":23,"column":4},"end":{"line":30,"column":5}},"9":{"start":{"line":24,"column":8},"end":{"line":24,"column":45}},"10":{"start":{"line":26,"column":8},"end":{"line":28,"column":9}},"11":{"start":{"line":27,"column":12},"end":{"line":27,"column":76}},"12":{"start":{"line":29,"column":8},"end":{"line":29,"column":33}},"13":{"start":{"line":33,"column":4},"end":{"line":35,"column":5}},"14":{"start":{"line":34,"column":8},"end":{"line":34,"column":89}},"15":{"start":{"line":36,"column":4},"end":{"line":36,"column":36}},"16":{"start":{"line":39,"column":21},"end":{"line":39,"column":81}},"17":{"start":{"line":40,"column":4},"end":{"line":40,"column":61}},"18":{"start":{"line":43,"column":4},"end":{"line":43,"column":50}},"19":{"start":{"line":44,"column":4},"end":{"line":44,"column":31}},"20":{"start":{"line":47,"column":21},"end":{"line":47,"column":81}},"21":{"start":{"line":48,"column":4},"end":{"line":48,"column":61}},"22":{"start":{"line":49,"column":4},"end":{"line":49,"column":17}},"23":{"start":{"line":51,"column":19},"end":{"line":51,"column":32}},"24":{"start":{"line":52,"column":26},"end":{"line":85,"column":1}},"25":{"start":{"line":54,"column":8},"end":{"line":54,"column":75}},"26":{"start":{"line":57,"column":27},"end":{"line":57,"column":48}},"27":{"start":{"line":58,"column":8},"end":{"line":58,"column":80}},"28":{"start":{"line":59,"column":8},"end":{"line":59,"column":26}},"29":{"start":{"line":62,"column":8},"end":{"line":62,"column":36}},"30":{"start":{"line":62,"column":24},"end":{"line":62,"column":36}},"31":{"start":{"line":63,"column":8},"end":{"line":63,"column":42}},"32":{"start":{"line":66,"column":8},"end":{"line":66,"column":75}},"33":{"start":{"line":69,"column":8},"end":{"line":69,"column":128}},"34":{"start":{"line":72,"column":19},"end":{"line":72,"column":78}},"35":{"start":{"line":73,"column":8},"end":{"line":73,"column":47}},"36":{"start":{"line":73,"column":34},"end":{"line":73,"column":47}},"37":{"start":{"line":74,"column":27},"end":{"line":74,"column":39}},"38":{"start":{"line":75,"column":8},"end":{"line":75,"column":27}},"39":{"start":{"line":76,"column":8},"end":{"line":76,"column":30}},"40":{"start":{"line":79,"column":8},"end":{"line":82,"column":11}},"41":{"start":{"line":83,"column":8},"end":{"line":83,"column":64}}},"fnMap":{"0":{"name":"(anonymous_0)","decl":{"start":{"line":7,"column":9},"end":{"line":7,"column":10}},"loc":{"start":{"line":7,"column":20},"end":{"line":9,"column":5}},"line":7},"1":{"name":"_check_private_redeclaration","decl":{"start":{"line":11,"column":9},"end":{"line":11,"column":37}},"loc":{"start":{"line":11,"column":62},"end":{"line":15,"column":1}},"line":11},"2":{"name":"_class_apply_descriptor_get","decl":{"start":{"line":16,"column":9},"end":{"line":16,"column":36}},"loc":{"start":{"line":16,"column":59},"end":{"line":21,"column":1}},"line":16},"3":{"name":"_class_apply_descriptor_set","decl":{"start":{"line":22,"column":9},"end":{"line":22,"column":36}},"loc":{"start":{"line":22,"column":66},"end":{"line":31,"column":1}},"line":22},"4":{"name":"_class_extract_field_descriptor","decl":{"start":{"line":32,"column":9},"end":{"line":32,"column":40}},"loc":{"start":{"line":32,"column":71},"end":{"line":37,"column":1}},"line":32},"5":{"name":"_class_private_field_get","decl":{"start":{"line":38,"column":9},"end":{"line":38,"column":33}},"loc":{"start":{"line":38,"column":56},"end":{"line":41,"column":1}},"line":38},"6":{"name":"_class_private_field_init","decl":{"start":{"line":42,"column":9},"end":{"line":42,"column":34}},"loc":{"start":{"line":42,"column":59},"end":{"line":45,"column":1}},"line":42},"7":{"name":"_class_private_field_set","decl":{"start":{"line":46,"column":9},"end":{"line":46,"column":33}},"loc":{"start":{"line":46,"column":63},"end":{"line":50,"column":1}},"line":46},"8":{"name":"(anonymous_8)","decl":{"start":{"line":53,"column":4},"end":{"line":53,"column":5}},"loc":{"start":{"line":53,"column":19},"end":{"line":55,"column":5}},"line":53},"9":{"name":"(anonymous_9)","decl":{"start":{"line":56,"column":4},"end":{"line":56,"column":5}},"loc":{"start":{"line":56,"column":19},"end":{"line":60,"column":5}},"line":56},"10":{"name":"(anonymous_10)","decl":{"start":{"line":61,"column":4},"end":{"line":61,"column":5}},"loc":{"start":{"line":61,"column":23},"end":{"line":64,"column":5}},"line":61},"11":{"name":"(anonymous_11)","decl":{"start":{"line":65,"column":4},"end":{"line":65,"column":5}},"loc":{"start":{"line":65,"column":19},"end":{"line":67,"column":5}},"line":65},"12":{"name":"(anonymous_12)","decl":{"start":{"line":68,"column":4},"end":{"line":68,"column":5}},"loc":{"start":{"line":68,"column":21},"end":{"line":70,"column":5}},"line":68},"13":{"name":"(anonymous_13)","decl":{"start":{"line":71,"column":4},"end":{"line":71,"column":5}},"loc":{"start":{"line":71,"column":21},"end":{"line":77,"column":5}},"line":71},"14":{"name":"(anonymous_14)","decl":{"start":{"line":78,"column":4},"end":{"line":78,"column":5}},"loc":{"start":{"line":78,"column":17},"end":{"line":84,"column":5}},"line":78}},"branchMap":{"0":{"loc":{"start":{"line":12,"column":4},"end":{"line":14,"column":5}},"type":"if","locations":[{"start":{"line":12,"column":4},"end":{"line":14,"column":5}},{"start":{},"end":{}}],"line":12},"1":{"loc":{"start":{"line":17,"column":4},"end":{"line":19,"column":5}},"type":"if","locations":[{"start":{"line":17,"column":4},"end":{"line":19,"column":5}},{"start":{},"end":{}}],"line":17},"2":{"loc":{"start":{"line":23,"column":4},"end":{"line":30,"column":5}},"type":"if","locations":[{"start":{"line":23,"column":4},"end":{"line":30,"column":5}},{"start":{"line":25,"column":11},"end":{"line":30,"column":5}}],"line":23},"3":{"loc":{"start":{"line":26,"column":8},"end":{"line":28,"column":9}},"type":"if","locations":[{"start":{"line":26,"column":8},"end":{"line":28,"column":9}},{"start":{},"end":{}}],"line":26},"4":{"loc":{"start":{"line":33,"column":4},"end":{"line":35,"column":5}},"type":"if","locations":[{"start":{"line":33,"column":4},"end":{"line":35,"column":5}},{"start":{},"end":{}}],"line":33},"5":{"loc":{"start":{"line":62,"column":8},"end":{"line":62,"column":36}},"type":"if","locations":[{"start":{"line":62,"column":8},"end":{"line":62,"column":36}},{"start":{},"end":{}}],"line":62},"6":{"loc":{"start":{"line":69,"column":67},"end":{"line":69,"column":126}},"type":"cond-expr","locations":[{"start":{"line":69,"column":112},"end":{"line":69,"column":121}},{"start":{"line":69,"column":124},"end":{"line":69,"column":126}}],"line":69},"7":{"loc":{"start":{"line":69,"column":67},"end":{"line":69,"column":109}},"type":"binary-expr","locations":[{"start":{"line":69,"column":67},"end":{"line":69,"column":85}},{"start":{"line":69,"column":89},"end":{"line":69,"column":109}}],"line":69},"8":{"loc":{"start":{"line":72,"column":19},"end":{"line":72,"column":78}},"type":"cond-expr","locations":[{"start":{"line":72,"column":64},"end":{"line":72,"column":73}},{"start":{"line":72,"column":76},"end":{"line":72,"column":78}}],"line":72},"9":{"loc":{"start":{"line":72,"column":19},"end":{"line":72,"column":61}},"type":"binary-expr","locations":[{"start":{"line":72,"column":19},"end":{"line":72,"column":37}},{"start":{"line":72,"column":41},"end":{"line":72,"column":61}}],"line":72},"10":{"loc":{"start":{"line":73,"column":8},"end":{"line":73,"column":47}},"type":"if","locations":[{"start":{"line":73,"column":8},"end":{"line":73,"column":47}},{"start":{},"end":{}}],"line":73},"11":{"loc":{"start":{"line":73,"column":12},"end":{"line":73,"column":32}},"type":"binary-expr","locations":[{"start":{"line":73,"column":12},"end":{"line":73,"column":15}},{"start":{"line":73,"column":19},"end":{"line":73,"column":32}}],"line":73}},"s":{"0":1,"1":1,"2":13,"3":12,"4":0,"5":16,"6":0,"7":16,"8":12,"9":0,"10":12,"11":0,"12":12,"13":28,"14":0,"15":28,"16":16,"17":16,"18":12,"19":12,"20":12,"21":12,"22":12,"23":1,"24":1,"25":3,"26":6,"27":6,"28":6,"29":2,"30":1,"31":1,"32":4,"33":3,"34":2,"35":2,"36":1,"37":1,"38":1,"39":1,"40":12,"41":12},"f":{"0":13,"1":12,"2":16,"3":12,"4":28,"5":16,"6":12,"7":12,"8":3,"9":6,"10":2,"11":4,"12":3,"13":2,"14":12},"b":{"0":[0,12],"1":[0,16],"2":[0,12],"3":[0,12],"4":[0,28],"5":[1,1],"6":[3,0],"7":[3,3],"8":[2,0],"9":[2,2],"10":[1,1],"11":[2,2]},"inputSourceMap":{"0":"{","1":"\"","2":"v","3":"e","4":"r","5":"s","6":"i","7":"o","8":"n","9":"\"","10":":","11":"3","12":",","13":"\"","14":"s","15":"o","16":"u","17":"r","18":"c","19":"e","20":"s","21":"\"","22":":","23":"[","24":"\"","25":"/","26":"U","27":"s","28":"e","29":"r","30":"s","31":"/","32":"n","33":"i","34":"k","35":"i","36":"t","37":"a","38":"b","39":"e","40":"l","41":"o","42":"u","43":"s","44":"/","45":"w","46":"o","47":"r","48":"k","49":"/","50":"w","51":"e","52":"b","53":"-","54":"k","55":"i","56":"t","57":"/","58":"p","59":"a","60":"c","61":"k","62":"a","63":"g","64":"e","65":"s","66":"/","67":"f","68":"e","69":"t","70":"c","71":"h","72":"e","73":"r","74":"/","75":"s","76":"r","77":"c","78":"/","79":"a","80":"b","81":"o","82":"r","83":"t","84":"-","85":"m","86":"a","87":"n","88":"a","89":"g","90":"e","91":"r","92":".","93":"t","94":"s","95":"\"","96":"]","97":",","98":"\"","99":"s","100":"o","101":"u","102":"r","103":"c","104":"e","105":"s","106":"C","107":"o","108":"n","109":"t","110":"e","111":"n","112":"t","113":"\"","114":":","115":"[","116":"\"","117":"e","118":"x","119":"p","120":"o","121":"r","122":"t","123":" ","124":"c","125":"l","126":"a","127":"s","128":"s","129":" ","130":"F","131":"e","132":"t","133":"c","134":"h","135":"e","136":"r","137":"A","138":"b","139":"o","140":"r","141":"t","142":"M","143":"a","144":"n","145":"a","146":"g","147":"e","148":"r","149":" ","150":"{","151":"\\","152":"n","153":" ","154":" ","155":"r","156":"e","157":"a","158":"d","159":"o","160":"n","161":"l","162":"y","163":" ","164":"#","165":"c","166":"o","167":"n","168":"t","169":"r","170":"o","171":"l","172":"l","173":"e","174":"r","175":"s","176":":","177":" ","178":"M","179":"a","180":"p","181":"<","182":"s","183":"t","184":"r","185":"i","186":"n","187":"g","188":",","189":" ","190":"A","191":"b","192":"o","193":"r","194":"t","195":"C","196":"o","197":"n","198":"t","199":"r","200":"o","201":"l","202":"l","203":"e","204":"r","205":">","206":"\\","207":"n","208":"\\","209":"n","210":" ","211":" ","212":"c","213":"o","214":"n","215":"s","216":"t","217":"r","218":"u","219":"c","220":"t","221":"o","222":"r","223":"(","224":")","225":" ","226":"{","227":"\\","228":"n","229":" ","230":" ","231":" ","232":" ","233":"t","234":"h","235":"i","236":"s","237":".","238":"#","239":"c","240":"o","241":"n","242":"t","243":"r","244":"o","245":"l","246":"l","247":"e","248":"r","249":"s","250":" ","251":"=","252":" ","253":"n","254":"e","255":"w","256":" ","257":"M","258":"a","259":"p","260":"(","261":")","262":"\\","263":"n","264":" ","265":" ","266":"}","267":"\\","268":"n","269":"\\","270":"n","271":" ","272":" ","273":"p","274":"u","275":"b","276":"l","277":"i","278":"c","279":" ","280":"g","281":"e","282":"t","283":"(","284":"r","285":"e","286":"q","287":"u","288":"e","289":"s","290":"t","291":"I","292":"d","293":":","294":" ","295":"s","296":"t","297":"r","298":"i","299":"n","300":"g","301":")","302":":","303":" ","304":"A","305":"b","306":"o","307":"r","308":"t","309":"C","310":"o","311":"n","312":"t","313":"r","314":"o","315":"l","316":"l","317":"e","318":"r","319":" ","320":"|","321":" ","322":"u","323":"n","324":"d","325":"e","326":"f","327":"i","328":"n","329":"e","330":"d","331":" ","332":"{","333":"\\","334":"n","335":" ","336":" ","337":" ","338":" ","339":"r","340":"e","341":"t","342":"u","343":"r","344":"n","345":" ","346":"t","347":"h","348":"i","349":"s","350":".","351":"#","352":"c","353":"o","354":"n","355":"t","356":"r","357":"o","358":"l","359":"l","360":"e","361":"r","362":"s","363":".","364":"g","365":"e","366":"t","367":"(","368":"r","369":"e","370":"q","371":"u","372":"e","373":"s","374":"t","375":"I","376":"d","377":")","378":"\\","379":"n","380":" ","381":" ","382":"}","383":"\\","384":"n","385":"\\","386":"n","387":" ","388":" ","389":"p","390":"u","391":"b","392":"l","393":"i","394":"c","395":" ","396":"s","397":"e","398":"t","399":"(","400":"r","401":"e","402":"q","403":"u","404":"e","405":"s","406":"t","407":"I","408":"d","409":":","410":" ","411":"s","412":"t","413":"r","414":"i","415":"n","416":"g","417":")","418":":","419":" ","420":"A","421":"b","422":"o","423":"r","424":"t","425":"C","426":"o","427":"n","428":"t","429":"r","430":"o","431":"l","432":"l","433":"e","434":"r","435":" ","436":"{","437":"\\","438":"n","439":" ","440":" ","441":" ","442":" ","443":"c","444":"o","445":"n","446":"s","447":"t","448":" ","449":"c","450":"o","451":"n","452":"t","453":"r","454":"o","455":"l","456":"l","457":"e","458":"r","459":" ","460":"=","461":" ","462":"n","463":"e","464":"w","465":" ","466":"A","467":"b","468":"o","469":"r","470":"t","471":"C","472":"o","473":"n","474":"t","475":"r","476":"o","477":"l","478":"l","479":"e","480":"r","481":"(","482":")","483":"\\","484":"n","485":" ","486":" ","487":" ","488":" ","489":"t","490":"h","491":"i","492":"s","493":".","494":"#","495":"c","496":"o","497":"n","498":"t","499":"r","500":"o","501":"l","502":"l","503":"e","504":"r","505":"s","506":".","507":"s","508":"e","509":"t","510":"(","511":"r","512":"e","513":"q","514":"u","515":"e","516":"s","517":"t","518":"I","519":"d","520":",","521":" ","522":"c","523":"o","524":"n","525":"t","526":"r","527":"o","528":"l","529":"l","530":"e","531":"r","532":")","533":"\\","534":"n","535":" ","536":" ","537":" ","538":" ","539":"r","540":"e","541":"t","542":"u","543":"r","544":"n","545":" ","546":"c","547":"o","548":"n","549":"t","550":"r","551":"o","552":"l","553":"l","554":"e","555":"r","556":"\\","557":"n","558":" ","559":" ","560":"}","561":"\\","562":"n","563":"\\","564":"n","565":" ","566":" ","567":"p","568":"u","569":"b","570":"l","571":"i","572":"c","573":" ","574":"s","575":"e","576":"t","577":"S","578":"a","579":"f","580":"e","581":"(","582":"r","583":"e","584":"q","585":"u","586":"e","587":"s","588":"t","589":"I","590":"d","591":"?","592":":","593":" ","594":"s","595":"t","596":"r","597":"i","598":"n","599":"g","600":")","601":":","602":" ","603":"A","604":"b","605":"o","606":"r","607":"t","608":"S","609":"i","610":"g","611":"n","612":"a","613":"l","614":" ","615":"|","616":" ","617":"n","618":"u","619":"l","620":"l","621":" ","622":"{","623":"\\","624":"n","625":" ","626":" ","627":" ","628":" ","629":"i","630":"f","631":" ","632":"(","633":"!","634":"r","635":"e","636":"q","637":"u","638":"e","639":"s","640":"t","641":"I","642":"d","643":")","644":" ","645":"r","646":"e","647":"t","648":"u","649":"r","650":"n","651":" ","652":"n","653":"u","654":"l","655":"l","656":"\\","657":"n","658":" ","659":" ","660":" ","661":" ","662":"r","663":"e","664":"t","665":"u","666":"r","667":"n","668":" ","669":"t","670":"h","671":"i","672":"s","673":".","674":"s","675":"e","676":"t","677":"(","678":"r","679":"e","680":"q","681":"u","682":"e","683":"s","684":"t","685":"I","686":"d","687":")","688":".","689":"s","690":"i","691":"g","692":"n","693":"a","694":"l","695":"\\","696":"n","697":" ","698":" ","699":"}","700":"\\","701":"n","702":"\\","703":"n","704":" ","705":" ","706":"p","707":"u","708":"b","709":"l","710":"i","711":"c","712":" ","713":"h","714":"a","715":"s","716":"(","717":"r","718":"e","719":"q","720":"u","721":"e","722":"s","723":"t","724":"I","725":"d","726":":","727":" ","728":"s","729":"t","730":"r","731":"i","732":"n","733":"g","734":")","735":":","736":" ","737":"b","738":"o","739":"o","740":"l","741":"e","742":"a","743":"n","744":" ","745":"{","746":"\\","747":"n","748":" ","749":" ","750":" ","751":" ","752":"r","753":"e","754":"t","755":"u","756":"r","757":"n","758":" ","759":"t","760":"h","761":"i","762":"s","763":".","764":"#","765":"c","766":"o","767":"n","768":"t","769":"r","770":"o","771":"l","772":"l","773":"e","774":"r","775":"s","776":".","777":"h","778":"a","779":"s","780":"(","781":"r","782":"e","783":"q","784":"u","785":"e","786":"s","787":"t","788":"I","789":"d","790":")","791":"\\","792":"n","793":" ","794":" ","795":"}","796":"\\","797":"n","798":"\\","799":"n","800":" ","801":" ","802":"p","803":"u","804":"b","805":"l","806":"i","807":"c","808":" ","809":"c","810":"l","811":"e","812":"a","813":"r","814":"(","815":"r","816":"e","817":"q","818":"u","819":"e","820":"s","821":"t","822":"I","823":"d","824":"?","825":":","826":" ","827":"s","828":"t","829":"r","830":"i","831":"n","832":"g","833":")","834":":","835":" ","836":"b","837":"o","838":"o","839":"l","840":"e","841":"a","842":"n","843":" ","844":"{","845":"\\","846":"n","847":" ","848":" ","849":" ","850":" ","851":"r","852":"e","853":"t","854":"u","855":"r","856":"n","857":" ","858":"t","859":"h","860":"i","861":"s","862":".","863":"#","864":"c","865":"o","866":"n","867":"t","868":"r","869":"o","870":"l","871":"l","872":"e","873":"r","874":"s","875":".","876":"d","877":"e","878":"l","879":"e","880":"t","881":"e","882":"(","883":"r","884":"e","885":"q","886":"u","887":"e","888":"s","889":"t","890":"I","891":"d","892":" ","893":"?","894":"?","895":" ","896":"'","897":"'","898":")","899":"\\","900":"n","901":" ","902":" ","903":"}","904":"\\","905":"n","906":"\\","907":"n","908":" ","909":" ","910":"p","911":"u","912":"b","913":"l","914":"i","915":"c","916":" ","917":"a","918":"b","919":"o","920":"r","921":"t","922":"(","923":"r","924":"e","925":"q","926":"u","927":"e","928":"s","929":"t","930":"I","931":"d","932":"?","933":":","934":" ","935":"s","936":"t","937":"r","938":"i","939":"n","940":"g","941":")","942":":","943":" ","944":"b","945":"o","946":"o","947":"l","948":"e","949":"a","950":"n","951":" ","952":"{","953":"\\","954":"n","955":" ","956":" ","957":" ","958":" ","959":"c","960":"o","961":"n","962":"s","963":"t","964":" ","965":"i","966":"d","967":" ","968":"=","969":" ","970":"r","971":"e","972":"q","973":"u","974":"e","975":"s","976":"t","977":"I","978":"d","979":" ","980":"?","981":"?","982":" ","983":"'","984":"'","985":"\\","986":"n","987":"\\","988":"n","989":" ","990":" ","991":" ","992":" ","993":"i","994":"f","995":" ","996":"(","997":"!","998":"i","999":"d","1000":" ","1001":"|","1002":"|","1003":" ","1004":"!","1005":"t","1006":"h","1007":"i","1008":"s","1009":".","1010":"h","1011":"a","1012":"s","1013":"(","1014":"i","1015":"d","1016":")","1017":")","1018":" ","1019":"r","1020":"e","1021":"t","1022":"u","1023":"r","1024":"n","1025":" ","1026":"f","1027":"a","1028":"l","1029":"s","1030":"e","1031":"\\","1032":"n","1033":"\\","1034":"n","1035":" ","1036":" ","1037":" ","1038":" ","1039":"c","1040":"o","1041":"n","1042":"s","1043":"t","1044":" ","1045":"c","1046":"o","1047":"n","1048":"t","1049":"r","1050":"o","1051":"l","1052":"l","1053":"e","1054":"r","1055":" ","1056":"=","1057":" ","1058":"t","1059":"h","1060":"i","1061":"s","1062":".","1063":"g","1064":"e","1065":"t","1066":"(","1067":"i","1068":"d","1069":")","1070":"!","1071":"\\","1072":"n","1073":" ","1074":" ","1075":" ","1076":" ","1077":"c","1078":"o","1079":"n","1080":"t","1081":"r","1082":"o","1083":"l","1084":"l","1085":"e","1086":"r","1087":".","1088":"a","1089":"b","1090":"o","1091":"r","1092":"t","1093":"(","1094":")","1095":"\\","1096":"n","1097":" ","1098":" ","1099":" ","1100":" ","1101":"r","1102":"e","1103":"t","1104":"u","1105":"r","1106":"n","1107":" ","1108":"t","1109":"h","1110":"i","1111":"s","1112":".","1113":"c","1114":"l","1115":"e","1116":"a","1117":"r","1118":"(","1119":"i","1120":"d","1121":")","1122":"\\","1123":"n","1124":" ","1125":" ","1126":"}","1127":"\\","1128":"n","1129":"}","1130":"\\","1131":"n","1132":"\"","1133":"]","1134":",","1135":"\"","1136":"n","1137":"a","1138":"m","1139":"e","1140":"s","1141":"\"","1142":":","1143":"[","1144":"\"","1145":"F","1146":"e","1147":"t","1148":"c","1149":"h","1150":"e","1151":"r","1152":"A","1153":"b","1154":"o","1155":"r","1156":"t","1157":"M","1158":"a","1159":"n","1160":"a","1161":"g","1162":"e","1163":"r","1164":"\"","1165":",","1166":"\"","1167":"g","1168":"e","1169":"t","1170":"\"","1171":",","1172":"\"","1173":"r","1174":"e","1175":"q","1176":"u","1177":"e","1178":"s","1179":"t","1180":"I","1181":"d","1182":"\"","1183":",","1184":"\"","1185":"c","1186":"o","1187":"n","1188":"t","1189":"r","1190":"o","1191":"l","1192":"l","1193":"e","1194":"r","1195":"s","1196":"\"","1197":",","1198":"\"","1199":"s","1200":"e","1201":"t","1202":"\"","1203":",","1204":"\"","1205":"c","1206":"o","1207":"n","1208":"t","1209":"r","1210":"o","1211":"l","1212":"l","1213":"e","1214":"r","1215":"\"","1216":",","1217":"\"","1218":"A","1219":"b","1220":"o","1221":"r","1222":"t","1223":"C","1224":"o","1225":"n","1226":"t","1227":"r","1228":"o","1229":"l","1230":"l","1231":"e","1232":"r","1233":"\"","1234":",","1235":"\"","1236":"s","1237":"e","1238":"t","1239":"S","1240":"a","1241":"f","1242":"e","1243":"\"","1244":",","1245":"\"","1246":"s","1247":"i","1248":"g","1249":"n","1250":"a","1251":"l","1252":"\"","1253":",","1254":"\"","1255":"h","1256":"a","1257":"s","1258":"\"","1259":",","1260":"\"","1261":"c","1262":"l","1263":"e","1264":"a","1265":"r","1266":"\"","1267":",","1268":"\"","1269":"d","1270":"e","1271":"l","1272":"e","1273":"t","1274":"e","1275":"\"","1276":",","1277":"\"","1278":"a","1279":"b","1280":"o","1281":"r","1282":"t","1283":"\"","1284":",","1285":"\"","1286":"i","1287":"d","1288":"\"","1289":",","1290":"\"","1291":"c","1292":"o","1293":"n","1294":"s","1295":"t","1296":"r","1297":"u","1298":"c","1299":"t","1300":"o","1301":"r","1302":"\"","1303":",","1304":"\"","1305":"M","1306":"a","1307":"p","1308":"\"","1309":"]","1310":",","1311":"\"","1312":"m","1313":"a","1314":"p","1315":"p","1316":"i","1317":"n","1318":"g","1319":"s","1320":"\"","1321":":","1322":"\"","1323":";","1324":";","1325":";","1326":";","1327":"+","1328":"B","1329":"A","1330":"A","1331":"a","1332":"A","1333":";","1334":";","1335":";","1336":"e","1337":"A","1338":"A","1339":"A","1340":"A","1341":";","1342":";","1343":";","1344":";","1345":";","1346":";","1347":";","1348":";","1349":";","1350":";","1351":";","1352":";","1353":";","1354":";","1355":";","1356":";","1357":";","1358":";","1359":";","1360":";","1361":";","1362":";","1363":";","1364":";","1365":";","1366":";","1367":";","1368":";","1369":";","1370":";","1371":";","1372":";","1373":";","1374":";","1375":";","1376":";","1377":";","1378":";","1379":";","1380":";","1381":";","1382":";","1383":";","1384":"I","1385":"A","1386":"C","1387":"F","1388":";","1389":"A","1390":"A","1391":"D","1392":"J","1393":",","1394":"I","1395":"A","1396":"A","1397":"A","1398":",","1399":"A","1400":"A","1401":"A","1402":"M","1403":"A","1404":",","1405":"s","1406":"B","1407":"A","1408":"A","1409":"N","1410":",","1411":"M","1412":"A","1413":"A","1414":"M","1415":"A","1416":";","1417":"I","1418":"A","1419":"O","1420":"J","1421":"C","1422":",","1423":"I","1424":"A","1425":"A","1426":"I","1427":"C","1428":",","1429":"S","1430":"A","1431":"A","1432":"i","1433":"B","1434":",","1435":"E","1436":"A","1437":"A","1438":"+","1439":"B","1440":";","1441":"Q","1442":"A","1443":"C","1444":"z","1445":"D","1446":",","1447":"O","1448":"A","1449":"A","1450":"O","1451":",","1452":"y","1453":"B","1454":"A","1455":"A","1456":"A","1457":",","1458":"I","1459":"A","1460":"A","1461":"I","1462":",","1463":"E","1464":"A","1465":"A","1466":"E","1467":"C","1468":",","1469":"c","1470":"A","1471":"A","1472":"Y","1473":"F","1474":",","1475":"G","1476":"A","1477":"A","1478":"G","1479":",","1480":"C","1481":"A","1482":"A","1483":"C","1484":"C","1485":";","1486":"I","1487":"A","1488":"C","1489":"/","1490":"B","1491":";","1492":"I","1493":"A","1494":"E","1495":"O","1496":"E","1497":",","1498":"I","1499":"A","1500":"A","1501":"I","1502":"F","1503":",","1504":"S","1505":"A","1506":"A","1507":"i","1508":"B","1509":",","1510":"E","1511":"A","1512":"A","1513":"m","1514":"B","1515":";","1516":"Q","1517":"A","1518":"C","1519":"7","1520":"C","1521":",","1522":"M","1523":"A","1524":"A","1525":"M","1526":"G","1527":",","1528":"a","1529":"A","1530":"A","1531":"a","1532":",","1533":"I","1534":"A","1535":"A","1536":"I","1537":"C","1538":";","1539":"Q","1540":"A","1541":"C","1542":"v","1543":"B","1544":",","1545":"y","1546":"B","1547":"A","1548":"A","1549":"A","1550":",","1551":"I","1552":"A","1553":"A","1554":"I","1555":",","1556":"E","1557":"A","1558":"A","1559":"E","1560":"H","1561":",","1562":"c","1563":"A","1564":"A","1565":"Y","1566":"C","1567":",","1568":"G","1569":"A","1570":"A","1571":"G","1572":",","1573":"C","1574":"A","1575":"A","1576":"C","1577":"F","1578":",","1579":"W","1580":"A","1581":"A","1582":"W","1583":"G","1584":";","1585":"Q","1586":"A","1587":"C","1588":"j","1589":"C","1590":",","1591":"O","1592":"A","1593":"A","1594":"O","1595":"A","1596":";","1597":"I","1598":"A","1599":"C","1600":"T","1601":";","1602":"I","1603":"A","1604":"E","1605":"O","1606":"E","1607":",","1608":"Q","1609":"A","1610":"A","1611":"Q","1612":"L","1613":",","1614":"S","1615":"A","1616":"A","1617":"k","1618":"B","1619":",","1620":"E","1621":"A","1622":"A","1623":"s","1624":"B","1625":";","1626":"Q","1627":"A","1628":"C","1629":"r","1630":"D","1631":",","1632":"I","1633":"A","1634":"A","1635":"I","1636":",","1637":"C","1638":"A","1639":"A","1640":"C","1641":"A","1642":",","1643":"W","1644":"A","1645":"A","1646":"W","1647":",","1648":"O","1649":"A","1650":"A","1651":"O","1652":",","1653":"I","1654":"A","1655":"A","1656":"I","1657":";","1658":"Q","1659":"A","1660":"C","1661":"3","1662":"B","1663":",","1664":"O","1665":"A","1666":"A","1667":"O","1668":",","1669":"I","1670":"A","1671":"A","1672":"I","1673":",","1674":"C","1675":"A","1676":"A","1677":"C","1678":"E","1679":",","1680":"G","1681":"A","1682":"A","1683":"G","1684":",","1685":"C","1686":"A","1687":"A","1688":"C","1689":"F","1690":",","1691":"W","1692":"A","1693":"A","1694":"W","1695":"M","1696":",","1697":"M","1698":"A","1699":"A","1700":"M","1701":";","1702":"I","1703":"A","1704":"C","1705":"n","1706":"C","1707":";","1708":"I","1709":"A","1710":"E","1711":"O","1712":"C","1713":",","1714":"I","1715":"A","1716":"A","1717":"I","1718":"P","1719":",","1720":"S","1721":"A","1722":"A","1723":"i","1724":"B","1725":",","1726":"E","1727":"A","1728":"A","1729":"W","1730":";","1731":"Q","1732":"A","1733":"C","1734":"r","1735":"C","1736":",","1737":"O","1738":"A","1739":"A","1740":"O","1741":",","1742":"y","1743":"B","1744":"A","1745":"A","1746":"A","1747":",","1748":"I","1749":"A","1750":"A","1751":"I","1752":",","1753":"E","1754":"A","1755":"A","1756":"E","1757":"C","1758":",","1759":"c","1760":"A","1761":"A","1762":"Y","1763":"M","1764":",","1765":"G","1766":"A","1767":"A","1768":"G","1769":",","1770":"C","1771":"A","1772":"A","1773":"C","1774":"P","1775":";","1776":"I","1777":"A","1778":"C","1779":"/","1780":"B","1781":";","1782":"I","1783":"A","1784":"E","1785":"O","1786":"Q","1787":",","1788":"M","1789":"A","1790":"A","1791":"M","1792":"R","1793":",","1794":"S","1795":"A","1796":"A","1797":"k","1798":"B","1799":",","1800":"E","1801":"A","1802":"A","1803":"W","1804":";","1805":"Q","1806":"A","1807":"C","1808":"x","1809":"C","1810":",","1811":"O","1812":"A","1813":"A","1814":"O","1815":",","1816":"y","1817":"B","1818":"A","1819":"A","1820":"A","1821":",","1822":"I","1823":"A","1824":"A","1825":"I","1826":",","1827":"E","1828":"A","1829":"A","1830":"E","1831":"C","1832":",","1833":"c","1834":"A","1835":"A","1836":"Y","1837":"Q","1838":",","1839":"M","1840":"A","1841":"A","1842":"M","1843":",","1844":"C","1845":"A","1846":"A","1847":"C","1848":"T","1849":",","1850":"s","1851":"B","1852":"A","1853":"A","1854":"A","1855":"A","1856":",","1857":"u","1858":"B","1859":"A","1860":"A","1861":"A","1862":"A","1863":",","1864":"Y","1865":"A","1866":"A","1867":"a","1868":",","1869":"E","1870":"A","1871":"A","1872":"E","1873":";","1874":"I","1875":"A","1876":"C","1877":"j","1878":"D","1879":";","1880":"I","1881":"A","1882":"E","1883":"O","1884":"U","1885":",","1886":"M","1887":"A","1888":"A","1889":"M","1890":"V","1891":",","1892":"S","1893":"A","1894":"A","1895":"k","1896":"B","1897":",","1898":"E","1899":"A","1900":"A","1901":"W","1902":";","1903":"Q","1904":"A","1905":"C","1906":"x","1907":"C","1908":",","1909":"M","1910":"A","1911":"A","1912":"M","1913":"W","1914":",","1915":"K","1916":"A","1917":"A","1918":"K","1919":"X","1920":",","1921":"s","1922":"B","1923":"A","1924":"A","1925":"A","1926":"A","1927":",","1928":"u","1929":"B","1930":"A","1931":"A","1932":"A","1933":"A","1934":",","1935":"Y","1936":"A","1937":"A","1938":"a","1939":",","1940":"E","1941":"A","1942":"A","1943":"E","1944":";","1945":"Q","1946":"A","1947":"E","1948":"1","1949":"B","1950":",","1951":"I","1952":"A","1953":"A","1954":"I","1955":",","1956":"C","1957":"A","1958":"A","1959":"C","1960":"W","1961":",","1962":"M","1963":"A","1964":"A","1965":"M","1966":",","1967":"C","1968":"A","1969":"A","1970":"C","1971":",","1972":"I","1973":"A","1974":"A","1975":"I","1976":",","1977":"C","1978":"A","1979":"A","1980":"C","1981":"J","1982":",","1983":"G","1984":"A","1985":"A","1986":"G","1987":",","1988":"C","1989":"A","1990":"A","1991":"C","1992":"I","1993":",","1994":"K","1995":"A","1996":"A","1997":"K","1998":",","1999":"O","2000":"A","2001":"A","2002":"O","2003":",","2004":"K","2005":"A","2006":"A","2007":"K","2008":";","2009":"Q","2010":"A","2011":"E","2012":"t","2013":"C","2014":",","2015":"M","2016":"A","2017":"A","2018":"M","2019":"R","2020":",","2021":"a","2022":"A","2023":"A","2024":"a","2025":",","2026":"I","2027":"A","2028":"A","2029":"I","2030":",","2031":"C","2032":"A","2033":"A","2034":"C","2035":"J","2036":",","2037":"G","2038":"A","2039":"A","2040":"G","2041":",","2042":"C","2043":"A","2044":"A","2045":"C","2046":"Y","2047":";","2048":"Q","2049":"A","2050":"C","2051":"5","2052":"B","2053":"R","2054":",","2055":"W","2056":"A","2057":"A","2058":"W","2059":"O","2060":",","2061":"K","2062":"A","2063":"A","2064":"K","2065":";","2066":"Q","2067":"A","2068":"C","2069":"h","2070":"B","2071":",","2072":"O","2073":"A","2074":"A","2075":"O","2076":",","2077":"I","2078":"A","2079":"A","2080":"I","2081":",","2082":"C","2083":"A","2084":"A","2085":"C","2086":"F","2087":",","2088":"K","2089":"A","2090":"A","2091":"K","2092":",","2093":"C","2094":"A","2095":"A","2096":"C","2097":"G","2098":";","2099":"I","2100":"A","2101":"C","2102":"p","2103":"B","2104":";","2105":"I","2106":"A","2107":"n","2108":"C","2109":"A","2110":"C","2111":",","2112":"a","2113":"A","2114":"A","2115":"c","2116":";","2117":"Q","2118":"A","2119":"F","2120":"d","2121":",","2122":"g","2123":"C","2124":"A","2125":"A","2126":"S","2127":";","2128":";","2129":"m","2130":"B","2131":"A","2132":"A","2133":"T","2134":",","2135":"K","2136":"A","2137":"A","2138":"A","2139":";","2140":";","2141":"u","2142":"C","2143":"A","2144":"G","2145":"Q","2146":"X","2147":",","2148":"c","2149":"A","2150":"A","2151":"c","2152":",","2153":"I","2154":"A","2155":"A","2156":"I","2157":"Y","2158":";","2159":"I","2160":"A","2161":"C","2162":"1","2163":"B","2164":";","2165":"A","2166":"A","2167":"k","2168":"C","2169":"F","2170":"\"","2171":"}"},"_coverageSchema":"1a1c01bbd47fc00a2c39e90264f33305004495a9","hash":"67ea11f83f43526a537923956f792d8c52673f4e"}
,"/Users/nikitabelous/work/web-kit/packages/fetcher/src/interceptor-manager.ts": {"path":"/Users/nikitabelous/work/web-kit/packages/fetcher/src/interceptor-manager.ts","statementMap":{"0":{"start":{"line":2,"column":0},"end":{"line":4,"column":3}},"1":{"start":{"line":5,"column":0},"end":{"line":10,"column":3}},"2":{"start":{"line":8,"column":8},"end":{"line":8,"column":41}},"3":{"start":{"line":12,"column":4},"end":{"line":18,"column":5}},"4":{"start":{"line":13,"column":19},"end":{"line":13,"column":32}},"5":{"start":{"line":14,"column":20},"end":{"line":14,"column":30}},"6":{"start":{"line":16,"column":8},"end":{"line":16,"column":22}},"7":{"start":{"line":17,"column":8},"end":{"line":17,"column":15}},"8":{"start":{"line":19,"column":4},"end":{"line":23,"column":5}},"9":{"start":{"line":20,"column":8},"end":{"line":20,"column":23}},"10":{"start":{"line":22,"column":8},"end":{"line":22,"column":51}},"11":{"start":{"line":26,"column":4},"end":{"line":38,"column":6}},"12":{"start":{"line":27,"column":19},"end":{"line":27,"column":23}},"13":{"start":{"line":27,"column":32},"end":{"line":27,"column":41}},"14":{"start":{"line":28,"column":8},"end":{"line":37,"column":11}},"15":{"start":{"line":29,"column":22},"end":{"line":29,"column":42}},"16":{"start":{"line":31,"column":16},"end":{"line":31,"column":87}},"17":{"start":{"line":34,"column":16},"end":{"line":34,"column":86}},"18":{"start":{"line":36,"column":12},"end":{"line":36,"column":29}},"19":{"start":{"line":41,"column":4},"end":{"line":43,"column":5}},"20":{"start":{"line":42,"column":8},"end":{"line":42,"column":94}},"21":{"start":{"line":46,"column":4},"end":{"line":48,"column":5}},"22":{"start":{"line":47,"column":8},"end":{"line":47,"column":45}},"23":{"start":{"line":49,"column":4},"end":{"line":49,"column":28}},"24":{"start":{"line":52,"column":4},"end":{"line":59,"column":5}},"25":{"start":{"line":53,"column":8},"end":{"line":53,"column":45}},"26":{"start":{"line":55,"column":8},"end":{"line":57,"column":9}},"27":{"start":{"line":56,"column":12},"end":{"line":56,"column":76}},"28":{"start":{"line":58,"column":8},"end":{"line":58,"column":33}},"29":{"start":{"line":62,"column":4},"end":{"line":64,"column":5}},"30":{"start":{"line":63,"column":8},"end":{"line":63,"column":89}},"31":{"start":{"line":65,"column":4},"end":{"line":65,"column":36}},"32":{"start":{"line":68,"column":21},"end":{"line":68,"column":81}},"33":{"start":{"line":69,"column":4},"end":{"line":69,"column":61}},"34":{"start":{"line":72,"column":4},"end":{"line":72,"column":50}},"35":{"start":{"line":73,"column":4},"end":{"line":73,"column":31}},"36":{"start":{"line":76,"column":21},"end":{"line":76,"column":81}},"37":{"start":{"line":77,"column":4},"end":{"line":77,"column":61}},"38":{"start":{"line":78,"column":4},"end":{"line":78,"column":17}},"39":{"start":{"line":81,"column":4},"end":{"line":83,"column":5}},"40":{"start":{"line":82,"column":8},"end":{"line":82,"column":78}},"41":{"start":{"line":84,"column":4},"end":{"line":84,"column":14}},"42":{"start":{"line":87,"column":4},"end":{"line":87,"column":50}},"43":{"start":{"line":88,"column":4},"end":{"line":88,"column":24}},"44":{"start":{"line":90,"column":20},"end":{"line":90,"column":33}},"45":{"start":{"line":90,"column":62},"end":{"line":90,"column":75}},"46":{"start":{"line":91,"column":32},"end":{"line":140,"column":1}},"47":{"start":{"line":93,"column":8},"end":{"line":93,"column":61}},"48":{"start":{"line":96,"column":8},"end":{"line":96,"column":72}},"49":{"start":{"line":99,"column":22},"end":{"line":99,"column":88}},"50":{"start":{"line":100,"column":8},"end":{"line":100,"column":28}},"51":{"start":{"line":100,"column":21},"end":{"line":100,"column":28}},"52":{"start":{"line":101,"column":8},"end":{"line":101,"column":71}},"53":{"start":{"line":104,"column":8},"end":{"line":104,"column":58}},"54":{"start":{"line":107,"column":20},"end":{"line":107,"column":24}},"55":{"start":{"line":108,"column":8},"end":{"line":116,"column":13}},"56":{"start":{"line":109,"column":22},"end":{"line":109,"column":29}},"57":{"start":{"line":110,"column":12},"end":{"line":114,"column":13}},"58":{"start":{"line":111,"column":16},"end":{"line":113,"column":17}},"59":{"start":{"line":112,"column":20},"end":{"line":112,"column":57}},"60":{"start":{"line":115,"column":12},"end":{"line":115,"column":23}},"61":{"start":{"line":119,"column":20},"end":{"line":119,"column":24}},"62":{"start":{"line":120,"column":8},"end":{"line":122,"column":13}},"63":{"start":{"line":121,"column":12},"end":{"line":121,"column":137}},"64":{"start":{"line":125,"column":20},"end":{"line":125,"column":24}},"65":{"start":{"line":126,"column":8},"end":{"line":128,"column":13}},"66":{"start":{"line":127,"column":12},"end":{"line":127,"column":134}},"67":{"start":{"line":131,"column":8},"end":{"line":131,"column":67}},"68":{"start":{"line":132,"column":8},"end":{"line":135,"column":11}},"69":{"start":{"line":136,"column":8},"end":{"line":138,"column":9}},"70":{"start":{"line":137,"column":12},"end":{"line":137,"column":72}},"71":{"start":{"line":142,"column":4},"end":{"line":142,"column":60}},"72":{"start":{"line":145,"column":4},"end":{"line":152,"column":7}},"73":{"start":{"line":146,"column":19},"end":{"line":146,"column":27}},"74":{"start":{"line":147,"column":8},"end":{"line":150,"column":9}},"75":{"start":{"line":148,"column":23},"end":{"line":148,"column":42}},"76":{"start":{"line":149,"column":12},"end":{"line":149,"column":42}},"77":{"start":{"line":149,"column":20},"end":{"line":149,"column":42}},"78":{"start":{"line":151,"column":8},"end":{"line":151,"column":20}},"79":{"start":{"line":153,"column":4},"end":{"line":153,"column":60}}},"fnMap":{"0":{"name":"(anonymous_0)","decl":{"start":{"line":7,"column":9},"end":{"line":7,"column":10}},"loc":{"start":{"line":7,"column":20},"end":{"line":9,"column":5}},"line":7},"1":{"name":"asyncGeneratorStep","decl":{"start":{"line":11,"column":9},"end":{"line":11,"column":27}},"loc":{"start":{"line":11,"column":75},"end":{"line":24,"column":1}},"line":11},"2":{"name":"_async_to_generator","decl":{"start":{"line":25,"column":9},"end":{"line":25,"column":28}},"loc":{"start":{"line":25,"column":33},"end":{"line":39,"column":1}},"line":25},"3":{"name":"(anonymous_3)","decl":{"start":{"line":26,"column":11},"end":{"line":26,"column":12}},"loc":{"start":{"line":26,"column":22},"end":{"line":38,"column":5}},"line":26},"4":{"name":"(anonymous_4)","decl":{"start":{"line":28,"column":27},"end":{"line":28,"column":28}},"loc":{"start":{"line":28,"column":53},"end":{"line":37,"column":9}},"line":28},"5":{"name":"_next","decl":{"start":{"line":30,"column":21},"end":{"line":30,"column":26}},"loc":{"start":{"line":30,"column":34},"end":{"line":32,"column":13}},"line":30},"6":{"name":"_throw","decl":{"start":{"line":33,"column":21},"end":{"line":33,"column":27}},"loc":{"start":{"line":33,"column":33},"end":{"line":35,"column":13}},"line":33},"7":{"name":"_check_private_redeclaration","decl":{"start":{"line":40,"column":9},"end":{"line":40,"column":37}},"loc":{"start":{"line":40,"column":62},"end":{"line":44,"column":1}},"line":40},"8":{"name":"_class_apply_descriptor_get","decl":{"start":{"line":45,"column":9},"end":{"line":45,"column":36}},"loc":{"start":{"line":45,"column":59},"end":{"line":50,"column":1}},"line":45},"9":{"name":"_class_apply_descriptor_set","decl":{"start":{"line":51,"column":9},"end":{"line":51,"column":36}},"loc":{"start":{"line":51,"column":66},"end":{"line":60,"column":1}},"line":51},"10":{"name":"_class_extract_field_descriptor","decl":{"start":{"line":61,"column":9},"end":{"line":61,"column":40}},"loc":{"start":{"line":61,"column":71},"end":{"line":66,"column":1}},"line":61},"11":{"name":"_class_private_field_get","decl":{"start":{"line":67,"column":9},"end":{"line":67,"column":33}},"loc":{"start":{"line":67,"column":56},"end":{"line":70,"column":1}},"line":67},"12":{"name":"_class_private_field_init","decl":{"start":{"line":71,"column":9},"end":{"line":71,"column":34}},"loc":{"start":{"line":71,"column":59},"end":{"line":74,"column":1}},"line":71},"13":{"name":"_class_private_field_set","decl":{"start":{"line":75,"column":9},"end":{"line":75,"column":33}},"loc":{"start":{"line":75,"column":63},"end":{"line":79,"column":1}},"line":75},"14":{"name":"_class_private_method_get","decl":{"start":{"line":80,"column":9},"end":{"line":80,"column":34}},"loc":{"start":{"line":80,"column":61},"end":{"line":85,"column":1}},"line":80},"15":{"name":"_class_private_method_init","decl":{"start":{"line":86,"column":9},"end":{"line":86,"column":35}},"loc":{"start":{"line":86,"column":53},"end":{"line":89,"column":1}},"line":86},"16":{"name":"(anonymous_16)","decl":{"start":{"line":92,"column":4},"end":{"line":92,"column":5}},"loc":{"start":{"line":92,"column":23},"end":{"line":94,"column":5}},"line":92},"17":{"name":"(anonymous_17)","decl":{"start":{"line":95,"column":4},"end":{"line":95,"column":5}},"loc":{"start":{"line":95,"column":21},"end":{"line":97,"column":5}},"line":95},"18":{"name":"(anonymous_18)","decl":{"start":{"line":98,"column":4},"end":{"line":98,"column":5}},"loc":{"start":{"line":98,"column":24},"end":{"line":102,"column":5}},"line":98},"19":{"name":"(anonymous_19)","decl":{"start":{"line":103,"column":4},"end":{"line":103,"column":5}},"loc":{"start":{"line":103,"column":12},"end":{"line":105,"column":5}},"line":103},"20":{"name":"(anonymous_20)","decl":{"start":{"line":106,"column":4},"end":{"line":106,"column":5}},"loc":{"start":{"line":106,"column":36},"end":{"line":117,"column":5}},"line":106},"21":{"name":"(anonymous_21)","decl":{"start":{"line":108,"column":35},"end":{"line":108,"column":36}},"loc":{"start":{"line":108,"column":47},"end":{"line":116,"column":9}},"line":108},"22":{"name":"(anonymous_22)","decl":{"start":{"line":118,"column":4},"end":{"line":118,"column":5}},"loc":{"start":{"line":118,"column":38},"end":{"line":123,"column":5}},"line":118},"23":{"name":"(anonymous_23)","decl":{"start":{"line":120,"column":35},"end":{"line":120,"column":36}},"loc":{"start":{"line":120,"column":47},"end":{"line":122,"column":9}},"line":120},"24":{"name":"(anonymous_24)","decl":{"start":{"line":124,"column":4},"end":{"line":124,"column":5}},"loc":{"start":{"line":124,"column":35},"end":{"line":129,"column":5}},"line":124},"25":{"name":"(anonymous_25)","decl":{"start":{"line":126,"column":35},"end":{"line":126,"column":36}},"loc":{"start":{"line":126,"column":47},"end":{"line":128,"column":9}},"line":126},"26":{"name":"(anonymous_26)","decl":{"start":{"line":130,"column":4},"end":{"line":130,"column":5}},"loc":{"start":{"line":130,"column":29},"end":{"line":139,"column":5}},"line":130},"27":{"name":"runResponseInterceptors","decl":{"start":{"line":141,"column":9},"end":{"line":141,"column":32}},"loc":{"start":{"line":141,"column":51},"end":{"line":143,"column":1}},"line":141},"28":{"name":"_runResponseInterceptors1","decl":{"start":{"line":144,"column":9},"end":{"line":144,"column":34}},"loc":{"start":{"line":144,"column":37},"end":{"line":154,"column":1}},"line":144},"29":{"name":"(anonymous_29)","decl":{"start":{"line":145,"column":52},"end":{"line":145,"column":53}},"loc":{"start":{"line":145,"column":80},"end":{"line":152,"column":5}},"line":145}},"branchMap":{"0":{"loc":{"start":{"line":19,"column":4},"end":{"line":23,"column":5}},"type":"if","locations":[{"start":{"line":19,"column":4},"end":{"line":23,"column":5}},{"start":{"line":21,"column":11},"end":{"line":23,"column":5}}],"line":19},"1":{"loc":{"start":{"line":41,"column":4},"end":{"line":43,"column":5}},"type":"if","locations":[{"start":{"line":41,"column":4},"end":{"line":43,"column":5}},{"start":{},"end":{}}],"line":41},"2":{"loc":{"start":{"line":46,"column":4},"end":{"line":48,"column":5}},"type":"if","locations":[{"start":{"line":46,"column":4},"end":{"line":48,"column":5}},{"start":{},"end":{}}],"line":46},"3":{"loc":{"start":{"line":52,"column":4},"end":{"line":59,"column":5}},"type":"if","locations":[{"start":{"line":52,"column":4},"end":{"line":59,"column":5}},{"start":{"line":54,"column":11},"end":{"line":59,"column":5}}],"line":52},"4":{"loc":{"start":{"line":55,"column":8},"end":{"line":57,"column":9}},"type":"if","locations":[{"start":{"line":55,"column":8},"end":{"line":57,"column":9}},{"start":{},"end":{}}],"line":55},"5":{"loc":{"start":{"line":62,"column":4},"end":{"line":64,"column":5}},"type":"if","locations":[{"start":{"line":62,"column":4},"end":{"line":64,"column":5}},{"start":{},"end":{}}],"line":62},"6":{"loc":{"start":{"line":81,"column":4},"end":{"line":83,"column":5}},"type":"if","locations":[{"start":{"line":81,"column":4},"end":{"line":83,"column":5}},{"start":{},"end":{}}],"line":81},"7":{"loc":{"start":{"line":100,"column":8},"end":{"line":100,"column":28}},"type":"if","locations":[{"start":{"line":100,"column":8},"end":{"line":100,"column":28}},{"start":{},"end":{}}],"line":100},"8":{"loc":{"start":{"line":111,"column":16},"end":{"line":113,"column":17}},"type":"if","locations":[{"start":{"line":111,"column":16},"end":{"line":113,"column":17}},{"start":{},"end":{}}],"line":111},"9":{"loc":{"start":{"line":136,"column":8},"end":{"line":138,"column":9}},"type":"if","locations":[{"start":{"line":136,"column":8},"end":{"line":138,"column":9}},{"start":{},"end":{}}],"line":136},"10":{"loc":{"start":{"line":149,"column":12},"end":{"line":149,"column":42}},"type":"if","locations":[{"start":{"line":149,"column":12},"end":{"line":149,"column":42}},{"start":{},"end":{}}],"line":149}},"s":{"0":1,"1":1,"2":7,"3":11,"4":11,"5":11,"6":0,"7":0,"8":11,"9":6,"10":5,"11":5,"12":6,"13":6,"14":6,"15":6,"16":11,"17":0,"18":6,"19":14,"20":0,"21":19,"22":0,"23":19,"24":0,"25":0,"26":0,"27":0,"28":0,"29":19,"30":0,"31":19,"32":19,"33":19,"34":7,"35":7,"36":0,"37":0,"38":0,"39":2,"40":0,"41":2,"42":7,"43":7,"44":1,"45":1,"46":1,"47":4,"48":8,"49":2,"50":2,"51":1,"52":1,"53":0,"54":2,"55":2,"56":2,"57":2,"58":3,"59":3,"60":2,"61":1,"62":1,"63":1,"64":1,"65":1,"66":1,"67":7,"68":7,"69":7,"70":0,"71":2,"72":1,"73":2,"74":2,"75":2,"76":2,"77":2,"78":2,"79":1},"f":{"0":7,"1":11,"2":5,"3":6,"4":6,"5":11,"6":0,"7":14,"8":19,"9":0,"10":19,"11":19,"12":7,"13":0,"14":2,"15":7,"16":4,"17":8,"18":2,"19":0,"20":2,"21":2,"22":1,"23":1,"24":1,"25":1,"26":7,"27":2,"28":1,"29":2},"b":{"0":[6,5],"1":[0,14],"2":[0,19],"3":[0,0],"4":[0,0],"5":[0,19],"6":[0,2],"7":[1,1],"8":[3,0],"9":[0,7],"10":[2,0]},"inputSourceMap":{"0":"{","1":"\"","2":"v","3":"e","4":"r","5":"s","6":"i","7":"o","8":"n","9":"\"","10":":","11":"3","12":",","13":"\"","14":"s","15":"o","16":"u","17":"r","18":"c","19":"e","20":"s","21":"\"","22":":","23":"[","24":"\"","25":"/","26":"U","27":"s","28":"e","29":"r","30":"s","31":"/","32":"n","33":"i","34":"k","35":"i","36":"t","37":"a","38":"b","39":"e","40":"l","41":"o","42":"u","43":"s","44":"/","45":"w","46":"o","47":"r","48":"k","49":"/","50":"w","51":"e","52":"b","53":"-","54":"k","55":"i","56":"t","57":"/","58":"p","59":"a","60":"c","61":"k","62":"a","63":"g","64":"e","65":"s","66":"/","67":"f","68":"e","69":"t","70":"c","71":"h","72":"e","73":"r","74":"/","75":"s","76":"r","77":"c","78":"/","79":"i","80":"n","81":"t","82":"e","83":"r","84":"c","85":"e","86":"p","87":"t","88":"o","89":"r","90":"-","91":"m","92":"a","93":"n","94":"a","95":"g","96":"e","97":"r","98":".","99":"t","100":"s","101":"\"","102":"]","103":",","104":"\"","105":"s","106":"o","107":"u","108":"r","109":"c","110":"e","111":"s","112":"C","113":"o","114":"n","115":"t","116":"e","117":"n","118":"t","119":"\"","120":":","121":"[","122":"\"","123":"i","124":"m","125":"p","126":"o","127":"r","128":"t","129":" ","130":"t","131":"y","132":"p","133":"e","134":" ","135":"{","136":"\\","137":"n","138":" ","139":" ","140":"F","141":"e","142":"t","143":"c","144":"h","145":"e","146":"r","147":"I","148":"n","149":"t","150":"e","151":"r","152":"c","153":"e","154":"p","155":"t","156":"o","157":"r","158":",","159":"\\","160":"n","161":" ","162":" ","163":"F","164":"e","165":"t","166":"c","167":"h","168":"e","169":"r","170":"R","171":"e","172":"q","173":"u","174":"e","175":"s","176":"t","177":",","178":"\\","179":"n","180":" ","181":" ","182":"F","183":"e","184":"t","185":"c","186":"h","187":"e","188":"r","189":"R","190":"e","191":"s","192":"p","193":"o","194":"n","195":"s","196":"e","197":",","198":"\\","199":"n","200":"}","201":" ","202":"f","203":"r","204":"o","205":"m","206":" ","207":"'","208":"@","209":"/","210":"t","211":"y","212":"p","213":"e","214":"s","215":"'","216":"\\","217":"n","218":"\\","219":"n","220":"e","221":"x","222":"p","223":"o","224":"r","225":"t","226":" ","227":"c","228":"l","229":"a","230":"s","231":"s","232":" ","233":"F","234":"e","235":"t","236":"c","237":"h","238":"e","239":"r","240":"I","241":"n","242":"t","243":"e","244":"r","245":"c","246":"e","247":"p","248":"t","249":"o","250":"r","251":"M","252":"a","253":"n","254":"a","255":"g","256":"e","257":"r","258":" ","259":"{","260":"\\","261":"n","262":" ","263":" ","264":"#","265":"i","266":"n","267":"t","268":"e","269":"r","270":"c","271":"e","272":"p","273":"t","274":"o","275":"r","276":"s","277":":","278":" ","279":"F","280":"e","281":"t","282":"c","283":"h","284":"e","285":"r","286":"I","287":"n","288":"t","289":"e","290":"r","291":"c","292":"e","293":"p","294":"t","295":"o","296":"r","297":"[","298":"]","299":" ","300":"=","301":" ","302":"[","303":"]","304":"\\","305":"n","306":"\\","307":"n","308":" ","309":" ","310":"c","311":"o","312":"n","313":"s","314":"t","315":"r","316":"u","317":"c","318":"t","319":"o","320":"r","321":"(","322":"i","323":"n","324":"t","325":"e","326":"r","327":"c","328":"e","329":"p","330":"t","331":"o","332":"r","333":"s","334":"?","335":":","336":" ","337":"F","338":"e","339":"t","340":"c","341":"h","342":"e","343":"r","344":"I","345":"n","346":"t","347":"e","348":"r","349":"c","350":"e","351":"p","352":"t","353":"o","354":"r","355":"[","356":"]","357":")","358":" ","359":"{","360":"\\","361":"n","362":" ","363":" ","364":" ","365":" ","366":"i","367":"f","368":" ","369":"(","370":"i","371":"n","372":"t","373":"e","374":"r","375":"c","376":"e","377":"p","378":"t","379":"o","380":"r","381":"s","382":")","383":" ","384":"{","385":"\\","386":"n","387":" ","388":" ","389":" ","390":" ","391":" ","392":" ","393":"t","394":"h","395":"i","396":"s","397":".","398":"#","399":"i","400":"n","401":"t","402":"e","403":"r","404":"c","405":"e","406":"p","407":"t","408":"o","409":"r","410":"s","411":" ","412":"=","413":" ","414":"i","415":"n","416":"t","417":"e","418":"r","419":"c","420":"e","421":"p","422":"t","423":"o","424":"r","425":"s","426":"\\","427":"n","428":" ","429":" ","430":" ","431":" ","432":"}","433":"\\","434":"n","435":" ","436":" ","437":"}","438":"\\","439":"n","440":"\\","441":"n","442":" ","443":" ","444":"p","445":"u","446":"b","447":"l","448":"i","449":"c","450":" ","451":"g","452":"e","453":"t","454":" ","455":"i","456":"n","457":"t","458":"e","459":"r","460":"c","461":"e","462":"p","463":"t","464":"o","465":"r","466":"s","467":"(","468":")","469":":","470":" ","471":"F","472":"e","473":"t","474":"c","475":"h","476":"e","477":"r","478":"I","479":"n","480":"t","481":"e","482":"r","483":"c","484":"e","485":"p","486":"t","487":"o","488":"r","489":"[","490":"]","491":" ","492":"{","493":"\\","494":"n","495":" ","496":" ","497":" ","498":" ","499":"r","500":"e","501":"t","502":"u","503":"r","504":"n","505":" ","506":"t","507":"h","508":"i","509":"s","510":".","511":"#","512":"i","513":"n","514":"t","515":"e","516":"r","517":"c","518":"e","519":"p","520":"t","521":"o","522":"r","523":"s","524":"\\","525":"n","526":" ","527":" ","528":"}","529":"\\","530":"n","531":"\\","532":"n","533":" ","534":" ","535":"p","536":"u","537":"b","538":"l","539":"i","540":"c","541":" ","542":"a","543":"d","544":"d","545":"(","546":"i","547":"n","548":"t","549":"e","550":"r","551":"c","552":"e","553":"p","554":"t","555":"o","556":"r","557":":","558":" ","559":"F","560":"e","561":"t","562":"c","563":"h","564":"e","565":"r","566":"I","567":"n","568":"t","569":"e","570":"r","571":"c","572":"e","573":"p","574":"t","575":"o","576":"r","577":")","578":":","579":" ","580":"v","581":"o","582":"i","583":"d","584":" ","585":"{","586":"\\","587":"n","588":" ","589":" ","590":" ","591":" ","592":"t","593":"h","594":"i","595":"s","596":".","597":"#","598":"i","599":"n","600":"t","601":"e","602":"r","603":"c","604":"e","605":"p","606":"t","607":"o","608":"r","609":"s","610":".","611":"p","612":"u","613":"s","614":"h","615":"(","616":"i","617":"n","618":"t","619":"e","620":"r","621":"c","622":"e","623":"p","624":"t","625":"o","626":"r","627":")","628":"\\","629":"n","630":" ","631":" ","632":"}","633":"\\","634":"n","635":"\\","636":"n","637":" ","638":" ","639":"p","640":"u","641":"b","642":"l","643":"i","644":"c","645":" ","646":"r","647":"e","648":"m","649":"o","650":"v","651":"e","652":"(","653":"i","654":"n","655":"t","656":"e","657":"r","658":"c","659":"e","660":"p","661":"t","662":"o","663":"r","664":":","665":" ","666":"F","667":"e","668":"t","669":"c","670":"h","671":"e","672":"r","673":"I","674":"n","675":"t","676":"e","677":"r","678":"c","679":"e","680":"p","681":"t","682":"o","683":"r","684":")","685":":","686":" ","687":"v","688":"o","689":"i","690":"d","691":" ","692":"{","693":"\\","694":"n","695":" ","696":" ","697":" ","698":" ","699":"c","700":"o","701":"n","702":"s","703":"t","704":" ","705":"i","706":"n","707":"d","708":"e","709":"x","710":" ","711":"=","712":" ","713":"t","714":"h","715":"i","716":"s","717":".","718":"#","719":"i","720":"n","721":"t","722":"e","723":"r","724":"c","725":"e","726":"p","727":"t","728":"o","729":"r","730":"s","731":".","732":"i","733":"n","734":"d","735":"e","736":"x","737":"O","738":"f","739":"(","740":"i","741":"n","742":"t","743":"e","744":"r","745":"c","746":"e","747":"p","748":"t","749":"o","750":"r","751":")","752":"\\","753":"n","754":" ","755":" ","756":" ","757":" ","758":"i","759":"f","760":" ","761":"(","762":"!","763":"~","764":"i","765":"n","766":"d","767":"e","768":"x","769":")","770":" ","771":"r","772":"e","773":"t","774":"u","775":"r","776":"n","777":"\\","778":"n","779":" ","780":" ","781":" ","782":" ","783":"t","784":"h","785":"i","786":"s","787":".","788":"#","789":"i","790":"n","791":"t","792":"e","793":"r","794":"c","795":"e","796":"p","797":"t","798":"o","799":"r","800":"s","801":".","802":"s","803":"p","804":"l","805":"i","806":"c","807":"e","808":"(","809":"i","810":"n","811":"d","812":"e","813":"x","814":",","815":" ","816":"1","817":")","818":"\\","819":"n","820":" ","821":" ","822":"}","823":"\\","824":"n","825":"\\","826":"n","827":" ","828":" ","829":"p","830":"u","831":"b","832":"l","833":"i","834":"c","835":" ","836":"c","837":"l","838":"e","839":"a","840":"r","841":"(","842":")","843":":","844":" ","845":"v","846":"o","847":"i","848":"d","849":" ","850":"{","851":"\\","852":"n","853":" ","854":" ","855":" ","856":" ","857":"t","858":"h","859":"i","860":"s","861":".","862":"#","863":"i","864":"n","865":"t","866":"e","867":"r","868":"c","869":"e","870":"p","871":"t","872":"o","873":"r","874":"s","875":" ","876":"=","877":" ","878":"[","879":"]","880":"\\","881":"n","882":" ","883":" ","884":"}","885":"\\","886":"n","887":"\\","888":"n","889":" ","890":" ","891":"p","892":"u","893":"b","894":"l","895":"i","896":"c","897":" ","898":"a","899":"s","900":"y","901":"n","902":"c","903":" ","904":"r","905":"u","906":"n","907":"R","908":"e","909":"q","910":"u","911":"e","912":"s","913":"t","914":"I","915":"n","916":"t","917":"e","918":"r","919":"c","920":"e","921":"p","922":"t","923":"o","924":"r","925":"s","926":"(","927":"\\","928":"n","929":" ","930":" ","931":" ","932":" ","933":"r","934":"e","935":"q","936":"u","937":"e","938":"s","939":"t","940":":","941":" ","942":"F","943":"e","944":"t","945":"c","946":"h","947":"e","948":"r","949":"R","950":"e","951":"q","952":"u","953":"e","954":"s","955":"t","956":",","957":"\\","958":"n","959":" ","960":" ","961":")","962":":","963":" ","964":"P","965":"r","966":"o","967":"m","968":"i","969":"s","970":"e","971":"<","972":"F","973":"e","974":"t","975":"c","976":"h","977":"e","978":"r","979":"R","980":"e","981":"q","982":"u","983":"e","984":"s","985":"t","986":">","987":" ","988":"{","989":"\\","990":"n","991":" ","992":" ","993":" ","994":" ","995":"l","996":"e","997":"t","998":" ","999":"r","1000":"e","1001":"q","1002":" ","1003":"=","1004":" ","1005":"r","1006":"e","1007":"q","1008":"u","1009":"e","1010":"s","1011":"t","1012":"\\","1013":"n","1014":"\\","1015":"n","1016":" ","1017":" ","1018":" ","1019":" ","1020":"f","1021":"o","1022":"r","1023":" ","1024":"(","1025":"c","1026":"o","1027":"n","1028":"s","1029":"t","1030":" ","1031":"i","1032":"n","1033":"t","1034":"e","1035":"r","1036":"c","1037":"e","1038":"p","1039":"t","1040":"o","1041":"r","1042":" ","1043":"o","1044":"f","1045":" ","1046":"t","1047":"h","1048":"i","1049":"s","1050":".","1051":"#","1052":"i","1053":"n","1054":"t","1055":"e","1056":"r","1057":"c","1058":"e","1059":"p","1060":"t","1061":"o","1062":"r","1063":"s","1064":")","1065":" ","1066":"{","1067":"\\","1068":"n","1069":" ","1070":" ","1071":" ","1072":" ","1073":" ","1074":" ","1075":"i","1076":"f","1077":" ","1078":"(","1079":"i","1080":"n","1081":"t","1082":"e","1083":"r","1084":"c","1085":"e","1086":"p","1087":"t","1088":"o","1089":"r","1090":".","1091":"r","1092":"e","1093":"q","1094":"u","1095":"e","1096":"s","1097":"t","1098":")","1099":" ","1100":"{","1101":"\\","1102":"n","1103":" ","1104":" ","1105":" ","1106":" ","1107":" ","1108":" ","1109":" ","1110":" ","1111":"r","1112":"e","1113":"q","1114":" ","1115":"=","1116":" ","1117":"a","1118":"w","1119":"a","1120":"i","1121":"t","1122":" ","1123":"i","1124":"n","1125":"t","1126":"e","1127":"r","1128":"c","1129":"e","1130":"p","1131":"t","1132":"o","1133":"r","1134":".","1135":"r","1136":"e","1137":"q","1138":"u","1139":"e","1140":"s","1141":"t","1142":"(","1143":"r","1144":"e","1145":"q","1146":")","1147":"\\","1148":"n","1149":" ","1150":" ","1151":" ","1152":" ","1153":" ","1154":" ","1155":"}","1156":"\\","1157":"n","1158":" ","1159":" ","1160":" ","1161":" ","1162":"}","1163":"\\","1164":"n","1165":"\\","1166":"n","1167":" ","1168":" ","1169":" ","1170":" ","1171":"r","1172":"e","1173":"t","1174":"u","1175":"r","1176":"n","1177":" ","1178":"r","1179":"e","1180":"q","1181":"\\","1182":"n","1183":" ","1184":" ","1185":"}","1186":"\\","1187":"n","1188":"\\","1189":"n","1190":" ","1191":" ","1192":"p","1193":"u","1194":"b","1195":"l","1196":"i","1197":"c","1198":" ","1199":"a","1200":"s","1201":"y","1202":"n","1203":"c","1204":" ","1205":"r","1206":"u","1207":"n","1208":"R","1209":"e","1210":"s","1211":"p","1212":"o","1213":"n","1214":"s","1215":"e","1216":"I","1217":"n","1218":"t","1219":"e","1220":"r","1221":"c","1222":"e","1223":"p","1224":"t","1225":"o","1226":"r","1227":"s","1228":"<","1229":"T","1230":">","1231":"(","1232":"\\","1233":"n","1234":" ","1235":" ","1236":" ","1237":" ","1238":"r","1239":"e","1240":"s","1241":"p","1242":"o","1243":"n","1244":"s","1245":"e","1246":":","1247":" ","1248":"F","1249":"e","1250":"t","1251":"c","1252":"h","1253":"e","1254":"r","1255":"R","1256":"e","1257":"s","1258":"p","1259":"o","1260":"n","1261":"s","1262":"e","1263":"<","1264":"T","1265":">","1266":",","1267":"\\","1268":"n","1269":" ","1270":" ","1271":")","1272":":","1273":" ","1274":"P","1275":"r","1276":"o","1277":"m","1278":"i","1279":"s","1280":"e","1281":"<","1282":"F","1283":"e","1284":"t","1285":"c","1286":"h","1287":"e","1288":"r","1289":"R","1290":"e","1291":"s","1292":"p","1293":"o","1294":"n","1295":"s","1296":"e","1297":"<","1298":"T","1299":">","1300":">","1301":" ","1302":"{","1303":"\\","1304":"n","1305":" ","1306":" ","1307":" ","1308":" ","1309":"r","1310":"e","1311":"t","1312":"u","1313":"r","1314":"n","1315":" ","1316":"t","1317":"h","1318":"i","1319":"s","1320":".","1321":"#","1322":"r","1323":"u","1324":"n","1325":"R","1326":"e","1327":"s","1328":"p","1329":"o","1330":"n","1331":"s","1332":"e","1333":"I","1334":"n","1335":"t","1336":"e","1337":"r","1338":"c","1339":"e","1340":"p","1341":"t","1342":"o","1343":"r","1344":"s","1345":"(","1346":"r","1347":"e","1348":"s","1349":"p","1350":"o","1351":"n","1352":"s","1353":"e","1354":",","1355":" ","1356":"'","1357":"r","1358":"e","1359":"s","1360":"p","1361":"o","1362":"n","1363":"s","1364":"e","1365":"'","1366":")","1367":"\\","1368":"n","1369":" ","1370":" ","1371":"}","1372":"\\","1373":"n","1374":"\\","1375":"n","1376":" ","1377":" ","1378":"p","1379":"u","1380":"b","1381":"l","1382":"i","1383":"c","1384":" ","1385":"a","1386":"s","1387":"y","1388":"n","1389":"c","1390":" ","1391":"r","1392":"u","1393":"n","1394":"E","1395":"r","1396":"r","1397":"o","1398":"r","1399":"I","1400":"n","1401":"t","1402":"e","1403":"r","1404":"c","1405":"e","1406":"p","1407":"t","1408":"o","1409":"r","1410":"s","1411":"<","1412":"T","1413":">","1414":"(","1415":"\\","1416":"n","1417":" ","1418":" ","1419":" ","1420":" ","1421":"r","1422":"e","1423":"s","1424":"p","1425":"o","1426":"n","1427":"s","1428":"e","1429":":","1430":" ","1431":"F","1432":"e","1433":"t","1434":"c","1435":"h","1436":"e","1437":"r","1438":"R","1439":"e","1440":"s","1441":"p","1442":"o","1443":"n","1444":"s","1445":"e","1446":"<","1447":"T","1448":">","1449":",","1450":"\\","1451":"n","1452":" ","1453":" ","1454":")","1455":":","1456":" ","1457":"P","1458":"r","1459":"o","1460":"m","1461":"i","1462":"s","1463":"e","1464":"<","1465":"F","1466":"e","1467":"t","1468":"c","1469":"h","1470":"e","1471":"r","1472":"R","1473":"e","1474":"s","1475":"p","1476":"o","1477":"n","1478":"s","1479":"e","1480":"<","1481":"T","1482":">","1483":">","1484":" ","1485":"{","1486":"\\","1487":"n","1488":" ","1489":" ","1490":" ","1491":" ","1492":"r","1493":"e","1494":"t","1495":"u","1496":"r","1497":"n","1498":" ","1499":"t","1500":"h","1501":"i","1502":"s","1503":".","1504":"#","1505":"r","1506":"u","1507":"n","1508":"R","1509":"e","1510":"s","1511":"p","1512":"o","1513":"n","1514":"s","1515":"e","1516":"I","1517":"n","1518":"t","1519":"e","1520":"r","1521":"c","1522":"e","1523":"p","1524":"t","1525":"o","1526":"r","1527":"s","1528":"(","1529":"r","1530":"e","1531":"s","1532":"p","1533":"o","1534":"n","1535":"s","1536":"e","1537":",","1538":" ","1539":"'","1540":"e","1541":"r","1542":"r","1543":"o","1544":"r","1545":"'","1546":")","1547":"\\","1548":"n","1549":" ","1550":" ","1551":"}","1552":"\\","1553":"n","1554":"\\","1555":"n","1556":" ","1557":" ","1558":"a","1559":"s","1560":"y","1561":"n","1562":"c","1563":" ","1564":"#","1565":"r","1566":"u","1567":"n","1568":"R","1569":"e","1570":"s","1571":"p","1572":"o","1573":"n","1574":"s","1575":"e","1576":"I","1577":"n","1578":"t","1579":"e","1580":"r","1581":"c","1582":"e","1583":"p","1584":"t","1585":"o","1586":"r","1587":"s","1588":"<","1589":"T","1590":">","1591":"(","1592":"\\","1593":"n","1594":" ","1595":" ","1596":" ","1597":" ","1598":"r","1599":"e","1600":"s","1601":"p","1602":"o","1603":"n","1604":"s","1605":"e","1606":":","1607":" ","1608":"F","1609":"e","1610":"t","1611":"c","1612":"h","1613":"e","1614":"r","1615":"R","1616":"e","1617":"s","1618":"p","1619":"o","1620":"n","1621":"s","1622":"e","1623":"<","1624":"T","1625":">","1626":",","1627":"\\","1628":"n","1629":" ","1630":" ","1631":" ","1632":" ","1633":"f","1634":"n","1635":"N","1636":"a","1637":"m","1638":"e","1639":":","1640":" ","1641":"'","1642":"r","1643":"e","1644":"s","1645":"p","1646":"o","1647":"n","1648":"s","1649":"e","1650":"'","1651":" ","1652":"|","1653":" ","1654":"'","1655":"e","1656":"r","1657":"r","1658":"o","1659":"r","1660":"'","1661":",","1662":"\\","1663":"n","1664":" ","1665":" ","1666":")","1667":":","1668":" ","1669":"P","1670":"r","1671":"o","1672":"m","1673":"i","1674":"s","1675":"e","1676":"<","1677":"F","1678":"e","1679":"t","1680":"c","1681":"h","1682":"e","1683":"r","1684":"R","1685":"e","1686":"s","1687":"p","1688":"o","1689":"n","1690":"s","1691":"e","1692":"<","1693":"T","1694":">","1695":">","1696":" ","1697":"{","1698":"\\","1699":"n","1700":" ","1701":" ","1702":" ","1703":" ","1704":"l","1705":"e","1706":"t","1707":" ","1708":"r","1709":"e","1710":"s","1711":"p","1712":" ","1713":"=","1714":" ","1715":"r","1716":"e","1717":"s","1718":"p","1719":"o","1720":"n","1721":"s","1722":"e","1723":"\\","1724":"n","1725":"\\","1726":"n","1727":" ","1728":" ","1729":" ","1730":" ","1731":"f","1732":"o","1733":"r","1734":" ","1735":"(","1736":"c","1737":"o","1738":"n","1739":"s","1740":"t","1741":" ","1742":"i","1743":"n","1744":"t","1745":"e","1746":"r","1747":"c","1748":"e","1749":"p","1750":"t","1751":"o","1752":"r","1753":" ","1754":"o","1755":"f","1756":" ","1757":"t","1758":"h","1759":"i","1760":"s","1761":".","1762":"#","1763":"i","1764":"n","1765":"t","1766":"e","1767":"r","1768":"c","1769":"e","1770":"p","1771":"t","1772":"o","1773":"r","1774":"s","1775":")","1776":" ","1777":"{","1778":"\\","1779":"n","1780":" ","1781":" ","1782":" ","1783":" ","1784":" ","1785":" ","1786":"c","1787":"o","1788":"n","1789":"s","1790":"t","1791":" ","1792":"f","1793":"n","1794":" ","1795":"=","1796":" ","1797":"i","1798":"n","1799":"t","1800":"e","1801":"r","1802":"c","1803":"e","1804":"p","1805":"t","1806":"o","1807":"r","1808":"[","1809":"f","1810":"n","1811":"N","1812":"a","1813":"m","1814":"e","1815":"]","1816":"\\","1817":"n","1818":" ","1819":" ","1820":" ","1821":" ","1822":" ","1823":" ","1824":"i","1825":"f","1826":" ","1827":"(","1828":"f","1829":"n","1830":")","1831":" ","1832":"r","1833":"e","1834":"s","1835":"p","1836":" ","1837":"=","1838":" ","1839":"(","1840":"a","1841":"w","1842":"a","1843":"i","1844":"t","1845":" ","1846":"f","1847":"n","1848":"(","1849":"r","1850":"e","1851":"s","1852":"p","1853":")","1854":")","1855":" ","1856":"a","1857":"s","1858":" ","1859":"F","1860":"e","1861":"t","1862":"c","1863":"h","1864":"e","1865":"r","1866":"R","1867":"e","1868":"s","1869":"p","1870":"o","1871":"n","1872":"s","1873":"e","1874":"<","1875":"T","1876":">","1877":"\\","1878":"n","1879":" ","1880":" ","1881":" ","1882":" ","1883":"}","1884":"\\","1885":"n","1886":"\\","1887":"n","1888":" ","1889":" ","1890":" ","1891":" ","1892":"r","1893":"e","1894":"t","1895":"u","1896":"r","1897":"n","1898":" ","1899":"r","1900":"e","1901":"s","1902":"p","1903":"\\","1904":"n","1905":" ","1906":" ","1907":"}","1908":"\\","1909":"n","1910":"}","1911":"\\","1912":"n","1913":"\"","1914":"]","1915":",","1916":"\"","1917":"n","1918":"a","1919":"m","1920":"e","1921":"s","1922":"\"","1923":":","1924":"[","1925":"\"","1926":"F","1927":"e","1928":"t","1929":"c","1930":"h","1931":"e","1932":"r","1933":"I","1934":"n","1935":"t","1936":"e","1937":"r","1938":"c","1939":"e","1940":"p","1941":"t","1942":"o","1943":"r","1944":"M","1945":"a","1946":"n","1947":"a","1948":"g","1949":"e","1950":"r","1951":"\"","1952":",","1953":"\"","1954":"i","1955":"n","1956":"t","1957":"e","1958":"r","1959":"c","1960":"e","1961":"p","1962":"t","1963":"o","1964":"r","1965":"s","1966":"\"","1967":",","1968":"\"","1969":"a","1970":"d","1971":"d","1972":"\"","1973":",","1974":"\"","1975":"i","1976":"n","1977":"t","1978":"e","1979":"r","1980":"c","1981":"e","1982":"p","1983":"t","1984":"o","1985":"r","1986":"\"","1987":",","1988":"\"","1989":"p","1990":"u","1991":"s","1992":"h","1993":"\"","1994":",","1995":"\"","1996":"r","1997":"e","1998":"m","1999":"o","2000":"v","2001":"e","2002":"\"","2003":",","2004":"\"","2005":"i","2006":"n","2007":"d","2008":"e","2009":"x","2010":"\"","2011":",","2012":"\"","2013":"i","2014":"n","2015":"d","2016":"e","2017":"x","2018":"O","2019":"f","2020":"\"","2021":",","2022":"\"","2023":"s","2024":"p","2025":"l","2026":"i","2027":"c","2028":"e","2029":"\"","2030":",","2031":"\"","2032":"c","2033":"l","2034":"e","2035":"a","2036":"r","2037":"\"","2038":",","2039":"\"","2040":"r","2041":"u","2042":"n","2043":"R","2044":"e","2045":"q","2046":"u","2047":"e","2048":"s","2049":"t","2050":"I","2051":"n","2052":"t","2053":"e","2054":"r","2055":"c","2056":"e","2057":"p","2058":"t","2059":"o","2060":"r","2061":"s","2062":"\"","2063":",","2064":"\"","2065":"r","2066":"e","2067":"q","2068":"u","2069":"e","2070":"s","2071":"t","2072":"\"","2073":",","2074":"\"","2075":"r","2076":"e","2077":"q","2078":"\"","2079":",","2080":"\"","2081":"r","2082":"u","2083":"n","2084":"R","2085":"e","2086":"s","2087":"p","2088":"o","2089":"n","2090":"s","2091":"e","2092":"I","2093":"n","2094":"t","2095":"e","2096":"r","2097":"c","2098":"e","2099":"p","2100":"t","2101":"o","2102":"r","2103":"s","2104":"\"","2105":",","2106":"\"","2107":"r","2108":"e","2109":"s","2110":"p","2111":"o","2112":"n","2113":"s","2114":"e","2115":"\"","2116":",","2117":"\"","2118":"r","2119":"u","2120":"n","2121":"E","2122":"r","2123":"r","2124":"o","2125":"r","2126":"I","2127":"n","2128":"t","2129":"e","2130":"r","2131":"c","2132":"e","2133":"p","2134":"t","2135":"o","2136":"r","2137":"s","2138":"\"","2139":",","2140":"\"","2141":"c","2142":"o","2143":"n","2144":"s","2145":"t","2146":"r","2147":"u","2148":"c","2149":"t","2150":"o","2151":"r","2152":"\"","2153":",","2154":"\"","2155":"f","2156":"n","2157":"N","2158":"a","2159":"m","2160":"e","2161":"\"","2162":",","2163":"\"","2164":"r","2165":"e","2166":"s","2167":"p","2168":"\"","2169":",","2170":"\"","2171":"f","2172":"n","2173":"\"","2174":"]","2175":",","2176":"\"","2177":"m","2178":"a","2179":"p","2180":"p","2181":"i","2182":"n","2183":"g","2184":"s","2185":"\"","2186":":","2187":"\"","2188":";","2189":";","2190":";","2191":";","2192":"+","2193":"B","2194":"A","2195":"M","2196":"a","2197":"A","2198":";","2199":";","2200":";","2201":"e","2202":"A","2203":"A","2204":"A","2205":"A","2206":";","2207":";","2208":";","2209":";","2210":";","2211":";","2212":";","2213":";","2214":";","2215":";","2216":";","2217":";","2218":";","2219":";","2220":";","2221":";","2222":";","2223":";","2224":";","2225":";","2226":";","2227":";","2228":";","2229":";","2230":";","2231":";","2232":";","2233":";","2234":";","2235":";","2236":";","2237":";","2238":";","2239":";","2240":";","2241":";","2242":";","2243":";","2244":";","2245":";","2246":";","2247":";","2248":";","2249":";","2250":";","2251":";","2252":";","2253":";","2254":";","2255":";","2256":";","2257":";","2258":";","2259":";","2260":";","2261":";","2262":";","2263":";","2264":";","2265":";","2266":";","2267":";","2268":";","2269":";","2270":";","2271":";","2272":";","2273":";","2274":";","2275":";","2276":";","2277":";","2278":";","2279":";","2280":";","2281":";","2282":";","2283":";","2284":";","2285":";","2286":";","2287":";","2288":"I","2289":"A","2290":"C","2291":"X","2292":",","2293":"+","2294":"B","2295":"A","2296":"o","2297":"D","2298":"M","2299":";","2300":"A","2301":"A","2302":"r","2303":"D","2304":"D","2305":",","2306":"I","2307":"A","2308":"A","2309":"A","2310":",","2311":"A","2312":"A","2313":"A","2314":"M","2315":"A","2316":",","2317":"4","2318":"B","2319":"A","2320":"A","2321":"N","2322":",","2323":"M","2324":"A","2325":"A","2326":"M","2327":"A","2328":";","2329":"I","2330":"A","2331":"S","2332":"X","2333":",","2334":"I","2335":"A","2336":"A","2337":"W","2338":"C","2339":",","2340":"e","2341":"A","2342":"A","2343":"q","2344":"C","2345":";","2346":"Q","2347":"A","2348":"C","2349":"9","2350":"C","2351":",","2352":"g","2353":"C","2354":"A","2355":"A","2356":"O","2357":",","2358":"I","2359":"A","2360":"A","2361":"I","2362":",","2363":"E","2364":"A","2365":"A","2366":"E","2367":"A","2368":";","2369":"I","2370":"A","2371":"C","2372":"f","2373":";","2374":"I","2375":"A","2376":"E","2377":"O","2378":"C","2379":",","2380":"I","2381":"A","2382":"A","2383":"I","2384":"C","2385":",","2386":"W","2387":"A","2388":"A","2389":"+","2390":"B","2391":",","2392":"E","2393":"A","2394":"A","2395":"Q","2396":";","2397":"Q","2398":"A","2399":"C","2400":"h","2401":"D","2402":",","2403":"y","2404":"B","2405":"A","2406":"A","2407":"A","2408":",","2409":"I","2410":"A","2411":"A","2412":"I","2413":",","2414":"E","2415":"A","2416":"A","2417":"E","2418":"F","2419":",","2420":"e","2421":"A","2422":"A","2423":"a","2424":"G","2425":",","2426":"I","2427":"A","2428":"A","2429":"I","2430":",","2431":"C","2432":"A","2433":"A","2434":"C","2435":"D","2436":";","2437":"I","2438":"A","2439":"C","2440":"1","2441":"B","2442":";","2443":"I","2444":"A","2445":"E","2446":"O","2447":"E","2448":",","2449":"O","2450":"A","2451":"A","2452":"O","2453":"F","2454":",","2455":"W","2456":"A","2457":"A","2458":"+","2459":"B","2460":",","2461":"E","2462":"A","2463":"A","2464":"Q","2465":";","2466":"Q","2467":"A","2468":"C","2469":"n","2470":"D","2471":",","2472":"M","2473":"A","2474":"A","2475":"M","2476":"G","2477":",","2478":"Q","2479":"A","2480":"A","2481":"Q","2482":",","2483":"y","2484":"B","2485":"A","2486":"A","2487":"A","2488":",","2489":"I","2490":"A","2491":"A","2492":"I","2493":",","2494":"E","2495":"A","2496":"A","2497":"E","2498":"L","2499":",","2500":"e","2501":"A","2502":"A","2503":"a","2504":"M","2505":",","2506":"O","2507":"A","2508":"A","2509":"O","2510":",","2511":"C","2512":"A","2513":"A","2514":"C","2515":"J","2516":";","2517":"Q","2518":"A","2519":"C","2520":"z","2521":"C","2522":",","2523":"I","2524":"A","2525":"A","2526":"I","2527":",","2528":"C","2529":"A","2530":"A","2531":"C","2532":",","2533":"C","2534":"A","2535":"A","2536":"C","2537":"G","2538":",","2539":"O","2540":"A","2541":"A","2542":"O","2543":";","2544":"Q","2545":"A","2546":"C","2547":"b","2548":",","2549":"y","2550":"B","2551":"A","2552":"A","2553":"A","2554":",","2555":"I","2556":"A","2557":"A","2558":"I","2559":",","2560":"E","2561":"A","2562":"A","2563":"E","2564":"L","2565":",","2566":"e","2567":"A","2568":"A","2569":"a","2570":"O","2571":",","2572":"M","2573":"A","2574":"A","2575":"M","2576":",","2577":"C","2578":"A","2579":"A","2580":"C","2581":"F","2582":",","2583":"O","2584":"A","2585":"A","2586":"O","2587":";","2588":"I","2589":"A","2590":"C","2591":"n","2592":"C","2593":";","2594":"I","2595":"A","2596":"E","2597":"O","2598":"G","2599":",","2600":"Q","2601":"A","2602":"A","2603":"c","2604":";","2605":"u","2606":"C","2607":"A","2608":"C","2609":"b","2610":"R","2611":",","2612":"e","2613":"A","2614":"A","2615":"e","2616":",","2617":"E","2618":"A","2619":"A","2620":"E","2621":";","2622":"I","2623":"A","2624":"C","2625":"z","2626":"B","2627":";","2628":"I","2629":"A","2630":"E","2631":"a","2632":"S","2633":",","2634":"u","2635":"B","2636":"A","2637":"C","2638":"X","2639":"C","2640":",","2641":"O","2642":"A","2643":"A","2644":"u","2645":"B","2646":";","2647":";","2648":"e","2649":"A","2650":"D","2651":"z","2652":"B","2653":",","2654":"o","2655":"B","2656":"A","2657":"A","2658":"A","2659":",","2660":"Y","2661":"A","2662":"E","2663":"2","2664":"B","2665":";","2666":"Y","2667":"A","2668":"C","2669":"z","2670":"B","2671":",","2672":"I","2673":"A","2674":"A","2675":"I","2676":"C","2677":",","2678":"M","2679":"A","2680":"A","2681":"M","2682":"D","2683":";","2684":"Y","2685":"A","2686":"E","2687":"V","2688":",","2689":"K","2690":"A","2691":"A","2692":"K","2693":",","2694":"M","2695":"A","2696":"A","2697":"M","2698":"R","2699":",","2700":"+","2701":"C","2702":"A","2703":"A","2704":"q","2705":"B","2706":"F","2707":",","2708":"e","2709":"A","2710":"A","2711":"c","2712":";","2713":"g","2714":"B","2715":"A","2716":"C","2717":"5","2718":"C","2719":",","2720":"I","2721":"A","2722":"A","2723":"I","2724":"E","2725":",","2726":"Y","2727":"A","2728":"A","2729":"Y","2730":"Q","2731":",","2732":"O","2733":"A","2734":"A","2735":"O","2736":",","2737":"E","2738":"A","2739":"A","2740":"E","2741":";","2742":"o","2743":"B","2744":"A","2745":"C","2746":"v","2747":"B","2748":"C","2749":",","2750":"M","2751":"A","2752":"A","2753":"M","2754":",","2755":"M","2756":"A","2757":"A","2758":"M","2759":"T","2760":",","2761":"Y","2762":"A","2763":"A","2764":"Y","2765":"Q","2766":",","2767":"O","2768":"A","2769":"A","2770":"O","2771":",","2772":"C","2773":"A","2774":"A","2775":"C","2776":"C","2777":";","2778":"g","2779":"B","2780":"A","2781":"C","2782":"l","2783":"C","2784":",","2785":"C","2786":"A","2787":"A","2788":"C","2789":";","2790":"Y","2791":"A","2792":"C","2793":"H","2794":";","2795":"Y","2796":"A","2797":"E","2798":"A","2799":",","2800":"O","2801":"A","2802":"A","2803":"O","2804":"A","2805":";","2806":"Q","2807":"A","2808":"C","2809":"T","2810":";","2811":";","2812":"I","2813":"A","2814":"E","2815":"a","2816":"C","2817":",","2818":"w","2819":"B","2820":"A","2821":"C","2822":"X","2823":"C","2824":",","2825":"Q","2826":"A","2827":"A","2828":"4","2829":"B","2830":";","2831":";","2832":"e","2833":"A","2834":"D","2835":"9","2836":"B","2837":",","2838":"o","2839":"B","2840":"A","2841":"A","2842":"A","2843":",","2844":"Y","2845":"A","2846":"E","2847":"+","2848":"B","2849":";","2850":"Y","2851":"A","2852":"C","2853":"7","2854":"B","2855":",","2856":"O","2857":"A","2858":"A","2859":"O","2860":",","2861":"i","2862":"C","2863":"A","2864":"A","2865":"M","2866":"D","2867":",","2868":"0","2869":"B","2870":"A","2871":"A","2872":"A","2873":"A","2874":",","2875":"q","2876":"C","2877":"A","2878":"A","2879":"w","2880":"B","2881":"C","2882":",","2883":"U","2884":"A","2885":"A","2886":"U","2887":";","2888":"Q","2889":"A","2890":"C","2891":"j","2892":"D","2893":";","2894":";","2895":"I","2896":"A","2897":"E","2898":"a","2899":"C","2900":",","2901":"q","2902":"B","2903":"A","2904":"C","2905":"X","2906":"D","2907":",","2908":"Q","2909":"A","2910":"A","2911":"4","2912":"B","2913":";","2914":";","2915":"e","2916":"A","2917":"D","2918":"9","2919":"B","2920":",","2921":"o","2922":"B","2923":"A","2924":"A","2925":"A","2926":",","2927":"Y","2928":"A","2929":"E","2930":"+","2931":"B","2932":";","2933":"Y","2934":"A","2935":"C","2936":"7","2937":"B","2938":",","2939":"O","2940":"A","2941":"A","2942":"O","2943":",","2944":"i","2945":"C","2946":"A","2947":"A","2948":"M","2949":"D","2950":",","2951":"0","2952":"B","2953":"A","2954":"A","2955":"A","2956":"A","2957":",","2958":"q","2959":"C","2960":"A","2961":"A","2962":"w","2963":"B","2964":"C","2965":",","2966":"U","2967":"A","2968":"A","2969":"U","2970":";","2971":"Q","2972":"A","2973":"C","2974":"j","2975":"D","2976":";","2977":";","2978":"I","2979":"A","2980":"h","2981":"D","2982":"A","2983":"E","2984":",","2985":"Y","2986":"A","2987":"A","2988":"Y","2989":"f","2990":",","2991":"Y","2992":"A","2993":"A","2994":"m","2995":"C","2996":",","2997":"C","2998":"A","2999":"A","3000":"E","3001":";","3002":"Q","3003":"A","3004":"k","3005":"D","3006":"j","3007":"D","3008":",","3009":"i","3010":"C","3011":"A","3012":"A","3013":"M","3014":";","3015":"Q","3016":"A","3017":"p","3018":"D","3019":"N","3020":",","3021":"g","3022":"C","3023":"A","3024":"A","3025":"A","3026":";","3027":";","3028":"m","3029":"B","3030":"A","3031":"A","3032":"s","3033":"C","3034":",","3035":"E","3036":"A","3037":"A","3038":"E","3039":";","3040":";","3041":"Q","3042":"A","3043":"G","3044":"t","3045":"C","3046":",","3047":"I","3048":"A","3049":"A","3050":"I","3051":"A","3052":",","3053":"c","3054":"A","3055":"A","3056":"c","3057":";","3058":"2","3059":"C","3060":"A","3061":"C","3062":"V","3063":"A","3064":",","3065":"e","3066":"A","3067":"A","3068":"e","3069":"A","3070":";","3071":"Q","3072":"A","3073":"C","3074":"v","3075":"B","3076":",","3077":"C","3078":"A","3079":"A","3080":"C","3081":";","3082":"I","3083":"A","3084":"C","3085":"H","3086":";","3087":"A","3088":"A","3089":"2","3090":"D","3091":"F","3092":";","3093":"S","3094":"A","3095":"b","3096":"E","3097":",","3098":"w","3099":"B","3100":"A","3101":"C","3102":"E","3103":"a","3104":",","3105":"Q","3106":"A","3107":"A","3108":"4","3109":"B","3110":",","3111":"E","3112":"A","3113":"C","3114":"5","3115":"B","3116":"G","3117":",","3118":"M","3119":"A","3120":"A","3121":"4","3122":"B","3123":";","3124":"W","3125":"A","3126":"F","3127":"9","3128":"B","3129":";","3130":";","3131":"S","3132":"A","3133":"A","3134":"A","3135":";","3136":"I","3137":"A","3138":"A","31
[...]
9":"D","7570":",","7571":"I","7572":"A","7573":"A","7574":"g","7575":"B","7576":",","7577":"E","7578":"A","7579":"E","7580":"j","7581":"C","7582":";","7583":"Q","7584":"A","7585":"C","7586":"A","7587":",","7588":"O","7589":"A","7590":"A","7591":"O","7592":"A","7593":",","7594":"K","7595":"A","7596":"A","7597":"K","7598":"E","7599":",","7600":"M","7601":"A","7602":"A","7603":"M","7604":",","7605":"C","7606":"A","7607":"C","7608":"h","7609":"B","7610":",","7611":"C","7612":"A","7613":"A","7614":"C","7615":"C","7616":",","7617":"K","7618":"A","7619":"A","7620":"K","7621":"C","7622":",","7623":"O","7624":"A","7625":"A","7626":"S","7627":";","7628":"Y","7629":"A","7630":"C","7631":"b","7632":"D","7633":",","7634":"G","7635":"A","7636":"A","7637":"G","7638":",","7639":"C","7640":"A","7641":"A","7642":"C","7643":"C","7644":",","7645":"K","7646":"A","7647":"A","7648":"K","7649":",","7650":"G","7651":"A","7652":"A","7653":"G","7654":",","7655":"I","7656":"A","7657":"A","7658":"I","7659":",","7660":"C","7661":"A","7662":"A","7663":"C","7664":"L","7665":",","7666":"G","7667":"A","7668":"A","7669":"G","7670":",","7671":"C","7672":"A","7673":"A","7674":"C","7675":"K","7676":";","7677":"Y","7678":"A","7679":"E","7680":"r","7681":"B","7682":",","7683":"O","7684":"A","7685":"A","7686":"O","7687":"D","7688":";","7689":"Q","7690":"A","7691":"C","7692":"T","7693":",","7694":"G","7695":"A","7696":"C","7697":"A","7698":",","7699":"C","7700":"A","7701":"A","7702":"C","7703":";","7704":"I","7705":"A","7706":"I","7707":"L","7708":";","7709":"I","7710":"A","7711":"E","7712":"O","7713":"E","7714":",","7715":"I","7716":"A","7717":"A","7718":"I","7719":"C","7720":",","7721":"K","7722":"A","7723":"A","7724":"a","7725":",","7726":"E","7727":"A","7728":"A","7729":"E","7730":"N","7731":",","7732":"I","7733":"A","7734":"A","7735":"q","7736":"B","7737":",","7738":"E","7739":"A","7740":"A","7741":"Q","7742":";","7743":"u","7744":"C","7745":"A","7746":"C","7747":"/","7748":"C","7749":"d","7750":",","7751":"O","7752":"A","7753":"A","7754":"O","7755":",","7756":"y","7757":"B","7758":"A","7759":"A","7760":"A","7761":",","7762":"I","7763":"A","7764":"A","7765":"I","7766":",","7767":"E","7768":"A","7769":"A","7770":"E","7771":"A","7772":",","7773":"O","7774":"A","7775":"A","7776":"K","7777":"m","7778":"B","7779":",","7780":"G","7781":"A","7782":"A","7783":"G","7784":",","7785":"C","7786":"A","7787":"A","7788":"C","7789":"C","7790":",","7791":"O","7792":"A","7793":"A","7794":"O","7795":"N","7796":";","7797":"Q","7798":"A","7799":"C","7800":"n","7801":"C","7802":",","7803":"O","7804":"A","7805":"A","7806":"O","7807":",","7808":"I","7809":"A","7810":"A","7811":"I","7812":";","7813":"I","7814":"A","7815":"C","7816":"b","7817":";","7818":"I","7819":"A","7820":"E","7821":"O","7822":"b","7823":",","7824":"O","7825":"A","7826":"A","7827":"O","7828":"A","7829":",","7830":"M","7831":"A","7832":"A","7833":"e","7834":",","7835":"E","7836":"A","7837":"A","7838":"W","7839":";","7840":"Q","7841":"A","7842":"C","7843":"t","7844":"C","7845":",","7846":"O","7847":"A","7848":"A","7849":"O","7850":",","7851":"y","7852":"B","7853":"A","7854":"A","7855":"A","7856":",","7857":"I","7858":"A","7859":"A","7860":"I","7861":",","7862":"E","7863":"A","7864":"A","7865":"E","7866":"D","7867":",","7868":"O","7869":"A","7870":"A","7871":"K","7872":"C","7873":",","7874":"M","7875":"A","7876":"A","7877":"M","7878":",","7879":"C","7880":"A","7881":"A","7882":"C","7883":"A","7884":";","7885":"I","7886":"A","7887":"C","7888":"3","7889":"B","7890":";","7891":"I","7892":"A","7893":"E","7894":"O","7895":"o","7896":"B","7897":",","7898":"S","7899":"A","7900":"A","7901":"e","7902":";","7903":"Q","7904":"A","7905":"C","7906":"p","7907":"B","7908":",","7909":"O","7910":"A","7911":"A","7912":"O","7913":",","7914":"y","7915":"B","7916":"A","7917":"A","7918":"A","7919":",","7920":"I","7921":"A","7922":"A","7923":"I","7924":",","7925":"E","7926":"A","7927":"A","7928":"E","7929":"r","7930":"B","7931":",","7932":"O","7933":"A","7934":"A","7935":"K","7936":"q","7937":"B","7938":",","7939":"M","7940":"A","7941":"A","7942":"M","7943":";","7944":"I","7945":"A","7946":"C","7947":"1","7948":"B","7949":";","7950":"I","7951":"A","7952":"E","7953":"O","7954":"C","7955":",","7956":"W","7957":"A","7958":"A","7959":"W","7960":"C","7961":",","7962":"a","7963":"A","7964":"A","7965":"w","7966":"B","7967":",","7968":"E","7969":"A","7970":"A","7971":"E","7972":"x","7973":"C","7974":",","7975":"Q","7976":"A","7977":"A","7978":"u","7979":"B","7980":",","7981":"E","7982":"A","7983":"A","7984":"U","7985":";","7986":"Q","7987":"A","7988":"C","7989":"3","7990":"E","7991":",","7992":"O","7993":"A","7994":"A","7995":"O","7996":",","7997":"y","7998":"B","7999":"A","8000":"A","8001":"A","8002":",","8003":"I","8004":"A","8005":"A","8006":"I","8007":",","8008":"E","8009":"A","8010":"A","8011":"E","8012":"i","8013":"B","8014":",","8015":"O","8016":"A","8017":"A","8018":"K","8019":"j","8020":"B","8021":",","8022":"Q","8023":"A","8024":"A","8025":"Q","8026":",","8027":"C","8028":"A","8029":"A","8030":"C","8031":"w","8032":"C","8033":",","8034":"e","8035":"A","8036":"A","8037":"e","8038":"x","8039":"C","8040":";","8041":"I","8042":"A","8043":"C","8044":"5","8045":"C","8046":";","8047":"I","8048":"A","8049":"E","8050":"O","8051":"y","8052":"C","8053":",","8054":"S","8055":"A","8056":"A","8057":"S","8058":"J","8059":",","8060":"K","8061":"A","8062":"A","8063":"a","8064":",","8065":"E","8066":"A","8067":"A","8068":"E","8069":"N","8070":",","8071":"I","8072":"A","8073":"A","8074":"q","8075":"B","8076":",","8077":"E","8078":"A","8079":"A","8080":"Q","8081":";","8082":"u","8083":"C","8084":"A","8085":"C","8086":"p","8087":"D","8088":"d","8089":",","8090":"O","8091":"A","8092":"A","8093":"O","8094":",","8095":"y","8096":"B","8097":"A","8098":"A","8099":"A","8100":",","8101":"I","8102":"A","8103":"A","8104":"I","8105":",","8106":"E","8107":"A","8108":"A","8109":"E","8110":"A","8111":",","8112":"O","8113":"A","8114":"A","8115":"K","8116":"w","8117":"B","8118":",","8119":"Q","8120":"A","8121":"A","8122":"Q","8123":",","8124":"C","8125":"A","8126":"A","8127":"C","8128":"J","8129":",","8130":"O","8131":"A","8132":"A","8133":"O","8134":"N","8135":";","8136":"Q","8137":"A","8138":"C","8139":"x","8140":"C","8141":",","8142":"O","8143":"A","8144":"A","8145":"O","8146":",","8147":"I","8148":"A","8149":"A","8150":"I","8151":";","8152":"I","8153":"A","8154":"C","8155":"b","8156":";","8157":"I","8158":"A","8159":"E","8160":"O","8161":"W","8162":",","8163":"Q","8164":"A","8165":"A","8166":"Q","8167":"X","8168":",","8169":"I","8170":"A","8171":"A","8172":"g","8173":"B","8174":",","8175":"E","8176":"A","8177":"A","8178":"Q","8179":";","8180":"u","8181":"C","8182":"A","8183":"C","8184":"/","8185":"B","8186":"d","8187":",","8188":"O","8189":"A","8190":"A","8191":"O","8192":",","8193":"y","8194":"B","8195":"A","8196":"A","8197":"A","8198":",","8199":"I","8200":"A","8201":"A","8202":"I","8203":",","8204":"E","8205":"A","8206":"A","8207":"E","8208":"A","8209":",","8210":"O","8211":"A","8212":"A","8213":"K","8214":"y","8215":"B","8216":",","8217":"O","8218":"A","8219":"A","8220":"O","8221":",","8222":"C","8223":"A","8224":"A","8225":"C","8226":"X","8227":";","8228":"Q","8229":"A","8230":"C","8231":"h","8232":"C","8233":",","8234":"O","8235":"A","8236":"A","8237":"O","8238":",","8239":"I","8240":"A","8241":"A","8242":"I","8243":";","8244":"I","8245":"A","8246":"C","8247":"b","8248":";","8249":"I","8250":"A","8251":"E","8252":"O","8253":"Y","8254":",","8255":"O","8256":"A","8257":"A","8258":"O","8259":"C","8260":",","8261":"c","8262":"A","8263":"A","8264":"y","8265":"B","8266":",","8267":"E","8268":"A","8269":"A","8270":"E","8271":"b","8272":",","8273":"I","8274":"A","8275":"A","8276":"i","8277":"B","8278":",","8279":"E","8280":"A","8281":"A","8282":"W","8283":";","8284":"Q","8285":"A","8286":"C","8287":"n","8288":"E","8289":",","8290":"O","8291":"A","8292":"A","8293":"O","8294":",","8295":"y","8296":"B","8297":"A","8298":"A","8299":"A","8300":",","8301":"I","8302":"A","8303":"A","8304":"I","8305":",","8306":"E","8307":"A","8308":"A","8309":"E","8310":"d","8311":",","8312":"O","8313":"A","8314":"A","8315":"K","8316":"0","8317":"B","8318":",","8319":"M","8320":"A","8321":"A","8322":"M","8323":",","8324":"C","8325":"A","8326":"A","8327":"C","8328":"C","8329":",","8330":"g","8331":"B","8332":"A","8333":"A","8334":"g","8335":"B","8336":"b","8337":";","8338":"I","8339":"A","8340":"C","8341":"3","8342":"C","8343":";","8344":"I","8345":"A","8346":"E","8347":"O","8348":"c","8349":",","8350":"S","8351":"A","8352":"A","8353":"S","8354":"D","8355":",","8356":"c","8357":"A","8358":"A","8359":"y","8360":"B","8361":",","8362":"E","8363":"A","8364":"A","8365":"W","8366":";","8367":"Q","8368":"A","8369":"C","8370":"l","8371":"D","8372":",","8373":"O","8374":"A","8375":"A","8376":"O","8377":",","8378":"y","8379":"B","8380":"A","8381":"A","8382":"A","8383":",","8384":"I","8385":"A","8386":"A","8387":"I","8388":",","8389":"E","8390":"A","8391":"A","8392":"E","8393":"3","8394":"B","8395":",","8396":"O","8397":"A","8398":"A","8399":"K","8400":"4","8401":"B","8402":",","8403":"Q","8404":"A","8405":"A","8406":"Q","8407":",","8408":"C","8409":"A","8410":"A","8411":"C","8412":"D","8413":";","8414":"I","8415":"A","8416":"C","8417":"7","8418":"B","8419":";","8420":"I","8421":"A","8422":"E","8423":"O","8424":"E","8425":",","8426":"Q","8427":"A","8428":"A","8429":"Q","8430":"F","8431":",","8432":"c","8433":"A","8434":"A","8435":"y","8436":"B","8437":",","8438":"E","8439":"A","8440":"A","8441":"W","8442":";","8443":"Q","8444":"A","8445":"C","8446":"j","8447":"D","8448":",","8449":"O","8450":"A","8451":"A","8452":"O","8453":",","8454":"y","8455":"B","8456":"A","8457":"A","8458":"A","8459":",","8460":"I","8461":"A","8462":"A","8463":"I","8464":",","8465":"E","8466":"A","8467":"A","8468":"E","8469":"3","8470":"B","8471":",","8472":"O","8473":"A","8474":"A","8475":"K","8476":"6","8477":"B","8478":",","8479":"O","8480":"A","8481":"A","8482":"O","8483":",","8484":"C","8485":"A","8486":"A","8487":"C","8488":"F","8489":";","8490":"I","8491":"A","8492":"C","8493":"5","8494":"B","8495":";","8496":"I","8497":"A","8498":"E","8499":"O","8500":"h","8501":"D","8502":",","8503":"c","8504":"A","8505":"A","8506":"c","8507":"g","8508":"D","8509":",","8510":"c","8511":"A","8512":"A","8513":"y","8514":"B","8515":",","8516":"E","8517":"A","8518":"A","8519":"W","8520":";","8521":"Q","8522":"A","8523":"C","8524":"v","8525":"D","8526":",","8527":"O","8528":"A","8529":"A","8530":"O","8531":",","8532":"y","8533":"B","8534":"A","8535":"A","8536":"A","8537":",","8538":"I","8539":"A","8540":"A","8541":"I","8542":",","8543":"E","8544":"A","8545":"A","8546":"E","8547":"3","8548":"B","8549":",","8550":"O","8551":"A","8552":"A","8553":"K","8554":"r","8555":"B","8556":",","8557":"a","8558":"A","8559":"A","8560":"a","8561":",","8562":"C","8563":"A","8564":"A","8565":"C","8566":"g","8567":"D","8568":";","8569":"I","8570":"A","8571":"C","8572":"l","8573":"C","8574":";","8575":"I","8576":"A","8577":"E","8578":"O","8579":"/","8580":"C","8581":",","8582":"e","8583":"A","8584":"A","8585":"e","8586":"+","8587":"C","8588":",","8589":"c","8590":"A","8591":"A","8592":"y","8593":"B","8594":",","8595":"E","8596":"A","8597":"A","8598":"W","8599":";","8600":"Q","8601":"A","8602":"C","8603":"x","8604":"D","8605":",","8606":"O","8607":"A","8608":"A","8609":"O","8610":",","8611":"y","8612":"B","8613":"A","8614":"A","8615":"A","8616":",","8617":"I","8618":"A","8619":"A","8620":"I","8621":",","8622":"E","8623":"A","8624":"A","8625":"E","8626":"3","8627":"B","8628":",","8629":"O","8630":"A","8631":"A","8632":"K","8633":"p","8634":"B","8635":",","8636":"c","8637":"A","8638":"A","8639":"c","8640":",","8641":"C","8642":"A","8643":"A","8644":"C","8645":"+","8646":"C","8647":";","8648":"I","8649":"A","8650":"C","8651":"n","8652":"C","8653":";","8654":"I","8655":"A","8656":"E","8657":"O","8658":"7","8659":"C","8660":",","8661":"U","8662":"A","8663":"C","8664":"L","8665":"g","8666":"D","8667":",","8668":"S","8669":"A","8670":"A","8671":"o","8672":"B","8673":",","8674":"E","8675":"A","8676":"C","8677":"p","8678":"B","8679":"C","8680":",","8681":"O","8682":"A","8683":"A","8684":"k","8685":"B","8686":",","8687":"E","8688":"A","8689":"C","8690":"l","8691":"B","8692":"j","8693":"B","8694":",","8695":"I","8696":"A","8697":"A","8698":"q","8699":"B","8700":",","8701":"E","8702":"A","8703":"C","8704":"r","8705":"B","8706":"k","8707":"B","8708":",","8709":"W","8710":"A","8711":"A","8712":"y","8713":"B","8714":",","8715":"E","8716":"A","8717":"C","8718":"h","8719":"B","8720":";","8721":"Q","8722":"A","8723":"C","8724":"T","8725":",","8726":"O","8727":"A","8728":"A","8729":"O","8730":",","8731":"y","8732":"B","8733":"A","8734":"A","8735":"A","8736":",","8737":"I","8738":"A","8739":"A","8740":"I","8741":",","8742":"E","8743":"A","8744":"A","8745":"E","8746":"h","8747":"C","8748":",","8749":"O","8750":"A","8751":"A","8752":"K","8753":"l","8754":"B","8755":",","8756":"S","8757":"A","8758":"A","8759":"S","8760":",","8761":"C","8762":"A","8763":"A","8764":"C","8765":"g","8766":"D","8767":",","8768":"W","8769":"A","8770":"A","8771":"W","8772":"C","8773":",","8774":"S","8775":"A","8776":"A","8777":"S","8778":"j","8779":"B","8780":",","8781":"M","8782":"A","8783":"A","8784":"M","8785":"k","8786":"B","8787":";","8788":"I","8789":"A","8790":"C","8791":"x","8792":"D","8793":";","8794":"I","8795":"A","8796":"E","8797":"O","8798":"C","8799":",","8800":"K","8801":"A","8802":"C","8803":"L","8804":"N","8805":",","8806":"c","8807":"A","8808":"A","8809":"o","8810":"B","8811":",","8812":"E","8813":"A","8814":"C","8815":"p","8816":"B","8817":"b","8818":",","8819":"I","8820":"A","8821":"A","8822":"e","8823":",","8824":"E","8825":"A","8826":"C","8827":"f","8828":"o","8829":"B","8830":",","8831":"c","8832":"A","8833":"A","8834":"c","8835":",","8836":"K","8837":"A","8838":"A","8839":"K","8840":",","8841":"E","8842":"A","8843":"C","8844":"X","8845":";","8846":"Q","8847":"A","8848":"C","8849":"R","8850":",","8851":"O","8852":"A","8853":"A","8854":"O","8855":",","8856":"y","8857":"B","8858":"A","8859":"A","8860":"A","8861":",","8862":"I","8863":"A","8864":"A","8865":"I","8866":",","8867":"E","8868":"A","8869":"A","8870":"E","8871":"l","8872":"C","8873":",","8874":"O","8875":"A","8876":"A","8877":"K","8878":"i","8879":"C","8880":",","8881":"I","8882":"A","8883":"A","8884":"I","8885":",","8886":"C","8887":"A","8888":"A","8889":"C","8890":"N","8891":",","8892":"e","8893":"A","8894":"A","8895":"e","8896":"l","8897":"D","8898":",","8899":"K","8900":"A","8901":"A","8902":"K","8903":",","8904":"E","8905":"A","8906":"A","8907":"E","8908":"q","8909":"C","8910":",","8911":"M","8912":"A","8913":"A","8914":"M","8915":"o","8916":"B","8917":";","8918":"I","8919":"A","8920":"C","8921":"r","8922":"D","8923":";","8924":"I","8925":"A","8926":"E","8927":"O","8928":"C","8929":",","8930":"Q","8931":"A","8932":"A","8933":"Q","8934":"n","8935":"C","8936":",","8937":"I","8938":"A","8939":"A","8940":"c","8941":",","8942":"E","8943":"A","8944":"A","8945":"U","8946":";","8947":"Q","8948":"A","8949":"C","8950":"r","8951":"C","8952":",","8953":"O","8954":"A","8955":"A","8956":"O","8957":",","8958":"y","8959":"B","8960":"A","8961":"A","8962":"A","8963":",","8964":"I","8965":"A","8966":"A","8967":"I","8968":",","8969":"E","8970":"A","8971":"A","8972":"E","8973":"A","8974":",","8975":"O","8976":"A","8977":"A","8978":"K","8979":"o","8980":"C","8981":",","8982":"I","8983":"A","8984":"A","8985":"I","8986":",","8987":"C","8988":"A","8989":"A","8990":"C","8991":"p","8992":"C","8993":";","8994":"I","8995":"A","8996":"C","8997":"z","8998":"B","8999":";","9000":"I","9001":"A","9002":"E","9003":"A","9004":",","9005":"I","9006":"A","9007":"A","9008":"W","9009":"q","9010":"C","9011":",","9012":"U","9013":"A","9014":"A","9015":"k","9016":"B","9017":";","9018":"Q","9019":"A","9020":"C","9021":"3","9022":"B","9023":",","9024":"O","9025":"A","9026":"A","9027":"O","9028":",","9029":"y","9030":"B","9031":"A","9032":"A","9033":"A","9034":",","9035":"I","9036":"A","9037":"A","9038":"I","9039":",","9040":"E","9041":"A","9042":"A","9043":"E","9044":"r","9045":"C","9046":",","9047":"O","9048":"A","9049":"A","9050":"K","9051":"q","9052":"C","9053":",","9054":"O","9055":"A","9056":"A","9057":"O","9058":";","9059":"I","9060":"A","9061":"C","9062":"3","9063":"B","9064":";","9065":"I","9066":"A","9067":"E","9068":"O","9069":"C","9070":",","9071":"M","9072":"A","9073":"A","9074":"M","9075":"t","9076":"C","9077":",","9078":"I","9079":"A","9080":"A","9081":"c","9082":",","9083":"E","9084":"A","9085":"A","9086":"U","9087":";","9088":"Q","9089":"A","9090":"C","9091":"n","9092":"C","9093":",","9094":"O","9095":"A","9096":"A","9097":"O","9098":",","9099":"y","9100":"B","9101":"A","9102":"A","9103":"A","9104":",","9105":"I","9106":"A","9107":"A","9108":"I","9109":",","9110":"E","9111":"A","9112":"A","9113":"E","9114":"A","9115":",","9116":"O","9117":"A","9118":"A","9119":"K","9120":"u","9121":"C","9122":",","9123":"E","9124":"A","9125":"A","9126":"E","9127":",","9128":"C","9129":"A","9130":"A","9131":"C","9132":"v","9133":"C","9134":";","9135":"I","9136":"A","9137":"C","9138":"v","9139":"B","9140":";","9141":"I","9142":"A","9143":"E","9144":"A","9145":",","9146":"I","9147":"A","9148":"A","9149":"W","9150":"w","9151":"C","9152":",","9153":"Q","9154":"A","9155":"A","9156":"g","9157":"B","9158":";","9159":"Q","9160":"A","9161":"C","9162":"z","9163":"B","9164":",","9165":"O","9166":"A","9167":"A","9168":"O","9169":",","9170":"y","9171":"B","9172":"A","9173":"A","9174":"A","9175":",","9176":"I","9177":"A","9178":"A","9179":"I","9180":",","9181":"E","9182":"A","9183":"A","9184":"E","9185":"x","9186":"C","9187":",","9188":"O","9189":"A","9190":"A","9191":"K","9192":"w","9193":"C","9194":",","9195":"K","9196":"A","9197":"A","9198":"K","9199":";","9200":"I","9201":"A","9202":"C","9203":"z","9204":"B","9205":";","9206":"I","9207":"A","9208":"t","9209":"K","9210":"A","9211":"C","9212":",","9213":"Y","9214":"A","9215":"A","9216":"Y","9217":"z","9218":"C","9219":",","9220":"I","9221":"A","9222":"A","9223":"e","9224":",","9225":"E","9226":"A","9227":"A","9228":"E","9229":"C","9230":",","9231":"M","9232":"A","9233":"A","9234":"m","9235":"B","9236":",","9237":"C","9238":"A","9239":"A","9240":"E","9241":";","9242":"Q","9243":"A","9244":"F","9245":"l","9246":"D","9247":",","9248":"g","9249":"C","9250":"A","9251":"A","9252":"A","9253":";","9254":";","9255":"m","9256":"B","9257":"A","9258":"A","9259":"A","9260":",","9261":"K","9262":"A","9263":"A","9264":"A","9265":";","9266":";","9267":"u","9268":"C","9269":"A","9270":"G","9271":"Q","9272":"D","9273":",","9274":"O","9275":"A","9276":"A","9277":"O","9278":",","9279":"I","9280":"A","9281":"A","9282":"I","9283":",","9284":"C","9285":"A","9286":"A","9287":"C","9288":"D","9289":",","9290":"M","9291":"A","9292":"A","9293":"M","9294":",","9295":"C","9296":"A","9297":"A","9298":"C","9299":"C","9300":",","9301":"M","9302":"A","9303":"A","9304":"M","9305":"C","9306":";","9307":"I","9308":"A","9309":"C","9310":"j","9311":"C","9312":";","9313":"A","9314":"A","9315":"q","9316":"K","9317":"F","9318":";","9319":"A","9320":"A","9321":"E","9322":"O","9323":",","9324":"M","9325":"A","9326":"A","9327":"M","9328":"z","9329":"B","9330":",","9331":"O","9332":"A","9333":"A","9334":"O","9335":",","9336":"C","9337":"A","9338":"A","9339":"C","9340":"w","9341":"B","9342":",","9343":"M","9344":"A","9345":"A","9346":"i","9347":"B","9348":"C","9349":",","9350":"S","9351":"A","9352":"C","9353":"p","9354":"C","9355":",","9356":"I","9357":"A","9358":"A","9359":"I","9360":"1","9361":"B","9362":",","9363":"K","9364":"A","9365":"A","9366":"K","9367":"y","9368":"B","9369":",","9370":"M","9371":"A","9372":"A","9373":"M","9374":"C","9375":"\"","9376":"}"},"_coverageSchema":"1a1c01bbd47fc00a2c39e90264f33305004495a9","hash":"022f818792f210bab4a842a277be3772b7dbdbf0"}
}
