TN:
SF:packages/fetcher/src/abort-manager.ts
FN:7,(anonymous_0)
FN:11,_check_private_redeclaration
FN:16,_class_apply_descriptor_get
FN:22,_class_apply_descriptor_set
FN:32,_class_extract_field_descriptor
FN:38,_class_private_field_get
FN:42,_class_private_field_init
FN:46,_class_private_field_set
FN:53,(anonymous_8)
FN:56,(anonymous_9)
FN:61,(anonymous_10)
FN:65,(anonymous_11)
FN:68,(anonymous_12)
FN:71,(anonymous_13)
FN:78,(anonymous_14)
FNF:15
FNH:15
FNDA:13,(anonymous_0)
FNDA:12,_check_private_redeclaration
FNDA:16,_class_apply_descriptor_get
FNDA:12,_class_apply_descriptor_set
FNDA:28,_class_extract_field_descriptor
FNDA:16,_class_private_field_get
FNDA:12,_class_private_field_init
FNDA:12,_class_private_field_set
FNDA:3,(anonymous_8)
FNDA:6,(anonymous_9)
FNDA:2,(anonymous_10)
FNDA:4,(anonymous_11)
FNDA:3,(anonymous_12)
FNDA:2,(anonymous_13)
FNDA:12,(anonymous_14)
DA:2,1
DA:5,1
DA:8,13
DA:12,12
DA:13,0
DA:17,16
DA:18,0
DA:20,16
DA:23,12
DA:24,0
DA:26,12
DA:27,0
DA:29,12
DA:33,28
DA:34,0
DA:36,28
DA:39,16
DA:40,16
DA:43,12
DA:44,12
DA:47,12
DA:48,12
DA:49,12
DA:51,1
DA:52,1
DA:54,3
DA:57,6
DA:58,6
DA:59,6
DA:62,2
DA:63,1
DA:66,4
DA:69,3
DA:72,2
DA:73,2
DA:74,1
DA:75,1
DA:76,1
DA:79,12
DA:83,12
LF:40
LH:35
BRDA:12,0,0,0
BRDA:12,0,1,12
BRDA:17,1,0,0
BRDA:17,1,1,16
BRDA:23,2,0,0
BRDA:23,2,1,12
BRDA:26,3,0,0
BRDA:26,3,1,12
BRDA:33,4,0,0
BRDA:33,4,1,28
BRDA:62,5,0,1
BRDA:62,5,1,1
BRDA:69,6,0,3
BRDA:69,6,1,0
BRDA:69,7,0,3
BRDA:69,7,1,3
BRDA:72,8,0,2
BRDA:72,8,1,0
BRDA:72,9,0,2
BRDA:72,9,1,2
BRDA:73,10,0,1
BRDA:73,10,1,1
BRDA:73,11,0,2
BRDA:73,11,1,2
BRF:24
BRH:17
end_of_record
TN:
SF:packages/fetcher/src/interceptor-manager.ts
FN:7,(anonymous_0)
FN:11,asyncGeneratorStep
FN:25,_async_to_generator
FN:26,(anonymous_3)
FN:28,(anonymous_4)
FN:30,_next
FN:33,_throw
FN:40,_check_private_redeclaration
FN:45,_class_apply_descriptor_get
FN:51,_class_apply_descriptor_set
FN:61,_class_extract_field_descriptor
FN:67,_class_private_field_get
FN:71,_class_private_field_init
FN:75,_class_private_field_set
FN:80,_class_private_method_get
FN:86,_class_private_method_init
FN:92,(anonymous_16)
FN:95,(anonymous_17)
FN:98,(anonymous_18)
FN:103,(anonymous_19)
FN:106,(anonymous_20)
FN:108,(anonymous_21)
FN:118,(anonymous_22)
FN:120,(anonymous_23)
FN:124,(anonymous_24)
FN:126,(anonymous_25)
FN:130,(anonymous_26)
FN:141,runResponseInterceptors
FN:144,_runResponseInterceptors1
FN:145,(anonymous_29)
FNF:30
FNH:26
FNDA:7,(anonymous_0)
FNDA:11,asyncGeneratorStep
FNDA:5,_async_to_generator
FNDA:6,(anonymous_3)
FNDA:6,(anonymous_4)
FNDA:11,_next
FNDA:0,_throw
FNDA:14,_check_private_redeclaration
FNDA:19,_class_apply_descriptor_get
FNDA:0,_class_apply_descriptor_set
FNDA:19,_class_extract_field_descriptor
FNDA:19,_class_private_field_get
FNDA:7,_class_private_field_init
FNDA:0,_class_private_field_set
FNDA:2,_class_private_method_get
FNDA:7,_class_private_method_init
FNDA:4,(anonymous_16)
FNDA:8,(anonymous_17)
FNDA:2,(anonymous_18)
FNDA:0,(anonymous_19)
FNDA:2,(anonymous_20)
FNDA:2,(anonymous_21)
FNDA:1,(anonymous_22)
FNDA:1,(anonymous_23)
FNDA:1,(anonymous_24)
FNDA:1,(anonymous_25)
FNDA:7,(anonymous_26)
FNDA:2,runResponseInterceptors
FNDA:1,_runResponseInterceptors1
FNDA:2,(anonymous_29)
DA:2,1
DA:5,1
DA:8,7
DA:12,11
DA:13,11
DA:14,11
DA:16,0
DA:17,0
DA:19,11
DA:20,6
DA:22,5
DA:26,5
DA:27,6
DA:28,6
DA:29,6
DA:31,11
DA:34,0
DA:36,6
DA:41,14
DA:42,0
DA:46,19
DA:47,0
DA:49,19
DA:52,0
DA:53,0
DA:55,0
DA:56,0
DA:58,0
DA:62,19
DA:63,0
DA:65,19
DA:68,19
DA:69,19
DA:72,7
DA:73,7
DA:76,0
DA:77,0
DA:78,0
DA:81,2
DA:82,0
DA:84,2
DA:87,7
DA:88,7
DA:90,1
DA:91,1
DA:93,4
DA:96,8
DA:99,2
DA:100,2
DA:101,1
DA:104,0
DA:107,2
DA:108,2
DA:109,2
DA:110,2
DA:111,3
DA:112,3
DA:115,2
DA:119,1
DA:120,1
DA:121,1
DA:125,1
DA:126,1
DA:127,1
DA:131,7
DA:132,7
DA:136,7
DA:137,0
DA:142,2
DA:145,1
DA:146,2
DA:147,2
DA:148,2
DA:149,2
DA:151,2
DA:153,1
LF:76
LH:59
BRDA:19,0,0,6
BRDA:19,0,1,5
BRDA:41,1,0,0
BRDA:41,1,1,14
BRDA:46,2,0,0
BRDA:46,2,1,19
BRDA:52,3,0,0
BRDA:52,3,1,0
BRDA:55,4,0,0
BRDA:55,4,1,0
BRDA:62,5,0,0
BRDA:62,5,1,19
BRDA:81,6,0,0
BRDA:81,6,1,2
BRDA:100,7,0,1
BRDA:100,7,1,1
BRDA:111,8,0,3
BRDA:111,8,1,0
BRDA:136,9,0,0
BRDA:136,9,1,7
BRDA:149,10,0,2
BRDA:149,10,1,0
BRF:22
BRH:11
end_of_record
TN:
SF:packages/fetcher/src/helpers/is-object.ts
FN:7,(anonymous_0)
FN:11,(anonymous_1)
FN:14,(anonymous_2)
FN:20,(anonymous_3)
FNF:4
FNH:4
FNDA:9,(anonymous_0)
FNDA:9,(anonymous_1)
FNDA:7,(anonymous_2)
FNDA:9,(anonymous_3)
DA:2,1
DA:5,1
DA:8,9
DA:11,1
DA:12,9
DA:14,1
DA:15,7
DA:16,0
DA:18,7
DA:20,1
DA:21,9
DA:22,2
DA:23,2
DA:24,2
DA:25,3
DA:27,2
LF:16
LH:15
BRDA:12,0,0,9
BRDA:12,0,1,8
BRDA:15,1,0,0
BRDA:15,1,1,7
BRDA:16,2,0,0
BRDA:16,2,1,0
BRDA:21,3,0,7
BRDA:21,3,1,2
BRDA:21,4,0,9
BRDA:21,4,1,7
BRDA:22,5,0,0
BRDA:22,5,1,2
BRF:12
BRH:8
end_of_record
TN:
SF:packages/jac/src/middlewares/set-json-api-headers.ts
FN:7,(anonymous_0)
FN:12,_interop_require_default
FN:20,(anonymous_2)
FNF:3
FNH:3
FNDA:1,(anonymous_0)
FNDA:1,_interop_require_default
FNDA:1,(anonymous_2)
DA:2,1
DA:5,1
DA:8,1
DA:11,1
DA:13,1
DA:17,1
DA:18,1
DA:19,1
DA:20,1
DA:21,1
DA:22,1
DA:23,1
DA:24,1
LF:13
LH:13
BRDA:13,0,0,0
BRDA:13,0,1,1
BRDA:13,1,0,1
BRDA:13,1,1,1
BRF:4
BRH:3
end_of_record
TN:
SF:packages/jac/src/utils/json-api-body-builder.ts
FN:7,(anonymous_0)
FN:11,_check_private_redeclaration
FN:16,_class_apply_descriptor_get
FN:22,_class_apply_descriptor_set
FN:32,_class_extract_field_descriptor
FN:38,_class_private_field_get
FN:42,_class_private_field_init
FN:46,_class_private_field_set
FN:51,_define_property
FN:64,_object_spread
FN:69,(anonymous_10)
FN:73,(anonymous_11)
FN:81,(anonymous_12)
FN:85,(anonymous_13)
FN:86,(anonymous_14)
FN:89,(anonymous_15)
FN:93,(anonymous_16)
FN:97,(anonymous_17)
FN:101,(anonymous_18)
FN:105,(anonymous_19)
FN:108,(anonymous_20)
FNF:21
FNH:20
FNDA:7,(anonymous_0)
FNDA:7,_check_private_redeclaration
FNDA:16,_class_apply_descriptor_get
FNDA:7,_class_apply_descriptor_set
FNDA:23,_class_extract_field_descriptor
FNDA:16,_class_private_field_get
FNDA:7,_class_private_field_init
FNDA:7,_class_private_field_set
FNDA:8,_define_property
FNDA:7,_object_spread
FNDA:0,(anonymous_10)
FNDA:8,(anonymous_11)
FNDA:1,(anonymous_12)
FNDA:1,(anonymous_13)
FNDA:1,(anonymous_14)
FNDA:2,(anonymous_15)
FNDA:2,(anonymous_16)
FNDA:2,(anonymous_17)
FNDA:1,(anonymous_18)
FNDA:7,(anonymous_19)
FNDA:7,(anonymous_20)
DA:2,1
DA:5,1
DA:8,7
DA:12,7
DA:13,0
DA:17,16
DA:18,0
DA:20,16
DA:23,7
DA:24,0
DA:26,7
DA:27,0
DA:29,7
DA:33,23
DA:34,0
DA:36,23
DA:39,16
DA:40,16
DA:43,7
DA:44,7
DA:47,7
DA:48,7
DA:49,7
DA:52,8
DA:53,0
DA:60,8
DA:62,8
DA:65,7
DA:66,7
DA:67,7
DA:68,7
DA:69,7
DA:70,0
DA:73,7
DA:74,8
DA:77,7
DA:79,1
DA:80,1
DA:82,1
DA:83,1
DA:86,1
DA:87,1
DA:90,2
DA:91,2
DA:94,2
DA:95,2
DA:98,2
DA:99,2
DA:102,1
DA:103,1
DA:106,7
DA:109,7
DA:113,7
LF:53
LH:46
BRDA:12,0,0,0
BRDA:12,0,1,7
BRDA:17,1,0,0
BRDA:17,1,1,16
BRDA:23,2,0,0
BRDA:23,2,1,7
BRDA:26,3,0,0
BRDA:26,3,1,7
BRDA:33,4,0,0
BRDA:33,4,1,23
BRDA:52,5,0,0
BRDA:52,5,1,8
BRDA:66,6,0,7
BRDA:66,6,1,0
BRDA:68,7,0,7
BRDA:68,7,1,0
BRF:16
BRH:8
end_of_record
TN:
SF:packages/tools/src/duration.ts
FN:5,_export
FN:12,(anonymous_1)
FN:15,(anonymous_2)
FN:21,_check_private_redeclaration
FN:26,_class_apply_descriptor_get
FN:32,_class_apply_descriptor_set
FN:42,_class_extract_field_descriptor
FN:48,_class_private_field_get
FN:52,_class_private_field_init
FN:56,_class_private_field_set
FN:61,_interop_require_default
FN:69,(anonymous_11)
FN:74,(anonymous_12)
FN:77,(anonymous_13)
FN:80,(anonymous_14)
FN:83,(anonymous_15)
FN:86,(anonymous_16)
FN:89,(anonymous_17)
FN:92,(anonymous_18)
FN:95,(anonymous_19)
FN:98,(anonymous_20)
FN:101,(anonymous_21)
FN:104,(anonymous_22)
FN:107,(anonymous_23)
FN:110,(anonymous_24)
FN:113,(anonymous_25)
FN:116,(anonymous_26)
FN:119,(anonymous_27)
FN:122,(anonymous_28)
FN:125,(anonymous_29)
FN:128,(anonymous_30)
FN:131,(anonymous_31)
FN:139,duration
FNF:33
FNH:26
FNDA:1,_export
FNDA:14,(anonymous_1)
FNDA:0,(anonymous_2)
FNDA:14,_check_private_redeclaration
FNDA:14,_class_apply_descriptor_get
FNDA:14,_class_apply_descriptor_set
FNDA:28,_class_extract_field_descriptor
FNDA:14,_class_private_field_get
FNDA:14,_class_private_field_init
FNDA:14,_class_private_field_set
FNDA:2,_interop_require_default
FNDA:14,(anonymous_11)
FNDA:0,(anonymous_12)
FNDA:1,(anonymous_13)
FNDA:1,(anonymous_14)
FNDA:1,(anonymous_15)
FNDA:1,(anonymous_16)
FNDA:1,(anonymous_17)
FNDA:1,(anonymous_18)
FNDA:1,(anonymous_19)
FNDA:1,(anonymous_20)
FNDA:1,(anonymous_21)
FNDA:1,(anonymous_22)
FNDA:1,(anonymous_23)
FNDA:1,(anonymous_24)
FNDA:1,(anonymous_25)
FNDA:1,(anonymous_26)
FNDA:0,(anonymous_27)
FNDA:0,(anonymous_28)
FNDA:0,(anonymous_29)
FNDA:0,(anonymous_30)
FNDA:14,(anonymous_31)
FNDA:0,duration
DA:2,1
DA:6,2
DA:11,1
DA:13,14
DA:16,0
DA:19,1
DA:20,1
DA:22,14
DA:23,0
DA:27,14
DA:28,0
DA:30,14
DA:33,14
DA:34,0
DA:36,14
DA:37,0
DA:39,14
DA:43,28
DA:44,0
DA:46,28
DA:49,14
DA:50,14
DA:53,14
DA:54,14
DA:57,14
DA:58,14
DA:59,14
DA:62,2
DA:66,1
DA:67,1
DA:68,1
DA:70,14
DA:71,14
DA:72,14
DA:75,0
DA:78,1
DA:81,1
DA:84,1
DA:87,1
DA:90,1
DA:93,1
DA:96,1
DA:99,1
DA:102,1
DA:105,1
DA:108,1
DA:111,1
DA:114,1
DA:117,1
DA:120,0
DA:123,0
DA:126,0
DA:129,0
DA:132,14
DA:136,14
DA:140,0
LF:56
LH:44
BRDA:22,0,0,0
BRDA:22,0,1,14
BRDA:27,1,0,0
BRDA:27,1,1,14
BRDA:33,2,0,0
BRDA:33,2,1,14
BRDA:36,3,0,0
BRDA:36,3,1,14
BRDA:43,4,0,0
BRDA:43,4,1,28
BRDA:62,5,0,0
BRDA:62,5,1,2
BRDA:62,6,0,2
BRDA:62,6,1,2
BRDA:70,7,0,0
BRDA:70,7,1,14
BRDA:71,8,0,0
BRDA:71,8,1,14
BRF:18
BRH:10
end_of_record
TN:
SF:packages/tools/src/event-emitter.ts
FN:7,(anonymous_0)
FN:11,_check_private_redeclaration
FN:16,_class_apply_descriptor_get
FN:22,_class_apply_descriptor_set
FN:32,_class_extract_field_descriptor
FN:38,_class_private_field_get
FN:42,_class_private_field_init
FN:46,_class_private_field_set
FN:53,(anonymous_8)
FN:56,(anonymous_9)
FN:60,(anonymous_10)
FN:61,(anonymous_11)
FN:67,(anonymous_12)
FN:69,(anonymous_13)
FN:71,(anonymous_14)
FN:73,(anonymous_15)
FN:77,(anonymous_16)
FN:80,(anonymous_17)
FNF:18
FNH:15
FNDA:4,(anonymous_0)
FNDA:4,_check_private_redeclaration
FNDA:20,_class_apply_descriptor_get
FNDA:0,_class_apply_descriptor_set
FNDA:20,_class_extract_field_descriptor
FNDA:20,_class_private_field_get
FNDA:4,_class_private_field_init
FNDA:0,_class_private_field_set
FNDA:2,(anonymous_8)
FNDA:5,(anonymous_9)
FNDA:1,(anonymous_10)
FNDA:1,(anonymous_11)
FNDA:2,(anonymous_12)
FNDA:2,(anonymous_13)
FNDA:4,(anonymous_14)
FNDA:5,(anonymous_15)
FNDA:0,(anonymous_16)
FNDA:4,(anonymous_17)
DA:2,1
DA:5,1
DA:8,4
DA:12,4
DA:13,0
DA:17,20
DA:18,0
DA:20,20
DA:23,0
DA:24,0
DA:26,0
DA:27,0
DA:29,0
DA:33,20
DA:34,0
DA:36,20
DA:39,20
DA:40,20
DA:43,4
DA:44,4
DA:47,0
DA:48,0
DA:49,0
DA:51,1
DA:52,1
DA:54,2
DA:58,5
DA:61,1
DA:62,1
DA:63,1
DA:65,1
DA:69,2
DA:73,4
DA:74,5
DA:78,0
DA:81,4
LF:36
LH:24
BRDA:12,0,0,0
BRDA:12,0,1,4
BRDA:17,1,0,0
BRDA:17,1,1,20
BRDA:23,2,0,0
BRDA:23,2,1,0
BRDA:26,3,0,0
BRDA:26,3,1,0
BRDA:33,4,0,0
BRDA:33,4,1,20
BRDA:58,5,0,0
BRDA:58,5,1,5
BRDA:58,6,0,5
BRDA:58,6,1,5
BRDA:58,7,0,5
BRDA:58,7,1,4
BRDA:69,8,0,0
BRDA:69,8,1,2
BRDA:69,9,0,2
BRDA:69,9,1,2
BRDA:69,10,0,2
BRDA:69,10,1,0
BRDA:73,11,0,0
BRDA:73,11,1,4
BRDA:73,12,0,4
BRDA:73,12,1,4
BRDA:73,13,0,4
BRDA:73,13,1,0
BRF:28
BRH:16
end_of_record
TN:
SF:packages/tools/src/time.ts
FN:5,_export
FN:12,(anonymous_1)
FN:15,(anonymous_2)
FN:30,_check_private_redeclaration
FN:35,_class_apply_descriptor_get
FN:41,_class_apply_descriptor_set
FN:51,_class_extract_field_descriptor
FN:57,_class_private_field_get
FN:61,_class_private_field_init
FN:65,_class_private_field_set
FN:70,_interop_require_default
FN:87,(anonymous_11)
FN:90,(anonymous_12)
FN:93,(anonymous_13)
FN:96,(anonymous_14)
FN:99,(anonymous_15)
FN:102,(anonymous_16)
FN:105,(anonymous_17)
FN:109,(anonymous_18)
FN:113,(anonymous_19)
FN:116,(anonymous_20)
FN:119,(anonymous_21)
FN:122,(anonymous_22)
FN:125,(anonymous_23)
FN:128,(anonymous_24)
FN:131,(anonymous_25)
FN:134,(anonymous_26)
FN:135,(anonymous_27)
FN:140,(anonymous_28)
FN:144,(anonymous_29)
FN:147,(anonymous_30)
FN:150,(anonymous_31)
FN:153,(anonymous_32)
FN:157,(anonymous_33)
FN:161,(anonymous_34)
FN:164,(anonymous_35)
FN:167,(anonymous_36)
FN:170,(anonymous_37)
FN:173,(anonymous_38)
FN:176,(anonymous_39)
FN:179,(anonymous_40)
FN:182,(anonymous_41)
FN:185,(anonymous_42)
FN:188,(anonymous_43)
FN:191,(anonymous_44)
FN:194,(anonymous_45)
FN:202,(anonymous_46)
FNF:47
FNH:30
FNDA:1,_export
FNDA:44,(anonymous_1)
FNDA:0,(anonymous_2)
FNDA:45,_check_private_redeclaration
FNDA:59,_class_apply_descriptor_get
FNDA:58,_class_apply_descriptor_set
FNDA:117,_class_extract_field_descriptor
FNDA:59,_class_private_field_get
FNDA:45,_class_private_field_init
FNDA:58,_class_private_field_set
FNDA:11,_interop_require_default
FNDA:0,(anonymous_11)
FNDA:0,(anonymous_12)
FNDA:0,(anonymous_13)
FNDA:45,(anonymous_14)
FNDA:0,(anonymous_15)
FNDA:2,(anonymous_16)
FNDA:0,(anonymous_17)
FNDA:10,(anonymous_18)
FNDA:2,(anonymous_19)
FNDA:1,(anonymous_20)
FNDA:1,(anonymous_21)
FNDA:1,(anonymous_22)
FNDA:1,(anonymous_23)
FNDA:1,(anonymous_24)
FNDA:0,(anonymous_25)
FNDA:0,(anonymous_26)
FNDA:0,(anonymous_27)
FNDA:2,(anonymous_28)
FNDA:0,(anonymous_29)
FNDA:21,(anonymous_30)
FNDA:0,(anonymous_31)
FNDA:1,(anonymous_32)
FNDA:0,(anonymous_33)
FNDA:2,(anonymous_34)
FNDA:2,(anonymous_35)
FNDA:2,(anonymous_36)
FNDA:3,(anonymous_37)
FNDA:3,(anonymous_38)
FNDA:2,(anonymous_39)
FNDA:2,(anonymous_40)
FNDA:0,(anonymous_41)
FNDA:0,(anonymous_42)
FNDA:0,(anonymous_43)
FNDA:0,(anonymous_44)
FNDA:45,(anonymous_45)
FNDA:0,(anonymous_46)
DA:2,1
DA:6,2
DA:11,1
DA:13,44
DA:16,0
DA:19,1
DA:20,1
DA:21,1
DA:22,1
DA:23,1
DA:24,1
DA:25,1
DA:26,1
DA:27,1
DA:28,1
DA:29,1
DA:31,45
DA:32,0
DA:36,59
DA:37,0
DA:39,59
DA:42,58
DA:43,0
DA:45,58
DA:46,0
DA:48,58
DA:52,117
DA:53,0
DA:55,117
DA:58,59
DA:59,59
DA:62,45
DA:63,45
DA:66,58
DA:67,58
DA:68,58
DA:71,11
DA:75,1
DA:76,1
DA:77,1
DA:78,1
DA:79,1
DA:80,1
DA:81,1
DA:82,1
DA:83,1
DA:84,1
DA:85,1
DA:86,1
DA:88,0
DA:91,0
DA:94,0
DA:97,45
DA:100,0
DA:103,2
DA:106,0
DA:107,0
DA:110,10
DA:111,10
DA:114,2
DA:117,1
DA:120,1
DA:123,1
DA:126,1
DA:129,1
DA:132,0
DA:135,0
DA:136,0
DA:137,0
DA:141,2
DA:142,2
DA:145,0
DA:148,21
DA:151,0
DA:154,1
DA:155,1
DA:158,0
DA:159,0
DA:162,2
DA:165,2
DA:168,2
DA:171,3
DA:174,3
DA:177,2
DA:180,2
DA:183,0
DA:186,0
DA:189,0
DA:192,0
DA:195,45
DA:199,45
DA:202,1
LF:92
LH:68
BRDA:31,0,0,0
BRDA:31,0,1,45
BRDA:36,1,0,0
BRDA:36,1,1,59
BRDA:42,2,0,0
BRDA:42,2,1,58
BRDA:45,3,0,0
BRDA:45,3,1,58
BRDA:52,4,0,0
BRDA:52,4,1,117
BRDA:71,5,0,0
BRDA:71,5,1,11
BRDA:71,6,0,11
BRDA:71,6,1,11
BRDA:179,7,0,2
BRF:15
BRH:9
end_of_record
